[INFO ] 2020-03-01T19:41:43,022Z [main] manifests.Manifests. - 123 attributes loaded from 172 stream(s) in 350ms, 123 saved, 2593 ignored: ["ActiveMQ-Version", "Agent-Class", "Ant-Version", "Application-Class", "Application-ID", "Application-Library-Allowable-Codebase", "Application-Name", "Application-Version", "Archiver-Version", "Automatic-Module-Name", "Bnd-LastModified", "Branch", "Build-Date", "Build-Host", "Build-Id", "Build-Java-Version", "Build-Jdk", "Build-Job", "Build-Number", "Build-Time", "Build-Timestamp", "Build-Version", "Built-By", "Built-OS", "Built-Status", "Bundle-Activator", "Bundle-Category", "Bundle-ClassPath", "Bundle-Copyright", "Bundle-Description", "Bundle-DocURL", "Bundle-License", "Bundle-ManifestVersion", "Bundle-Name", "Bundle-NativeCode", "Bundle-RequiredExecutionEnvironment", "Bundle-SymbolicName", "Bundle-Vendor", "Bundle-Version", "CLDR-Version", "Caller-Allowable-Codebase", "Can-Redefine-Classes", "Can-Retransform-Classes", "Can-Set-Native-Method-Prefix", "Caplets", "Change", "Class-Path", "Codebase", "Corda-Platform-Version", "Corda-Release-Version", "Corda-Revision", "Corda-Vendor", "Created-By", "DynamicImport-Package", "Eclipse-BuddyPolicy", "Eclipse-LazyStart", "Export-Package", "Extension-Name", "Fragment-Host", "Git-Revision", "Git-Url", "Gradle-Version", "Hibernate-JpaVersion", "Hibernate-VersionFamily", "Implementation-Build", "Implementation-Build-Date", "Implementation-Build-Id", "Implementation-Title", "Implementation-URL", "Implementation-Url", "Implementation-Vendor", "Implementation-Vendor-Id", "Implementation-Version", "Import-Package", "Include-Resource", "JCabi-Build", "JCabi-Date", "JCabi-Version", "JVM-Args", "Java-Agents", "Java-Vendor", "Java-Version", "Kotlin-Runtime-Component", "Kotlin-Version", "Liquibase-Package", "Log4jReleaseKey", "Log4jReleaseManager", "Log4jReleaseVersion", "Main-Class", "Main-class", "Major-Version", "Manifest-Version", "Min-Java-Version", "Min-Update-Version", "Module-Email", "Module-Origin", "Module-Owner", "Module-Source", "Multi-Release", "Originally-Created-By", "Os-Arch", "Os-Name", "Os-Version", "Permissions", "Premain-Class", "Private-Package", "Provide-Capability", "Require-Capability", "SCM-Revision", "SCM-url", "Scm-Connection", "Scm-Revision", "Scm-Url", "Service-Component", "Specification-Title", "Specification-Vendor", "Specification-Version", "System-Properties", "Tool", "Trusted-Library", "URL", "X-Compile-Source-JDK", "X-Compile-Target-JDK"]
[INFO ] 2020-03-01T19:41:43,181Z [main] BasicInfo. - Logs can be found in                    : /home/matheus/git/cordapp-teamplate-kotlin/build/nodes/PartyB/logs
[INFO ] 2020-03-01T19:41:46,488Z [main] subcommands.ValidateConfigurationCli. - Actual configuration:
{
    "additionalNodeInfoPollingFrequencyMsec" : 5000,
    "additionalP2PAddresses" : [],
    "attachmentCacheBound" : 1024,
    "baseDirectory" : "/home/matheus/git/cordapp-teamplate-kotlin/build/nodes/PartyB",
    "blacklistedAttachmentSigningKeys" : [],
    "certificateChainCheckPolicies" : [],
    "cordappSignerKeyFingerprintBlacklist" : [
        "56CA54E803CB87C8472EBD3FBC6A2F1876E814CEEBF74860BD46997F40729367",
        "83088052AF16700457AE2C978A7D8AC38DD6A7C713539D00B897CD03A5E5D31D",
        "6F6696296C3F58B55FB6CA865A025A3A6CC27AD17C4AFABA1E8EF062E0A82739"
    ],
    "crlCheckSoftFail" : true,
    "dataSourceProperties" : "*****",
    "database" : {
        "exportHibernateJMXStatistics" : false,
        "initialiseAppSchema" : "UPDATE",
        "initialiseSchema" : true,
        "mappedSchemaCacheSize" : 100,
        "transactionIsolationLevel" : "REPEATABLE_READ"
    },
    "detectPublicIp" : false,
    "devMode" : true,
    "emailAddress" : "admin@company.com",
    "extraNetworkMapKeys" : [],
    "flowMonitorPeriodMillis" : {
        "nanos" : 0,
        "seconds" : 60
    },
    "flowMonitorSuspensionLoggingThresholdMillis" : {
        "nanos" : 0,
        "seconds" : 60
    },
    "flowTimeout" : {
        "backoffBase" : 1.8,
        "maxRestartCount" : 6,
        "timeout" : {
            "nanos" : 0,
            "seconds" : 30
        }
    },
    "jarDirs" : [],
    "jmxReporterType" : "JOLOKIA",
    "keyStorePassword" : "*****",
    "lazyBridgeStart" : true,
    "myLegalName" : "O=PartyB,L=New York,C=US",
    "networkParameterAcceptanceSettings" : {
        "autoAcceptEnabled" : true,
        "excludedAutoAcceptableParameters" : []
    },
    "noLocalShell" : false,
    "p2pAddress" : "localhost:10008",
    "rpcSettings" : {
        "address" : "localhost:10009",
        "adminAddress" : "localhost:10049",
        "standAloneBroker" : false,
        "useSsl" : false
    },
    "rpcUsers" : [],
    "security" : {
        "authService" : {
            "dataSource" : {
                "passwordEncryption" : "NONE",
                "type" : "INMEMORY",
                "users" : [
                    {
                        "ignoresFallbacks" : false,
                        "resolved" : true,
                        "value" : {
                            "loadFactor" : 0.75,
                            "modCount" : 3,
                            "size" : 3,
                            "table" : {},
                            "threshold" : 3
                        }
                    }
                ]
            }
        }
    },
    "trustStorePassword" : "*****",
    "useTestClock" : false,
    "verifierType" : "InMemory"
}

[INFO ] 2020-03-01T19:41:46,553Z [main] internal.Node. - Vendor: Corda Open Source
[INFO ] 2020-03-01T19:41:46,578Z [main] internal.Node. - Release: 4.3
[INFO ] 2020-03-01T19:41:46,589Z [main] internal.Node. - Platform Version: 5
[INFO ] 2020-03-01T19:41:46,589Z [main] internal.Node. - Revision: d679784a179e95c57696d13c95beeccfe350d7d5
[INFO ] 2020-03-01T19:41:46,590Z [main] internal.Node. - PID: 15506
[INFO ] 2020-03-01T19:41:46,590Z [main] internal.Node. - Main class: /home/matheus/.capsule/apps/net.corda.node.Corda_4.3/corda-node-4.3.jar
[INFO ] 2020-03-01T19:41:46,590Z [main] internal.Node. - CommandLine Args: -Xmx512m -XX:+UseG1GC -XX:+HeapDumpOnOutOfMemoryError -XX:+CrashOnOutOfMemoryError -agentlib:jdwp=transport=dt_socket,server=y,suspend=n,address=5007 -javaagent:drivers/jolokia-jvm-1.6.0-agent.jar=port=7007,logHandlerClass=net.corda.node.JolokiaSlf4jAdapter -javaagent:/home/matheus/.capsule/apps/net.corda.node.Corda_4.3/quasar-core-0.7.10-jdk8.jar=x(antlr**;bftsmart**;co.paralleluniverse**;com.codahale**;com.esotericsoftware**;com.fasterxml**;com.google**;com.ibm**;com.intellij**;com.jcabi**;com.nhaarman**;com.opengamma**;com.typesafe**;com.zaxxer**;de.javakaffee**;groovy**;groovyjarjarantlr**;groovyjarjarasm**;io.atomix**;io.github**;io.netty**;jdk**;junit**;kotlin**;net.bytebuddy**;net.i2p**;org.apache**;org.assertj**;org.bouncycastle**;org.codehaus**;org.crsh**;org.dom4j**;org.fusesource**;org.h2**;org.hamcrest**;org.hibernate**;org.jboss**;org.jcp**;org.joda**;org.junit**;org.mockito**;org.objectweb**;org.objenesis**;org.slf4j**;org.w3c**;org.xml**;org.yaml**;reflectasm**;rx**;org.jolokia**;com.lmax**;picocli**;liquibase**;com.github.benmanes**;org.json**;org.postgresql**;nonapi.io.github.classgraph**) -Dvisualvm.display.name=Corda -Djava.library.path=/usr/java/packages/lib/amd64:/usr/lib/x86_64-linux-gnu/jni:/lib/x86_64-linux-gnu:/usr/lib/x86_64-linux-gnu:/usr/lib/jni:/lib:/usr/lib:/home/matheus/.capsule/apps/net.corda.node.Corda_4.3 -Dcapsule.app=net.corda.node.Corda_4.3 -Dname=PartyB -Dcapsule.dir=/home/matheus/.capsule/apps/net.corda.node.Corda_4.3 -Dcapsule.jar=/home/matheus/git/cordapp-teamplate-kotlin/build/nodes/PartyB/corda.jar
[INFO ] 2020-03-01T19:41:46,590Z [main] internal.Node. - bootclasspath: /usr/lib/jvm/java-8-openjdk-amd64/jre/lib/resources.jar:/usr/lib/jvm/java-8-openjdk-amd64/jre/lib/rt.jar:/usr/lib/jvm/java-8-openjdk-amd64/jre/lib/sunrsasign.jar:/usr/lib/jvm/java-8-openjdk-amd64/jre/lib/jsse.jar:/usr/lib/jvm/java-8-openjdk-amd64/jre/lib/jce.jar:/usr/lib/jvm/java-8-openjdk-amd64/jre/lib/charsets.jar:/usr/lib/jvm/java-8-openjdk-amd64/jre/lib/jfr.jar:/usr/lib/jvm/java-8-openjdk-amd64/jre/classes
[INFO ] 2020-03-01T19:41:46,590Z [main] internal.Node. - classpath: /home/matheus/git/cordapp-teamplate-kotlin/build/nodes/PartyB/corda.jar:/home/matheus/.capsule/apps/net.corda.node.Corda_4.3/tools.jar:/home/matheus/.capsule/apps/net.corda.node.Corda_4.3/corda-shell-4.3.jar:/home/matheus/.capsule/apps/net.corda.node.Corda_4.3/corda-rpc-4.3.jar:/home/matheus/.capsule/apps/net.corda.node.Corda_4.3/corda-node-api-4.3.jar:/home/matheus/.capsule/apps/net.corda.node.Corda_4.3/corda-tools-cliutils-4.3.jar:/home/matheus/.capsule/apps/net.corda.node.Corda_4.3/corda-common-configuration-parsing-4.3.jar:/home/matheus/.capsule/apps/net.corda.node.Corda_4.3/corda-common-validation-4.3.jar:/home/matheus/.capsule/apps/net.corda.node.Corda_4.3/corda-common-logging-4.3.jar:/home/matheus/.capsule/apps/net.corda.node.Corda_4.3/corda-confidential-identities-4.3.jar:/home/matheus/.capsule/apps/net.corda.node.Corda_4.3/log4j-slf4j-impl-2.11.2.jar:/home/matheus/.capsule/apps/net.corda.node.Corda_4.3/log4j-web-2.11.2.jar:/home/matheus/.capsule/apps/net.corda.node.Corda_4.3/jul-to-slf4j-1.7.26.jar:/home/matheus/.capsule/apps/net.corda.node.Corda_4.3/corda-jackson-4.3.jar:/home/matheus/.capsule/apps/net.corda.node.Corda_4.3/corda-serialization-4.3.jar:/home/matheus/.capsule/apps/net.corda.node.Corda_4.3/corda-core-4.3.jar:/home/matheus/.capsule/apps/net.corda.node.Corda_4.3/kotlin-stdlib-jdk8-1.2.71.jar:/home/matheus/.capsule/apps/net.corda.node.Corda_4.3/jackson-module-kotlin-2.9.7.jar:/home/matheus/.capsule/apps/net.corda.node.Corda_4.3/kotlin-reflect-1.2.71.jar:/home/matheus/.capsule/apps/net.corda.node.Corda_4.3/quasar-core-0.7.10-jdk8.jar:/home/matheus/.capsule/apps/net.corda.node.Corda_4.3/kryo-serializers-0.43.jar:/home/matheus/.capsule/apps/net.corda.node.Corda_4.3/kryo-4.0.2.jar:/home/matheus/.capsule/apps/net.corda.node.Corda_4.3/jimfs-1.1.jar:/home/matheus/.capsule/apps/net.corda.node.Corda_4.3/metrics-new-relic-1.1.1.jar:/home/matheus/.capsule/apps/net.corda.node.Corda_4.3/guava-28.0-jre.jar:/home/matheus/.capsule/apps/net.corda.node.Corda_4.3/caffeine-2.7.0.jar:/home/matheus/.capsule/apps/net.corda.node.Corda_4.3/disruptor-3.4.2.jar:/home/matheus/.capsule/apps/net.corda.node.Corda_4.3/commons-collections4-4.3.jar:/home/matheus/.capsule/apps/net.corda.node.Corda_4.3/artemis-amqp-protocol-2.6.2.jar:/home/matheus/.capsule/apps/net.corda.node.Corda_4.3/artemis-server-2.6.2.jar:/home/matheus/.capsule/apps/net.corda.node.Corda_4.3/artemis-jdbc-store-2.6.2.jar:/home/matheus/.capsule/apps/net.corda.node.Corda_4.3/artemis-journal-2.6.2.jar:/home/matheus/.capsule/apps/net.corda.node.Corda_4.3/artemis-jms-client-2.6.2.jar:/home/matheus/.capsule/apps/net.corda.node.Corda_4.3/artemis-core-client-2.6.2.jar:/home/matheus/.capsule/apps/net.corda.node.Corda_4.3/artemis-commons-2.6.2.jar:/home/matheus/.capsule/apps/net.corda.node.Corda_4.3/shiro-core-1.4.1.jar:/home/matheus/.capsule/apps/net.corda.node.Corda_4.3/shiro-config-ogdl-1.4.1.jar:/home/matheus/.capsule/apps/net.corda.node.Corda_4.3/commons-beanutils-1.9.3.jar:/home/matheus/.capsule/apps/net.corda.node.Corda_4.3/jcabi-manifests-1.1.jar:/home/matheus/.capsule/apps/net.corda.node.Corda_4.3/forms_rt-7.0.3.jar:/home/matheus/.capsule/apps/net.corda.node.Corda_4.3/metrics-jmx-4.1.0.jar:/home/matheus/.capsule/apps/net.corda.node.Corda_4.3/config-1.3.4.jar:/home/matheus/.capsule/apps/net.corda.node.Corda_4.3/h2-1.4.199.jar:/home/matheus/.capsule/apps/net.corda.node.Corda_4.3/postgresql-42.2.5.jar:/home/matheus/.capsule/apps/net.corda.node.Corda_4.3/HikariCP-3.3.1.jar:/home/matheus/.capsule/apps/net.corda.node.Corda_4.3/hibernate-java8-5.4.3.Final.jar:/home/matheus/.capsule/apps/net.corda.node.Corda_4.3/hibernate-core-5.4.3.Final.jar:/home/matheus/.capsule/apps/net.corda.node.Corda_4.3/okhttp-3.14.2.jar:/home/matheus/.capsule/apps/net.corda.node.Corda_4.3/picocli-3.9.6.jar:/home/matheus/.capsule/apps/net.corda.node.Corda_4.3/library-master-v1.1-beta-g6215ec8-87.jar:/home/matheus/.capsule/apps/net.corda.node.Corda_4.3/commons-codec-1.13.jar:/home/matheus/.capsule/apps/net.corda.node.Corda_4.3/copycat-client-1.2.3.jar:/home/matheus/.capsule/apps/net.corda.node.Corda_4.3/copycat-server-1.2.3.jar:/home/matheus/.capsule/apps/net.corda.node.Corda_4.3/catalyst-netty-1.1.2.jar:/home/matheus/.capsule/apps/net.corda.node.Corda_4.3/jolokia-jvm-1.6.1-agent.jar:/home/matheus/.capsule/apps/net.corda.node.Corda_4.3/kotlin-stdlib-jre8-1.2.71.jar:/home/matheus/.capsule/apps/net.corda.node.Corda_4.3/proton-j-0.33.0.jar:/home/matheus/.capsule/apps/net.corda.node.Corda_4.3/classgraph-4.8.41.jar:/home/matheus/.capsule/apps/net.corda.node.Corda_4.3/liquibase-core-3.6.3.jar:/home/matheus/.capsule/apps/net.corda.node.Corda_4.3/jackson-datatype-jsr310-2.9.7.jar:/home/matheus/.capsule/apps/net.corda.node.Corda_4.3/jackson-databind-2.9.7.jar:/home/matheus/.capsule/apps/net.corda.node.Corda_4.3/liquibase-slf4j-2.0.0.jar:/home/matheus/.capsule/apps/net.corda.node.Corda_4.3/crash.connectors.ssh-810d2b774b85d4938be01b9b65e29e4fddbc450b.jar:/home/matheus/.capsule/apps/net.corda.node.Corda_4.3/crash.shell-810d2b774b85d4938be01b9b65e29e4fddbc450b.jar:/home/matheus/.capsule/apps/net.corda.node.Corda_4.3/jansi-1.18.jar:/home/matheus/.capsule/apps/net.corda.node.Corda_4.3/log4j-core-2.11.2.jar:/home/matheus/.capsule/apps/net.corda.node.Corda_4.3/commons-io-2.6.jar:/home/matheus/.capsule/apps/net.corda.node.Corda_4.3/jcabi-log-0.14.jar:/home/matheus/.capsule/apps/net.corda.node.Corda_4.3/metrics-core-4.1.0.jar:/home/matheus/.capsule/apps/net.corda.node.Corda_4.3/shiro-cache-1.4.1.jar:/home/matheus/.capsule/apps/net.corda.node.Corda_4.3/shiro-crypto-hash-1.4.1.jar:/home/matheus/.capsule/apps/net.corda.node.Corda_4.3/shiro-crypto-cipher-1.4.1.jar:/home/matheus/.capsule/apps/net.corda.node.Corda_4.3/shiro-config-core-1.4.1.jar:/home/matheus/.capsule/apps/net.corda.node.Corda_4.3/shiro-event-1.4.1.jar:/home/matheus/.capsule/apps/net.corda.node.Corda_4.3/shiro-crypto-core-1.4.1.jar:/home/matheus/.capsule/apps/net.corda.node.Corda_4.3/shiro-lang-1.4.1.jar:/home/matheus/.capsule/apps/net.corda.node.Corda_4.3/copycat-protocol-1.2.3.jar:/home/matheus/.capsule/apps/net.corda.node.Corda_4.3/catalyst-transport-1.1.2.jar:/home/matheus/.capsule/apps/net.corda.node.Corda_4.3/jcl-over-slf4j-1.7.26.jar:/home/matheus/.capsule/apps/net.corda.node.Corda_4.3/mina-core-2.0.16.jar:/home/matheus/.capsule/apps/net.corda.node.Corda_4.3/catalyst-concurrent-1.1.2.jar:/home/matheus/.capsule/apps/net.corda.node.Corda_4.3/sshd-pam-0.11.0.jar:/home/matheus/.capsule/apps/net.corda.node.Corda_4.3/sshd-core-1.6.0.jar:/home/matheus/.capsule/apps/net.corda.node.Corda_4.3/catalyst-serializer-1.1.2.jar:/home/matheus/.capsule/apps/net.corda.node.Corda_4.3/catalyst-buffer-1.1.2.jar:/home/matheus/.capsule/apps/net.corda.node.Corda_4.3/catalyst-common-1.1.2.jar:/home/matheus/.capsule/apps/net.corda.node.Corda_4.3/slf4j-api-1.7.26.jar:/home/matheus/.capsule/apps/net.corda.node.Corda_4.3/log4j-api-2.11.2.jar:/home/matheus/.capsule/apps/net.corda.node.Corda_4.3/kotlin-stdlib-jdk7-1.2.71.jar:/home/matheus/.capsule/apps/net.corda.node.Corda_4.3/kotlin-stdlib-jre7-1.2.71.jar:/home/matheus/.capsule/apps/net.corda.node.Corda_4.3/kotlin-stdlib-1.2.71.jar:/home/matheus/.capsule/apps/net.corda.node.Corda_4.3/reflectasm-1.11.3.jar:/home/matheus/.capsule/apps/net.corda.node.Corda_4.3/minlog-1.3.0.jar:/home/matheus/.capsule/apps/net.corda.node.Corda_4.3/objenesis-2.5.1.jar:/home/matheus/.capsule/apps/net.corda.node.Corda_4.3/failureaccess-1.0.1.jar:/home/matheus/.capsule/apps/net.corda.node.Corda_4.3/listenablefuture-9999.0-empty-to-avoid-conflict-with-guava.jar:/home/matheus/.capsule/apps/net.corda.node.Corda_4.3/jsr305-3.0.2.jar:/home/matheus/.capsule/apps/net.corda.node.Corda_4.3/checker-qual-2.8.1.jar:/home/matheus/.capsule/apps/net.corda.node.Corda_4.3/error_prone_annotations-2.3.3.jar:/home/matheus/.capsule/apps/net.corda.node.Corda_4.3/j2objc-annotations-1.3.jar:/home/matheus/.capsule/apps/net.corda.node.Corda_4.3/animal-sniffer-annotations-1.17.jar:/home/matheus/.capsule/apps/net.corda.node.Corda_4.3/commons-collections-3.2.2.jar:/home/matheus/.capsule/apps/net.corda.node.Corda_4.3/artemis-native-2.6.2.jar:/home/matheus/.capsule/apps/net.corda.node.Corda_4.3/hibernate-commons-annotations-5.1.0.Final.jar:/home/matheus/.capsule/apps/net.corda.node.Corda_4.3/jboss-logging-3.3.2.Final.jar:/home/matheus/.capsule/apps/net.corda.node.Corda_4.3/artemis-selector-2.6.2.jar:/home/matheus/.capsule/apps/net.corda.node.Corda_4.3/netty-handler-4.1.22.Final.jar:/home/matheus/.capsule/apps/net.corda.node.Corda_4.3/netty-codec-http-4.1.22.Final.jar:/home/matheus/.capsule/apps/net.corda.node.Corda_4.3/netty-codec-4.1.22.Final.jar:/home/matheus/.capsule/apps/net.corda.node.Corda_4.3/netty-transport-native-kqueue-4.1.22.Final-osx-x86_64.jar:/home/matheus/.capsule/apps/net.corda.node.Corda_4.3/netty-transport-native-epoll-4.1.22.Final-linux-x86_64.jar:/home/matheus/.capsule/apps/net.corda.node.Corda_4.3/netty-transport-native-unix-common-4.1.22.Final.jar:/home/matheus/.capsule/apps/net.corda.node.Corda_4.3/netty-transport-4.1.22.Final.jar:/home/matheus/.capsule/apps/net.corda.node.Corda_4.3/netty-buffer-4.1.22.Final.jar:/home/matheus/.capsule/apps/net.corda.node.Corda_4.3/netty-resolver-4.1.22.Final.jar:/home/matheus/.capsule/apps/net.corda.node.Corda_4.3/netty-common-4.1.22.Final.jar:/home/matheus/.capsule/apps/net.corda.node.Corda_4.3/geronimo-json_1.0_spec-1.0-alpha-1.jar:/home/matheus/.capsule/apps/net.corda.node.Corda_4.3/jgroups-3.6.13.Final.jar:/home/matheus/.capsule/apps/net.corda.node.Corda_4.3/johnzon-core-0.9.5.jar:/home/matheus/.capsule/apps/net.corda.node.Corda_4.3/forms-1.1-preview.jar:/home/matheus/.capsule/apps/net.corda.node.Corda_4.3/jdom-1.0.jar:/home/matheus/.capsule/apps/net.corda.node.Corda_4.3/javax.persistence-api-2.2.jar:/home/matheus/.capsule/apps/net.corda.node.Corda_4.3/javassist-3.24.0-GA.jar:/home/matheus/.capsule/apps/net.corda.node.Corda_4.3/byte-buddy-1.9.10.jar:/home/matheus/.capsule/apps/net.corda.node.Corda_4.3/antlr-2.7.7.jar:/home/matheus/.capsule/apps/net.corda.node.Corda_4.3/jboss-transaction-api_1.2_spec-1.1.1.Final.jar:/home/matheus/.capsule/apps/net.corda.node.Corda_4.3/jandex-2.0.5.Final.jar:/home/matheus/.capsule/apps/net.corda.node.Corda_4.3/classmate-1.3.4.jar:/home/matheus/.capsule/apps/net.corda.node.Corda_4.3/jaxb-runtime-2.3.1.jar:/home/matheus/.capsule/apps/net.corda.node.Corda_4.3/jaxb-api-2.3.1.jar:/home/matheus/.capsule/apps/net.corda.node.Corda_4.3/javax.activation-api-1.2.0.jar:/home/matheus/.capsule/apps/net.corda.node.Corda_4.3/dom4j-2.1.1.jar:/home/matheus/.capsule/apps/net.corda.node.Corda_4.3/okio-1.17.2.jar:/home/matheus/.capsule/apps/net.corda.node.Corda_4.3/jolokia-core-1.6.1.jar:/home/matheus/.capsule/apps/net.corda.node.Corda_4.3/json-simple-1.1.1.jar:/home/matheus/.capsule/apps/net.corda.node.Corda_4.3/newrelic-api-3.10.0.jar:/home/matheus/.capsule/apps/net.corda.node.Corda_4.3/HdrHistogram-2.1.9.jar:/home/matheus/.capsule/apps/net.corda.node.Corda_4.3/LatencyUtils-2.0.3.jar:/home/matheus/.capsule/apps/net.corda.node.Corda_4.3/rxjava-1.3.8.jar:/home/matheus/.capsule/apps/net.corda.node.Corda_4.3/commons-lang3-3.9.jar:/home/matheus/.capsule/apps/net.corda.node.Corda_4.3/eddsa-0.2.0.jar:/home/matheus/.capsule/apps/net.corda.node.Corda_4.3/bcpkix-jdk15on-1.60.jar:/home/matheus/.capsule/apps/net.corda.node.Corda_4.3/bcprov-jdk15on-1.60.jar:/home/matheus/.capsule/apps/net.corda.node.Corda_4.3/asm-7.1.jar:/home/matheus/.capsule/apps/net.corda.node.Corda_4.3/snappy-0.4.jar:/home/matheus/.capsule/apps/net.corda.node.Corda_4.3/jackson-dataformat-yaml-2.9.7.jar:/home/matheus/.capsule/apps/net.corda.node.Corda_4.3/snakeyaml-1.23.jar:/home/matheus/.capsule/apps/net.corda.node.Corda_4.3/jackson-annotations-2.9.0.jar:/home/matheus/.capsule/apps/net.corda.node.Corda_4.3/jackson-core-2.9.7.jar:/home/matheus/.capsule/apps/net.corda.node.Corda_4.3/crash.cli-810d2b774b85d4938be01b9b65e29e4fddbc450b.jar:/home/matheus/.capsule/apps/net.corda.node.Corda_4.3/groovy-all-1.8.9.jar:/home/matheus/.capsule/apps/net.corda.node.Corda_4.3/kotlin-stdlib-common-1.2.71.jar:/home/matheus/.capsule/apps/net.corda.node.Corda_4.3/annotations-13.0.jar:/home/matheus/.capsule/apps/net.corda.node.Corda_4.3/txw2-2.3.1.jar:/home/matheus/.capsule/apps/net.corda.node.Corda_4.3/istack-commons-runtime-3.0.7.jar:/home/matheus/.capsule/apps/net.corda.node.Corda_4.3/stax-ex-1.8.jar:/home/matheus/.capsule/apps/net.corda.node.Corda_4.3/FastInfoset-1.2.15.jar:/home/matheus/.capsule/apps/net.corda.node.Corda_4.3/geronimo-jms_2.0_spec-1.0-alpha-2.jar:/home/matheus/.capsule/apps/net.corda.node.Corda_4.3/jpam-1.1.jar:/home/matheus/.capsule/apps/net.corda.node.Corda_4.3/corda-node-4.3.jar:/home/matheus/git/cordapp-teamplate-kotlin/build/nodes/PartyB/drivers/jolokia-jvm-1.6.0-agent.jar:drivers/jolokia-jvm-1.6.0-agent.jar:/home/matheus/.capsule/apps/net.corda.node.Corda_4.3/quasar-core-0.7.10-jdk8.jar
[INFO ] 2020-03-01T19:41:46,590Z [main] internal.Node. - VM OpenJDK 64-Bit Server VM Private Build 25.242-b08
[INFO ] 2020-03-01T19:41:46,590Z [main] internal.Node. - Machine: matheus-Aspire-A515-51
[INFO ] 2020-03-01T19:41:46,590Z [main] internal.Node. - Working Directory: /home/matheus/git/cordapp-teamplate-kotlin/build/nodes/PartyB
[INFO ] 2020-03-01T19:41:46,906Z [main] internal.Node. - Debug port: dt_socket:5007
[INFO ] 2020-03-01T19:41:46,907Z [main] internal.Node. - Starting as node on localhost:10008
[INFO ] 2020-03-01T19:41:47,274Z [main] cordapp.JarScanningCordappLoader. - Looking for CorDapps in [/home/matheus/git/cordapp-teamplate-kotlin/build/nodes/PartyB/cordapps]
[INFO ] 2020-03-01T19:41:47,338Z [main] cordapp.JarScanningCordappLoader. - Loading CorDapps from RestrictedURL(url=file:/home/matheus/git/cordapp-teamplate-kotlin/build/nodes/PartyB/cordapps/workflows-0.1.jar, rootPackageName=null), RestrictedURL(url=file:/home/matheus/git/cordapp-teamplate-kotlin/build/nodes/PartyB/cordapps/contracts-0.1.jar, rootPackageName=null)
[INFO ] 2020-03-01T19:41:47,416Z [main] cordapp.JarScanningCordappLoader. - Scanning CorDapp in file:/home/matheus/git/cordapp-teamplate-kotlin/build/nodes/PartyB/cordapps/workflows-0.1.jar
[INFO ] 2020-03-01T19:41:47,925Z [main] cordapp.JarScanningCordappLoader. - Scanning CorDapp in file:/home/matheus/git/cordapp-teamplate-kotlin/build/nodes/PartyB/cordapps/contracts-0.1.jar
[WARN ] 2020-03-01T19:41:50,631Z [main] internal.Node. - This node is running in development mode!  This is not safe for production deployment.
[INFO ] 2020-03-01T19:41:50,958Z [main] internal.Node. - Node starting up ...
[INFO ] 2020-03-01T19:41:51,241Z [main] internal.NodeFlowManager. - Registered com.template.flows.CarIssueInitiator to initiate com.template.flows.CarIssueResponder (version 1)
[WARN ] 2020-03-01T19:41:51,776Z [main] plugin.PluginContext. - No version found will use unknown value instead
[INFO ] 2020-03-01T19:41:51,840Z [main] plugin.PluginManager. - Loaded plugin Plugin[type=SSHPlugin,interface=SSHPlugin]
[INFO ] 2020-03-01T19:41:51,851Z [main] plugin.PluginManager. - Loaded plugin Plugin[type=SSHInlinePlugin,interface=CommandPlugin]
[INFO ] 2020-03-01T19:41:51,863Z [main] plugin.PluginManager. - Loaded plugin Plugin[type=KeyAuthenticationPlugin,interface=KeyAuthenticationPlugin]
[INFO ] 2020-03-01T19:41:51,876Z [main] plugin.PluginManager. - Loaded plugin Plugin[type=CRaSHShellFactory,interface=ShellFactory]
[INFO ] 2020-03-01T19:41:51,886Z [main] plugin.PluginManager. - Loaded plugin Plugin[type=GroovyLanguageProxy,interface=Language]
[INFO ] 2020-03-01T19:41:51,898Z [main] plugin.PluginManager. - Loaded plugin Plugin[type=JavaLanguage,interface=Language]
[INFO ] 2020-03-01T19:41:51,903Z [main] plugin.PluginManager. - Loaded plugin Plugin[type=ScriptLanguage,interface=Language]
[INFO ] 2020-03-01T19:41:51,911Z [main] plugin.PluginManager. - Loaded plugin Plugin[type=JaasAuthenticationPlugin,interface=AuthenticationPlugin]
[INFO ] 2020-03-01T19:41:51,915Z [main] plugin.PluginManager. - Loaded plugin Plugin[type=SimpleAuthenticationPlugin,interface=AuthenticationPlugin]
[INFO ] 2020-03-01T19:41:51,943Z [main] ssh.SSHPlugin. - Could not boot SSHD due to missing due to missing port configuration
[INFO ] 2020-03-01T19:41:51,943Z [main] plugin.PluginManager. - Initialized plugin Plugin[type=SSHPlugin,interface=SSHPlugin]
[INFO ] 2020-03-01T19:41:51,943Z [main] plugin.PluginManager. - Initialized plugin Plugin[type=SSHInlinePlugin,interface=CommandPlugin]
[INFO ] 2020-03-01T19:41:51,943Z [main] plugin.PluginManager. - Initialized plugin Plugin[type=KeyAuthenticationPlugin,interface=KeyAuthenticationPlugin]
[INFO ] 2020-03-01T19:41:52,059Z [main] plugin.PluginManager. - Initialized plugin Plugin[type=GroovyLanguageProxy,interface=Language]
[INFO ] 2020-03-01T19:41:52,077Z [main] plugin.PluginManager. - Initialized plugin Plugin[type=ScriptLanguage,interface=Language]
[INFO ] 2020-03-01T19:41:52,102Z [main] plugin.PluginManager. - Initialized plugin Plugin[type=CRaSHShellFactory,interface=ShellFactory]
[INFO ] 2020-03-01T19:41:52,117Z [main] plugin.PluginManager. - Initialized plugin Plugin[type=JaasAuthenticationPlugin,interface=AuthenticationPlugin]
[INFO ] 2020-03-01T19:41:52,127Z [main] plugin.PluginManager. - Initialized plugin Plugin[type=SimpleAuthenticationPlugin,interface=AuthenticationPlugin]
[INFO ] 2020-03-01T19:41:52,130Z [main] plugin.PluginManager. - Initialized plugin Plugin[type=CordaAuthenticationPlugin,interface=AuthenticationPlugin]
[INFO ] 2020-03-01T19:41:58,389Z [main] internal.Node. - Loaded network parameters: NetworkParameters {
      minimumPlatformVersion=5
      notaries=[NotaryInfo(identity=O=Notary, L=London, C=GB, validating=false)]
      maxMessageSize=10485760
      maxTransactionSize=524288000
      whitelistedContractImplementations {
        
      }
      eventHorizon=PT720H
      packageOwnership {
        
      }
      modifiedTime=2020-02-25T02:14:29.178Z
      epoch=1
  }
[INFO ] 2020-03-01T19:41:58,458Z [main] hikari.HikariDataSource. - HikariPool-1 - Starting...
[INFO ] 2020-03-01T19:41:59,380Z [main] hikari.HikariDataSource. - HikariPool-1 - Start completed.
[INFO ] 2020-03-01T19:42:07,140Z [main] jvm.JdbcExecutor. - SELECT MD5SUM FROM PUBLIC.DATABASECHANGELOG WHERE MD5SUM IS NOT NULL
[INFO ] 2020-03-01T19:42:07,165Z [main] jvm.JdbcExecutor. - SELECT COUNT(*) FROM PUBLIC.DATABASECHANGELOG
[INFO ] 2020-03-01T19:42:07,167Z [main] changelog.StandardChangeLogHistoryService. - Reading from PUBLIC.DATABASECHANGELOG
[INFO ] 2020-03-01T19:42:07,167Z [main] jvm.JdbcExecutor. - SELECT * FROM PUBLIC.DATABASECHANGELOG ORDER BY DATEEXECUTED ASC, ORDEREXECUTED ASC
[INFO ] 2020-03-01T19:42:07,217Z [main] jvm.JdbcExecutor. - SELECT COUNT(*) FROM PUBLIC.DATABASECHANGELOGLOCK
[INFO ] 2020-03-01T19:42:07,221Z [main] jvm.JdbcExecutor. - SELECT COUNT(*) FROM PUBLIC.DATABASECHANGELOGLOCK
[INFO ] 2020-03-01T19:42:07,518Z [main] jvm.JdbcExecutor. - SELECT LOCKED FROM PUBLIC.DATABASECHANGELOGLOCK WHERE ID=1
[INFO ] 2020-03-01T19:42:07,551Z [main] lockservice.StandardLockService. - Successfully acquired change log lock
[INFO ] 2020-03-01T19:42:07,570Z [main] lockservice.StandardLockService. - Successfully released change log lock
[INFO ] 2020-03-01T19:42:07,664Z [main] internal.Node. - Connected to H2 database.
[INFO ] 2020-03-01T19:42:07,801Z [main] persistence.HibernateConfiguration. - Init HibernateConfiguration for schemas: [CommonSchemaV1(name=net.corda.core.schemas.CommonSchema, version=1), VaultSchemaV1(name=net.corda.node.services.vault.VaultSchema, version=1), NodeInfoSchemaV1(name=net.corda.node.internal.schemas.NodeInfoSchema, version=1), NodeCoreV1(name=net.corda.node.services.schema.NodeSchemaService$NodeCore, version=1)]
[INFO ] 2020-03-01T19:42:07,808Z [main] persistence.HibernateConfiguration. - Creating session factory for schemas: [CommonSchemaV1(name=net.corda.core.schemas.CommonSchema, version=1), VaultSchemaV1(name=net.corda.node.services.vault.VaultSchema, version=1), NodeInfoSchemaV1(name=net.corda.node.internal.schemas.NodeInfoSchema, version=1), NodeCoreV1(name=net.corda.node.services.schema.NodeSchemaService$NodeCore, version=1)]
[INFO ] 2020-03-01T19:42:12,662Z [main] persistence.HibernateConfiguration. - Created session factory for schemas: [CommonSchemaV1(name=net.corda.core.schemas.CommonSchema, version=1), VaultSchemaV1(name=net.corda.node.services.vault.VaultSchema, version=1), NodeInfoSchemaV1(name=net.corda.node.internal.schemas.NodeInfoSchema, version=1), NodeCoreV1(name=net.corda.node.services.schema.NodeSchemaService$NodeCore, version=1)]
[INFO ] 2020-03-01T19:42:13,755Z [main] network.NetworkMapUpdater. - Auto-accept enabled for network parameter changes which modify only: [epoch, modifiedTime, packageOwnership, whitelistedContractImplementations]
[INFO ] 2020-03-01T19:42:13,837Z [main] security.RPCSecurityManagerImpl. - Constructing realm from list of users in config [User(user1, permissions=[ALL])]
[INFO ] 2020-03-01T19:42:13,923Z [RxIoScheduler-2] network.PersistentNetworkMapCache. - Adding node with info: NodeInfo(addresses=[localhost:10005], legalIdentitiesAndCerts=[O=PartyA, L=London, C=GB], platformVersion=5, serial=1582596861592)
[INFO ] 2020-03-01T19:42:14,007Z [RxIoScheduler-2] network.PersistentNetworkMapCache. - Previous node was identical to incoming one - doing nothing
[INFO ] 2020-03-01T19:42:14,017Z [RxIoScheduler-2] network.PersistentNetworkMapCache. - Adding node with info: NodeInfo(addresses=[localhost:10002], legalIdentitiesAndCerts=[O=Notary, L=London, C=GB], platformVersion=5, serial=1582596862351)
[INFO ] 2020-03-01T19:42:14,044Z [RxIoScheduler-2] network.PersistentNetworkMapCache. - Previous node was identical to incoming one - doing nothing
[INFO ] 2020-03-01T19:42:14,065Z [RxIoScheduler-2] network.PersistentNetworkMapCache. - Adding node with info: NodeInfo(addresses=[localhost:10008], legalIdentitiesAndCerts=[O=PartyB, L=New York, C=US], platformVersion=5, serial=1582596855872)
[INFO ] 2020-03-01T19:42:14,100Z [RxIoScheduler-2] network.PersistentNetworkMapCache. - Previous node was identical to incoming one - doing nothing
[INFO ] 2020-03-01T19:42:14,623Z [main] BasicInfo. - Advertised P2P messaging addresses      : localhost:10008
[INFO ] 2020-03-01T19:42:14,652Z [main] BasicInfo. - RPC connection address                  : localhost:10009
[INFO ] 2020-03-01T19:42:14,665Z [main] BasicInfo. - RPC admin connection address            : localhost:10049
[INFO ] 2020-03-01T19:42:16,210Z [main] messaging.ArtemisMessagingServer. - P2P messaging server listening on 0.0.0.0:10008
[INFO ] 2020-03-01T19:42:16,593Z [main] internal.ArtemisMessagingClient. - Connecting to message broker: localhost:10008
[INFO ] 2020-03-01T19:42:17,643Z [main] internal.ArtemisMessagingClient. - Connecting to message broker: localhost:10008
[INFO ] 2020-03-01T19:42:17,921Z [main] messaging.P2PMessagingClient. - Connecting to message broker: localhost:10008
[WARN ] 2020-03-01T19:42:18,476Z [main] utilities.AppendOnlyPersistentMapBase. - Double insert in net.corda.node.utilities.AppendOnlyPersistentMap for entity class class net.corda.node.internal.DBNetworkParametersStorage$PersistentNetworkParameters key 33DCEA5E47A81859A1E567CA8954D8A34A058805CFC91F669DA886D2AF3FD113, not inserting the second time
[INFO ] 2020-03-01T19:42:18,490Z [Thread-3 (ActiveMQ-client-global-threads)] bridging.BridgeControlListener. - Received bridge control message NodeToBridgeSnapshot(nodeIdentity=O=PartyB, L=New York, C=US, inboxQueues=[p2p.inbound.DLC9mkSEHYJwoEqfyB49GfZmKkCaPmtZpVmua83Vu8Bx2M], sendQueues=[])
[INFO ] 2020-03-01T19:42:18,735Z [main] ClassloaderUtils. - Contracts loading for '/tmp/attachment5051226987738207308.jar' took 57 msec
[INFO ] 2020-03-01T19:42:20,452Z [main] statemachine.SingleThreadedStateMachineManager. - Node ready, info: NodeInfo(addresses=[localhost:10008], legalIdentitiesAndCerts=[O=PartyB, L=New York, C=US], platformVersion=5, serial=1582596855872)
[INFO ] 2020-03-01T19:42:20,534Z [main] BasicInfo. - Loaded 2 CorDapp(s)                     : Workflow CorDapp: Template Flows version 1 by vendor Corda Open Source with licence Apache License, Version 2.0, Contract CorDapp: Template CorDapp version 1 by vendor Corda Open Source with licence Apache License, Version 2.0
[INFO ] 2020-03-01T19:42:20,538Z [main] BasicInfo. - Node for "PartyB" started up and registered in 42.1 sec
[INFO ] 2020-03-01T19:42:20,539Z [Node thread-1] internal.Node. - Registering JMX reporter:
[INFO ] 2020-03-01T19:42:20,540Z [Node thread-1] internal.Node. - Registering Jolokia JMX reporter:
[INFO ] 2020-03-01T19:42:20,540Z [main] rpc.RPCServer. - Starting RPC server with configuration RPCServerConfiguration(rpcThreadPoolSize=4, reapInterval=PT1S, deduplicationCacheExpiry=PT24H)
[INFO ] 2020-03-01T19:42:27,391Z [Command line shell terminator] shell.InteractiveShell. - Command shell has exited
[INFO ] 2020-03-01T19:42:27,406Z [Command line shell terminator] BasicInfo. - Shutting down ...
[INFO ] 2020-03-01T19:43:24,333Z [main] manifests.Manifests. - 123 attributes loaded from 172 stream(s) in 415ms, 123 saved, 2593 ignored: ["ActiveMQ-Version", "Agent-Class", "Ant-Version", "Application-Class", "Application-ID", "Application-Library-Allowable-Codebase", "Application-Name", "Application-Version", "Archiver-Version", "Automatic-Module-Name", "Bnd-LastModified", "Branch", "Build-Date", "Build-Host", "Build-Id", "Build-Java-Version", "Build-Jdk", "Build-Job", "Build-Number", "Build-Time", "Build-Timestamp", "Build-Version", "Built-By", "Built-OS", "Built-Status", "Bundle-Activator", "Bundle-Category", "Bundle-ClassPath", "Bundle-Copyright", "Bundle-Description", "Bundle-DocURL", "Bundle-License", "Bundle-ManifestVersion", "Bundle-Name", "Bundle-NativeCode", "Bundle-RequiredExecutionEnvironment", "Bundle-SymbolicName", "Bundle-Vendor", "Bundle-Version", "CLDR-Version", "Caller-Allowable-Codebase", "Can-Redefine-Classes", "Can-Retransform-Classes", "Can-Set-Native-Method-Prefix", "Caplets", "Change", "Class-Path", "Codebase", "Corda-Platform-Version", "Corda-Release-Version", "Corda-Revision", "Corda-Vendor", "Created-By", "DynamicImport-Package", "Eclipse-BuddyPolicy", "Eclipse-LazyStart", "Export-Package", "Extension-Name", "Fragment-Host", "Git-Revision", "Git-Url", "Gradle-Version", "Hibernate-JpaVersion", "Hibernate-VersionFamily", "Implementation-Build", "Implementation-Build-Date", "Implementation-Build-Id", "Implementation-Title", "Implementation-URL", "Implementation-Url", "Implementation-Vendor", "Implementation-Vendor-Id", "Implementation-Version", "Import-Package", "Include-Resource", "JCabi-Build", "JCabi-Date", "JCabi-Version", "JVM-Args", "Java-Agents", "Java-Vendor", "Java-Version", "Kotlin-Runtime-Component", "Kotlin-Version", "Liquibase-Package", "Log4jReleaseKey", "Log4jReleaseManager", "Log4jReleaseVersion", "Main-Class", "Main-class", "Major-Version", "Manifest-Version", "Min-Java-Version", "Min-Update-Version", "Module-Email", "Module-Origin", "Module-Owner", "Module-Source", "Multi-Release", "Originally-Created-By", "Os-Arch", "Os-Name", "Os-Version", "Permissions", "Premain-Class", "Private-Package", "Provide-Capability", "Require-Capability", "SCM-Revision", "SCM-url", "Scm-Connection", "Scm-Revision", "Scm-Url", "Service-Component", "Specification-Title", "Specification-Vendor", "Specification-Version", "System-Properties", "Tool", "Trusted-Library", "URL", "X-Compile-Source-JDK", "X-Compile-Target-JDK"]
[INFO ] 2020-03-01T19:43:24,585Z [main] BasicInfo. - Logs can be found in                    : /home/matheus/git/cordapp-teamplate-kotlin/build/nodes/PartyB/logs
[INFO ] 2020-03-01T20:39:53,827Z [main] manifests.Manifests. - 123 attributes loaded from 172 stream(s) in 619ms, 123 saved, 2593 ignored: ["ActiveMQ-Version", "Agent-Class", "Ant-Version", "Application-Class", "Application-ID", "Application-Library-Allowable-Codebase", "Application-Name", "Application-Version", "Archiver-Version", "Automatic-Module-Name", "Bnd-LastModified", "Branch", "Build-Date", "Build-Host", "Build-Id", "Build-Java-Version", "Build-Jdk", "Build-Job", "Build-Number", "Build-Time", "Build-Timestamp", "Build-Version", "Built-By", "Built-OS", "Built-Status", "Bundle-Activator", "Bundle-Category", "Bundle-ClassPath", "Bundle-Copyright", "Bundle-Description", "Bundle-DocURL", "Bundle-License", "Bundle-ManifestVersion", "Bundle-Name", "Bundle-NativeCode", "Bundle-RequiredExecutionEnvironment", "Bundle-SymbolicName", "Bundle-Vendor", "Bundle-Version", "CLDR-Version", "Caller-Allowable-Codebase", "Can-Redefine-Classes", "Can-Retransform-Classes", "Can-Set-Native-Method-Prefix", "Caplets", "Change", "Class-Path", "Codebase", "Corda-Platform-Version", "Corda-Release-Version", "Corda-Revision", "Corda-Vendor", "Created-By", "DynamicImport-Package", "Eclipse-BuddyPolicy", "Eclipse-LazyStart", "Export-Package", "Extension-Name", "Fragment-Host", "Git-Revision", "Git-Url", "Gradle-Version", "Hibernate-JpaVersion", "Hibernate-VersionFamily", "Implementation-Build", "Implementation-Build-Date", "Implementation-Build-Id", "Implementation-Title", "Implementation-URL", "Implementation-Url", "Implementation-Vendor", "Implementation-Vendor-Id", "Implementation-Version", "Import-Package", "Include-Resource", "JCabi-Build", "JCabi-Date", "JCabi-Version", "JVM-Args", "Java-Agents", "Java-Vendor", "Java-Version", "Kotlin-Runtime-Component", "Kotlin-Version", "Liquibase-Package", "Log4jReleaseKey", "Log4jReleaseManager", "Log4jReleaseVersion", "Main-Class", "Main-class", "Major-Version", "Manifest-Version", "Min-Java-Version", "Min-Update-Version", "Module-Email", "Module-Origin", "Module-Owner", "Module-Source", "Multi-Release", "Originally-Created-By", "Os-Arch", "Os-Name", "Os-Version", "Permissions", "Premain-Class", "Private-Package", "Provide-Capability", "Require-Capability", "SCM-Revision", "SCM-url", "Scm-Connection", "Scm-Revision", "Scm-Url", "Service-Component", "Specification-Title", "Specification-Vendor", "Specification-Version", "System-Properties", "Tool", "Trusted-Library", "URL", "X-Compile-Source-JDK", "X-Compile-Target-JDK"]
[INFO ] 2020-03-01T20:39:54,047Z [main] BasicInfo. - Logs can be found in                    : /home/matheus/git/cordapp-teamplate-kotlin/build/nodes/PartyB/logs
[INFO ] 2020-03-01T20:39:57,284Z [main] subcommands.ValidateConfigurationCli. - Actual configuration:
{
    "additionalNodeInfoPollingFrequencyMsec" : 5000,
    "additionalP2PAddresses" : [],
    "attachmentCacheBound" : 1024,
    "baseDirectory" : "/home/matheus/git/cordapp-teamplate-kotlin/build/nodes/PartyB",
    "blacklistedAttachmentSigningKeys" : [],
    "certificateChainCheckPolicies" : [],
    "cordappSignerKeyFingerprintBlacklist" : [
        "56CA54E803CB87C8472EBD3FBC6A2F1876E814CEEBF74860BD46997F40729367",
        "83088052AF16700457AE2C978A7D8AC38DD6A7C713539D00B897CD03A5E5D31D",
        "6F6696296C3F58B55FB6CA865A025A3A6CC27AD17C4AFABA1E8EF062E0A82739"
    ],
    "crlCheckSoftFail" : true,
    "dataSourceProperties" : "*****",
    "database" : {
        "exportHibernateJMXStatistics" : false,
        "initialiseAppSchema" : "UPDATE",
        "initialiseSchema" : true,
        "mappedSchemaCacheSize" : 100,
        "transactionIsolationLevel" : "REPEATABLE_READ"
    },
    "detectPublicIp" : false,
    "devMode" : true,
    "emailAddress" : "admin@company.com",
    "extraNetworkMapKeys" : [],
    "flowMonitorPeriodMillis" : {
        "nanos" : 0,
        "seconds" : 60
    },
    "flowMonitorSuspensionLoggingThresholdMillis" : {
        "nanos" : 0,
        "seconds" : 60
    },
    "flowTimeout" : {
        "backoffBase" : 1.8,
        "maxRestartCount" : 6,
        "timeout" : {
            "nanos" : 0,
            "seconds" : 30
        }
    },
    "jarDirs" : [],
    "jmxReporterType" : "JOLOKIA",
    "keyStorePassword" : "*****",
    "lazyBridgeStart" : true,
    "myLegalName" : "O=PartyB,L=New York,C=US",
    "networkParameterAcceptanceSettings" : {
        "autoAcceptEnabled" : true,
        "excludedAutoAcceptableParameters" : []
    },
    "noLocalShell" : false,
    "p2pAddress" : "localhost:10008",
    "rpcSettings" : {
        "address" : "localhost:10009",
        "adminAddress" : "localhost:10049",
        "standAloneBroker" : false,
        "useSsl" : false
    },
    "rpcUsers" : [],
    "security" : {
        "authService" : {
            "dataSource" : {
                "passwordEncryption" : "NONE",
                "type" : "INMEMORY",
                "users" : [
                    {
                        "ignoresFallbacks" : false,
                        "resolved" : true,
                        "value" : {
                            "loadFactor" : 0.75,
                            "modCount" : 3,
                            "size" : 3,
                            "table" : {},
                            "threshold" : 3
                        }
                    }
                ]
            }
        }
    },
    "trustStorePassword" : "*****",
    "useTestClock" : false,
    "verifierType" : "InMemory"
}

[INFO ] 2020-03-01T20:39:57,391Z [main] internal.Node. - Vendor: Corda Open Source
[INFO ] 2020-03-01T20:39:57,401Z [main] internal.Node. - Release: 4.3
[INFO ] 2020-03-01T20:39:57,410Z [main] internal.Node. - Platform Version: 5
[INFO ] 2020-03-01T20:39:57,410Z [main] internal.Node. - Revision: d679784a179e95c57696d13c95beeccfe350d7d5
[INFO ] 2020-03-01T20:39:57,410Z [main] internal.Node. - PID: 3780
[INFO ] 2020-03-01T20:39:57,410Z [main] internal.Node. - Main class: /home/matheus/.capsule/apps/net.corda.node.Corda_4.3/corda-node-4.3.jar
[INFO ] 2020-03-01T20:39:57,410Z [main] internal.Node. - CommandLine Args: -Xmx512m -XX:+UseG1GC -XX:+HeapDumpOnOutOfMemoryError -XX:+CrashOnOutOfMemoryError -agentlib:jdwp=transport=dt_socket,server=y,suspend=n,address=5007 -javaagent:drivers/jolokia-jvm-1.6.0-agent.jar=port=7007,logHandlerClass=net.corda.node.JolokiaSlf4jAdapter -javaagent:/home/matheus/.capsule/apps/net.corda.node.Corda_4.3/quasar-core-0.7.10-jdk8.jar=x(antlr**;bftsmart**;co.paralleluniverse**;com.codahale**;com.esotericsoftware**;com.fasterxml**;com.google**;com.ibm**;com.intellij**;com.jcabi**;com.nhaarman**;com.opengamma**;com.typesafe**;com.zaxxer**;de.javakaffee**;groovy**;groovyjarjarantlr**;groovyjarjarasm**;io.atomix**;io.github**;io.netty**;jdk**;junit**;kotlin**;net.bytebuddy**;net.i2p**;org.apache**;org.assertj**;org.bouncycastle**;org.codehaus**;org.crsh**;org.dom4j**;org.fusesource**;org.h2**;org.hamcrest**;org.hibernate**;org.jboss**;org.jcp**;org.joda**;org.junit**;org.mockito**;org.objectweb**;org.objenesis**;org.slf4j**;org.w3c**;org.xml**;org.yaml**;reflectasm**;rx**;org.jolokia**;com.lmax**;picocli**;liquibase**;com.github.benmanes**;org.json**;org.postgresql**;nonapi.io.github.classgraph**) -Dvisualvm.display.name=Corda -Djava.library.path=/usr/java/packages/lib/amd64:/usr/lib/x86_64-linux-gnu/jni:/lib/x86_64-linux-gnu:/usr/lib/x86_64-linux-gnu:/usr/lib/jni:/lib:/usr/lib:/home/matheus/.capsule/apps/net.corda.node.Corda_4.3 -Dcapsule.app=net.corda.node.Corda_4.3 -Dname=PartyB -Dcapsule.dir=/home/matheus/.capsule/apps/net.corda.node.Corda_4.3 -Dcapsule.jar=/home/matheus/git/cordapp-teamplate-kotlin/build/nodes/PartyB/corda.jar
[INFO ] 2020-03-01T20:39:57,410Z [main] internal.Node. - bootclasspath: /usr/lib/jvm/java-8-openjdk-amd64/jre/lib/resources.jar:/usr/lib/jvm/java-8-openjdk-amd64/jre/lib/rt.jar:/usr/lib/jvm/java-8-openjdk-amd64/jre/lib/sunrsasign.jar:/usr/lib/jvm/java-8-openjdk-amd64/jre/lib/jsse.jar:/usr/lib/jvm/java-8-openjdk-amd64/jre/lib/jce.jar:/usr/lib/jvm/java-8-openjdk-amd64/jre/lib/charsets.jar:/usr/lib/jvm/java-8-openjdk-amd64/jre/lib/jfr.jar:/usr/lib/jvm/java-8-openjdk-amd64/jre/classes
[INFO ] 2020-03-01T20:39:57,410Z [main] internal.Node. - classpath: /home/matheus/git/cordapp-teamplate-kotlin/build/nodes/PartyB/corda.jar:/home/matheus/.capsule/apps/net.corda.node.Corda_4.3/tools.jar:/home/matheus/.capsule/apps/net.corda.node.Corda_4.3/corda-shell-4.3.jar:/home/matheus/.capsule/apps/net.corda.node.Corda_4.3/corda-rpc-4.3.jar:/home/matheus/.capsule/apps/net.corda.node.Corda_4.3/corda-node-api-4.3.jar:/home/matheus/.capsule/apps/net.corda.node.Corda_4.3/corda-tools-cliutils-4.3.jar:/home/matheus/.capsule/apps/net.corda.node.Corda_4.3/corda-common-configuration-parsing-4.3.jar:/home/matheus/.capsule/apps/net.corda.node.Corda_4.3/corda-common-validation-4.3.jar:/home/matheus/.capsule/apps/net.corda.node.Corda_4.3/corda-common-logging-4.3.jar:/home/matheus/.capsule/apps/net.corda.node.Corda_4.3/corda-confidential-identities-4.3.jar:/home/matheus/.capsule/apps/net.corda.node.Corda_4.3/log4j-slf4j-impl-2.11.2.jar:/home/matheus/.capsule/apps/net.corda.node.Corda_4.3/log4j-web-2.11.2.jar:/home/matheus/.capsule/apps/net.corda.node.Corda_4.3/jul-to-slf4j-1.7.26.jar:/home/matheus/.capsule/apps/net.corda.node.Corda_4.3/corda-jackson-4.3.jar:/home/matheus/.capsule/apps/net.corda.node.Corda_4.3/corda-serialization-4.3.jar:/home/matheus/.capsule/apps/net.corda.node.Corda_4.3/corda-core-4.3.jar:/home/matheus/.capsule/apps/net.corda.node.Corda_4.3/kotlin-stdlib-jdk8-1.2.71.jar:/home/matheus/.capsule/apps/net.corda.node.Corda_4.3/jackson-module-kotlin-2.9.7.jar:/home/matheus/.capsule/apps/net.corda.node.Corda_4.3/kotlin-reflect-1.2.71.jar:/home/matheus/.capsule/apps/net.corda.node.Corda_4.3/quasar-core-0.7.10-jdk8.jar:/home/matheus/.capsule/apps/net.corda.node.Corda_4.3/kryo-serializers-0.43.jar:/home/matheus/.capsule/apps/net.corda.node.Corda_4.3/kryo-4.0.2.jar:/home/matheus/.capsule/apps/net.corda.node.Corda_4.3/jimfs-1.1.jar:/home/matheus/.capsule/apps/net.corda.node.Corda_4.3/metrics-new-relic-1.1.1.jar:/home/matheus/.capsule/apps/net.corda.node.Corda_4.3/guava-28.0-jre.jar:/home/matheus/.capsule/apps/net.corda.node.Corda_4.3/caffeine-2.7.0.jar:/home/matheus/.capsule/apps/net.corda.node.Corda_4.3/disruptor-3.4.2.jar:/home/matheus/.capsule/apps/net.corda.node.Corda_4.3/commons-collections4-4.3.jar:/home/matheus/.capsule/apps/net.corda.node.Corda_4.3/artemis-amqp-protocol-2.6.2.jar:/home/matheus/.capsule/apps/net.corda.node.Corda_4.3/artemis-server-2.6.2.jar:/home/matheus/.capsule/apps/net.corda.node.Corda_4.3/artemis-jdbc-store-2.6.2.jar:/home/matheus/.capsule/apps/net.corda.node.Corda_4.3/artemis-journal-2.6.2.jar:/home/matheus/.capsule/apps/net.corda.node.Corda_4.3/artemis-jms-client-2.6.2.jar:/home/matheus/.capsule/apps/net.corda.node.Corda_4.3/artemis-core-client-2.6.2.jar:/home/matheus/.capsule/apps/net.corda.node.Corda_4.3/artemis-commons-2.6.2.jar:/home/matheus/.capsule/apps/net.corda.node.Corda_4.3/shiro-core-1.4.1.jar:/home/matheus/.capsule/apps/net.corda.node.Corda_4.3/shiro-config-ogdl-1.4.1.jar:/home/matheus/.capsule/apps/net.corda.node.Corda_4.3/commons-beanutils-1.9.3.jar:/home/matheus/.capsule/apps/net.corda.node.Corda_4.3/jcabi-manifests-1.1.jar:/home/matheus/.capsule/apps/net.corda.node.Corda_4.3/forms_rt-7.0.3.jar:/home/matheus/.capsule/apps/net.corda.node.Corda_4.3/metrics-jmx-4.1.0.jar:/home/matheus/.capsule/apps/net.corda.node.Corda_4.3/config-1.3.4.jar:/home/matheus/.capsule/apps/net.corda.node.Corda_4.3/h2-1.4.199.jar:/home/matheus/.capsule/apps/net.corda.node.Corda_4.3/postgresql-42.2.5.jar:/home/matheus/.capsule/apps/net.corda.node.Corda_4.3/HikariCP-3.3.1.jar:/home/matheus/.capsule/apps/net.corda.node.Corda_4.3/hibernate-java8-5.4.3.Final.jar:/home/matheus/.capsule/apps/net.corda.node.Corda_4.3/hibernate-core-5.4.3.Final.jar:/home/matheus/.capsule/apps/net.corda.node.Corda_4.3/okhttp-3.14.2.jar:/home/matheus/.capsule/apps/net.corda.node.Corda_4.3/picocli-3.9.6.jar:/home/matheus/.capsule/apps/net.corda.node.Corda_4.3/library-master-v1.1-beta-g6215ec8-87.jar:/home/matheus/.capsule/apps/net.corda.node.Corda_4.3/commons-codec-1.13.jar:/home/matheus/.capsule/apps/net.corda.node.Corda_4.3/copycat-client-1.2.3.jar:/home/matheus/.capsule/apps/net.corda.node.Corda_4.3/copycat-server-1.2.3.jar:/home/matheus/.capsule/apps/net.corda.node.Corda_4.3/catalyst-netty-1.1.2.jar:/home/matheus/.capsule/apps/net.corda.node.Corda_4.3/jolokia-jvm-1.6.1-agent.jar:/home/matheus/.capsule/apps/net.corda.node.Corda_4.3/kotlin-stdlib-jre8-1.2.71.jar:/home/matheus/.capsule/apps/net.corda.node.Corda_4.3/proton-j-0.33.0.jar:/home/matheus/.capsule/apps/net.corda.node.Corda_4.3/classgraph-4.8.41.jar:/home/matheus/.capsule/apps/net.corda.node.Corda_4.3/liquibase-core-3.6.3.jar:/home/matheus/.capsule/apps/net.corda.node.Corda_4.3/jackson-datatype-jsr310-2.9.7.jar:/home/matheus/.capsule/apps/net.corda.node.Corda_4.3/jackson-databind-2.9.7.jar:/home/matheus/.capsule/apps/net.corda.node.Corda_4.3/liquibase-slf4j-2.0.0.jar:/home/matheus/.capsule/apps/net.corda.node.Corda_4.3/crash.connectors.ssh-810d2b774b85d4938be01b9b65e29e4fddbc450b.jar:/home/matheus/.capsule/apps/net.corda.node.Corda_4.3/crash.shell-810d2b774b85d4938be01b9b65e29e4fddbc450b.jar:/home/matheus/.capsule/apps/net.corda.node.Corda_4.3/jansi-1.18.jar:/home/matheus/.capsule/apps/net.corda.node.Corda_4.3/log4j-core-2.11.2.jar:/home/matheus/.capsule/apps/net.corda.node.Corda_4.3/commons-io-2.6.jar:/home/matheus/.capsule/apps/net.corda.node.Corda_4.3/jcabi-log-0.14.jar:/home/matheus/.capsule/apps/net.corda.node.Corda_4.3/metrics-core-4.1.0.jar:/home/matheus/.capsule/apps/net.corda.node.Corda_4.3/shiro-cache-1.4.1.jar:/home/matheus/.capsule/apps/net.corda.node.Corda_4.3/shiro-crypto-hash-1.4.1.jar:/home/matheus/.capsule/apps/net.corda.node.Corda_4.3/shiro-crypto-cipher-1.4.1.jar:/home/matheus/.capsule/apps/net.corda.node.Corda_4.3/shiro-config-core-1.4.1.jar:/home/matheus/.capsule/apps/net.corda.node.Corda_4.3/shiro-event-1.4.1.jar:/home/matheus/.capsule/apps/net.corda.node.Corda_4.3/shiro-crypto-core-1.4.1.jar:/home/matheus/.capsule/apps/net.corda.node.Corda_4.3/shiro-lang-1.4.1.jar:/home/matheus/.capsule/apps/net.corda.node.Corda_4.3/copycat-protocol-1.2.3.jar:/home/matheus/.capsule/apps/net.corda.node.Corda_4.3/catalyst-transport-1.1.2.jar:/home/matheus/.capsule/apps/net.corda.node.Corda_4.3/jcl-over-slf4j-1.7.26.jar:/home/matheus/.capsule/apps/net.corda.node.Corda_4.3/mina-core-2.0.16.jar:/home/matheus/.capsule/apps/net.corda.node.Corda_4.3/catalyst-concurrent-1.1.2.jar:/home/matheus/.capsule/apps/net.corda.node.Corda_4.3/sshd-pam-0.11.0.jar:/home/matheus/.capsule/apps/net.corda.node.Corda_4.3/sshd-core-1.6.0.jar:/home/matheus/.capsule/apps/net.corda.node.Corda_4.3/catalyst-serializer-1.1.2.jar:/home/matheus/.capsule/apps/net.corda.node.Corda_4.3/catalyst-buffer-1.1.2.jar:/home/matheus/.capsule/apps/net.corda.node.Corda_4.3/catalyst-common-1.1.2.jar:/home/matheus/.capsule/apps/net.corda.node.Corda_4.3/slf4j-api-1.7.26.jar:/home/matheus/.capsule/apps/net.corda.node.Corda_4.3/log4j-api-2.11.2.jar:/home/matheus/.capsule/apps/net.corda.node.Corda_4.3/kotlin-stdlib-jdk7-1.2.71.jar:/home/matheus/.capsule/apps/net.corda.node.Corda_4.3/kotlin-stdlib-jre7-1.2.71.jar:/home/matheus/.capsule/apps/net.corda.node.Corda_4.3/kotlin-stdlib-1.2.71.jar:/home/matheus/.capsule/apps/net.corda.node.Corda_4.3/reflectasm-1.11.3.jar:/home/matheus/.capsule/apps/net.corda.node.Corda_4.3/minlog-1.3.0.jar:/home/matheus/.capsule/apps/net.corda.node.Corda_4.3/objenesis-2.5.1.jar:/home/matheus/.capsule/apps/net.corda.node.Corda_4.3/failureaccess-1.0.1.jar:/home/matheus/.capsule/apps/net.corda.node.Corda_4.3/listenablefuture-9999.0-empty-to-avoid-conflict-with-guava.jar:/home/matheus/.capsule/apps/net.corda.node.Corda_4.3/jsr305-3.0.2.jar:/home/matheus/.capsule/apps/net.corda.node.Corda_4.3/checker-qual-2.8.1.jar:/home/matheus/.capsule/apps/net.corda.node.Corda_4.3/error_prone_annotations-2.3.3.jar:/home/matheus/.capsule/apps/net.corda.node.Corda_4.3/j2objc-annotations-1.3.jar:/home/matheus/.capsule/apps/net.corda.node.Corda_4.3/animal-sniffer-annotations-1.17.jar:/home/matheus/.capsule/apps/net.corda.node.Corda_4.3/commons-collections-3.2.2.jar:/home/matheus/.capsule/apps/net.corda.node.Corda_4.3/artemis-native-2.6.2.jar:/home/matheus/.capsule/apps/net.corda.node.Corda_4.3/hibernate-commons-annotations-5.1.0.Final.jar:/home/matheus/.capsule/apps/net.corda.node.Corda_4.3/jboss-logging-3.3.2.Final.jar:/home/matheus/.capsule/apps/net.corda.node.Corda_4.3/artemis-selector-2.6.2.jar:/home/matheus/.capsule/apps/net.corda.node.Corda_4.3/netty-handler-4.1.22.Final.jar:/home/matheus/.capsule/apps/net.corda.node.Corda_4.3/netty-codec-http-4.1.22.Final.jar:/home/matheus/.capsule/apps/net.corda.node.Corda_4.3/netty-codec-4.1.22.Final.jar:/home/matheus/.capsule/apps/net.corda.node.Corda_4.3/netty-transport-native-kqueue-4.1.22.Final-osx-x86_64.jar:/home/matheus/.capsule/apps/net.corda.node.Corda_4.3/netty-transport-native-epoll-4.1.22.Final-linux-x86_64.jar:/home/matheus/.capsule/apps/net.corda.node.Corda_4.3/netty-transport-native-unix-common-4.1.22.Final.jar:/home/matheus/.capsule/apps/net.corda.node.Corda_4.3/netty-transport-4.1.22.Final.jar:/home/matheus/.capsule/apps/net.corda.node.Corda_4.3/netty-buffer-4.1.22.Final.jar:/home/matheus/.capsule/apps/net.corda.node.Corda_4.3/netty-resolver-4.1.22.Final.jar:/home/matheus/.capsule/apps/net.corda.node.Corda_4.3/netty-common-4.1.22.Final.jar:/home/matheus/.capsule/apps/net.corda.node.Corda_4.3/geronimo-json_1.0_spec-1.0-alpha-1.jar:/home/matheus/.capsule/apps/net.corda.node.Corda_4.3/jgroups-3.6.13.Final.jar:/home/matheus/.capsule/apps/net.corda.node.Corda_4.3/johnzon-core-0.9.5.jar:/home/matheus/.capsule/apps/net.corda.node.Corda_4.3/forms-1.1-preview.jar:/home/matheus/.capsule/apps/net.corda.node.Corda_4.3/jdom-1.0.jar:/home/matheus/.capsule/apps/net.corda.node.Corda_4.3/javax.persistence-api-2.2.jar:/home/matheus/.capsule/apps/net.corda.node.Corda_4.3/javassist-3.24.0-GA.jar:/home/matheus/.capsule/apps/net.corda.node.Corda_4.3/byte-buddy-1.9.10.jar:/home/matheus/.capsule/apps/net.corda.node.Corda_4.3/antlr-2.7.7.jar:/home/matheus/.capsule/apps/net.corda.node.Corda_4.3/jboss-transaction-api_1.2_spec-1.1.1.Final.jar:/home/matheus/.capsule/apps/net.corda.node.Corda_4.3/jandex-2.0.5.Final.jar:/home/matheus/.capsule/apps/net.corda.node.Corda_4.3/classmate-1.3.4.jar:/home/matheus/.capsule/apps/net.corda.node.Corda_4.3/jaxb-runtime-2.3.1.jar:/home/matheus/.capsule/apps/net.corda.node.Corda_4.3/jaxb-api-2.3.1.jar:/home/matheus/.capsule/apps/net.corda.node.Corda_4.3/javax.activation-api-1.2.0.jar:/home/matheus/.capsule/apps/net.corda.node.Corda_4.3/dom4j-2.1.1.jar:/home/matheus/.capsule/apps/net.corda.node.Corda_4.3/okio-1.17.2.jar:/home/matheus/.capsule/apps/net.corda.node.Corda_4.3/jolokia-core-1.6.1.jar:/home/matheus/.capsule/apps/net.corda.node.Corda_4.3/json-simple-1.1.1.jar:/home/matheus/.capsule/apps/net.corda.node.Corda_4.3/newrelic-api-3.10.0.jar:/home/matheus/.capsule/apps/net.corda.node.Corda_4.3/HdrHistogram-2.1.9.jar:/home/matheus/.capsule/apps/net.corda.node.Corda_4.3/LatencyUtils-2.0.3.jar:/home/matheus/.capsule/apps/net.corda.node.Corda_4.3/rxjava-1.3.8.jar:/home/matheus/.capsule/apps/net.corda.node.Corda_4.3/commons-lang3-3.9.jar:/home/matheus/.capsule/apps/net.corda.node.Corda_4.3/eddsa-0.2.0.jar:/home/matheus/.capsule/apps/net.corda.node.Corda_4.3/bcpkix-jdk15on-1.60.jar:/home/matheus/.capsule/apps/net.corda.node.Corda_4.3/bcprov-jdk15on-1.60.jar:/home/matheus/.capsule/apps/net.corda.node.Corda_4.3/asm-7.1.jar:/home/matheus/.capsule/apps/net.corda.node.Corda_4.3/snappy-0.4.jar:/home/matheus/.capsule/apps/net.corda.node.Corda_4.3/jackson-dataformat-yaml-2.9.7.jar:/home/matheus/.capsule/apps/net.corda.node.Corda_4.3/snakeyaml-1.23.jar:/home/matheus/.capsule/apps/net.corda.node.Corda_4.3/jackson-annotations-2.9.0.jar:/home/matheus/.capsule/apps/net.corda.node.Corda_4.3/jackson-core-2.9.7.jar:/home/matheus/.capsule/apps/net.corda.node.Corda_4.3/crash.cli-810d2b774b85d4938be01b9b65e29e4fddbc450b.jar:/home/matheus/.capsule/apps/net.corda.node.Corda_4.3/groovy-all-1.8.9.jar:/home/matheus/.capsule/apps/net.corda.node.Corda_4.3/kotlin-stdlib-common-1.2.71.jar:/home/matheus/.capsule/apps/net.corda.node.Corda_4.3/annotations-13.0.jar:/home/matheus/.capsule/apps/net.corda.node.Corda_4.3/txw2-2.3.1.jar:/home/matheus/.capsule/apps/net.corda.node.Corda_4.3/istack-commons-runtime-3.0.7.jar:/home/matheus/.capsule/apps/net.corda.node.Corda_4.3/stax-ex-1.8.jar:/home/matheus/.capsule/apps/net.corda.node.Corda_4.3/FastInfoset-1.2.15.jar:/home/matheus/.capsule/apps/net.corda.node.Corda_4.3/geronimo-jms_2.0_spec-1.0-alpha-2.jar:/home/matheus/.capsule/apps/net.corda.node.Corda_4.3/jpam-1.1.jar:/home/matheus/.capsule/apps/net.corda.node.Corda_4.3/corda-node-4.3.jar:/home/matheus/git/cordapp-teamplate-kotlin/build/nodes/PartyB/drivers/jolokia-jvm-1.6.0-agent.jar:drivers/jolokia-jvm-1.6.0-agent.jar:/home/matheus/.capsule/apps/net.corda.node.Corda_4.3/quasar-core-0.7.10-jdk8.jar
[INFO ] 2020-03-01T20:39:57,410Z [main] internal.Node. - VM OpenJDK 64-Bit Server VM Private Build 25.242-b08
[INFO ] 2020-03-01T20:39:57,410Z [main] internal.Node. - Machine: matheus-Aspire-A515-51
[INFO ] 2020-03-01T20:39:57,410Z [main] internal.Node. - Working Directory: /home/matheus/git/cordapp-teamplate-kotlin/build/nodes/PartyB
[INFO ] 2020-03-01T20:39:57,770Z [main] internal.Node. - Debug port: dt_socket:5007
[INFO ] 2020-03-01T20:39:57,770Z [main] internal.Node. - Starting as node on localhost:10008
[INFO ] 2020-03-01T20:39:58,226Z [main] cordapp.JarScanningCordappLoader. - Looking for CorDapps in [/home/matheus/git/cordapp-teamplate-kotlin/build/nodes/PartyB/cordapps]
[INFO ] 2020-03-01T20:39:58,290Z [main] cordapp.JarScanningCordappLoader. - Loading CorDapps from RestrictedURL(url=file:/home/matheus/git/cordapp-teamplate-kotlin/build/nodes/PartyB/cordapps/workflows-0.1.jar, rootPackageName=null), RestrictedURL(url=file:/home/matheus/git/cordapp-teamplate-kotlin/build/nodes/PartyB/cordapps/contracts-0.1.jar, rootPackageName=null)
[INFO ] 2020-03-01T20:39:58,364Z [main] cordapp.JarScanningCordappLoader. - Scanning CorDapp in file:/home/matheus/git/cordapp-teamplate-kotlin/build/nodes/PartyB/cordapps/workflows-0.1.jar
[INFO ] 2020-03-01T20:39:58,980Z [main] cordapp.JarScanningCordappLoader. - Scanning CorDapp in file:/home/matheus/git/cordapp-teamplate-kotlin/build/nodes/PartyB/cordapps/contracts-0.1.jar
[WARN ] 2020-03-01T20:40:02,336Z [main] internal.Node. - This node is running in development mode!  This is not safe for production deployment.
[INFO ] 2020-03-01T20:40:02,815Z [main] internal.Node. - Node starting up ...
[INFO ] 2020-03-01T20:40:03,145Z [main] internal.NodeFlowManager. - Registered com.template.flows.CarIssueInitiator to initiate com.template.flows.CarIssueResponder (version 1)
[WARN ] 2020-03-01T20:40:04,062Z [main] plugin.PluginContext. - No version found will use unknown value instead
[INFO ] 2020-03-01T20:40:04,130Z [main] plugin.PluginManager. - Loaded plugin Plugin[type=SSHPlugin,interface=SSHPlugin]
[INFO ] 2020-03-01T20:40:04,142Z [main] plugin.PluginManager. - Loaded plugin Plugin[type=SSHInlinePlugin,interface=CommandPlugin]
[INFO ] 2020-03-01T20:40:04,143Z [main] plugin.PluginManager. - Loaded plugin Plugin[type=KeyAuthenticationPlugin,interface=KeyAuthenticationPlugin]
[INFO ] 2020-03-01T20:40:04,145Z [main] plugin.PluginManager. - Loaded plugin Plugin[type=CRaSHShellFactory,interface=ShellFactory]
[INFO ] 2020-03-01T20:40:04,161Z [main] plugin.PluginManager. - Loaded plugin Plugin[type=GroovyLanguageProxy,interface=Language]
[INFO ] 2020-03-01T20:40:04,162Z [main] plugin.PluginManager. - Loaded plugin Plugin[type=JavaLanguage,interface=Language]
[INFO ] 2020-03-01T20:40:04,163Z [main] plugin.PluginManager. - Loaded plugin Plugin[type=ScriptLanguage,interface=Language]
[INFO ] 2020-03-01T20:40:04,164Z [main] plugin.PluginManager. - Loaded plugin Plugin[type=JaasAuthenticationPlugin,interface=AuthenticationPlugin]
[INFO ] 2020-03-01T20:40:04,178Z [main] plugin.PluginManager. - Loaded plugin Plugin[type=SimpleAuthenticationPlugin,interface=AuthenticationPlugin]
[INFO ] 2020-03-01T20:40:04,191Z [main] ssh.SSHPlugin. - Could not boot SSHD due to missing due to missing port configuration
[INFO ] 2020-03-01T20:40:04,191Z [main] plugin.PluginManager. - Initialized plugin Plugin[type=SSHPlugin,interface=SSHPlugin]
[INFO ] 2020-03-01T20:40:04,192Z [main] plugin.PluginManager. - Initialized plugin Plugin[type=SSHInlinePlugin,interface=CommandPlugin]
[INFO ] 2020-03-01T20:40:04,192Z [main] plugin.PluginManager. - Initialized plugin Plugin[type=KeyAuthenticationPlugin,interface=KeyAuthenticationPlugin]
[INFO ] 2020-03-01T20:40:04,268Z [main] plugin.PluginManager. - Initialized plugin Plugin[type=GroovyLanguageProxy,interface=Language]
[INFO ] 2020-03-01T20:40:04,268Z [main] plugin.PluginManager. - Initialized plugin Plugin[type=ScriptLanguage,interface=Language]
[INFO ] 2020-03-01T20:40:04,274Z [main] plugin.PluginManager. - Initialized plugin Plugin[type=CRaSHShellFactory,interface=ShellFactory]
[INFO ] 2020-03-01T20:40:04,274Z [main] plugin.PluginManager. - Initialized plugin Plugin[type=JaasAuthenticationPlugin,interface=AuthenticationPlugin]
[INFO ] 2020-03-01T20:40:04,274Z [main] plugin.PluginManager. - Initialized plugin Plugin[type=SimpleAuthenticationPlugin,interface=AuthenticationPlugin]
[INFO ] 2020-03-01T20:40:04,274Z [main] plugin.PluginManager. - Initialized plugin Plugin[type=CordaAuthenticationPlugin,interface=AuthenticationPlugin]
[INFO ] 2020-03-01T20:40:12,869Z [main] internal.Node. - Loaded network parameters: NetworkParameters {
      minimumPlatformVersion=5
      notaries=[NotaryInfo(identity=O=Notary, L=London, C=GB, validating=false)]
      maxMessageSize=10485760
      maxTransactionSize=524288000
      whitelistedContractImplementations {
        
      }
      eventHorizon=PT720H
      packageOwnership {
        
      }
      modifiedTime=2020-02-25T02:14:29.178Z
      epoch=1
  }
[INFO ] 2020-03-01T20:40:12,975Z [main] hikari.HikariDataSource. - HikariPool-1 - Starting...
[INFO ] 2020-03-01T20:40:14,079Z [main] hikari.HikariDataSource. - HikariPool-1 - Start completed.
[INFO ] 2020-03-01T20:40:24,440Z [main] jvm.JdbcExecutor. - SELECT MD5SUM FROM PUBLIC.DATABASECHANGELOG WHERE MD5SUM IS NOT NULL
[INFO ] 2020-03-01T20:40:24,465Z [main] jvm.JdbcExecutor. - SELECT COUNT(*) FROM PUBLIC.DATABASECHANGELOG
[INFO ] 2020-03-01T20:40:24,470Z [main] changelog.StandardChangeLogHistoryService. - Reading from PUBLIC.DATABASECHANGELOG
[INFO ] 2020-03-01T20:40:24,480Z [main] jvm.JdbcExecutor. - SELECT * FROM PUBLIC.DATABASECHANGELOG ORDER BY DATEEXECUTED ASC, ORDEREXECUTED ASC
[INFO ] 2020-03-01T20:40:24,517Z [main] jvm.JdbcExecutor. - SELECT COUNT(*) FROM PUBLIC.DATABASECHANGELOGLOCK
[INFO ] 2020-03-01T20:40:24,521Z [main] jvm.JdbcExecutor. - SELECT COUNT(*) FROM PUBLIC.DATABASECHANGELOGLOCK
[INFO ] 2020-03-01T20:40:25,001Z [main] jvm.JdbcExecutor. - SELECT LOCKED FROM PUBLIC.DATABASECHANGELOGLOCK WHERE ID=1
[INFO ] 2020-03-01T20:40:25,051Z [main] lockservice.StandardLockService. - Successfully acquired change log lock
[INFO ] 2020-03-01T20:40:25,083Z [main] lockservice.StandardLockService. - Successfully released change log lock
[INFO ] 2020-03-01T20:40:25,169Z [main] internal.Node. - Connected to H2 database.
[INFO ] 2020-03-01T20:40:25,301Z [main] persistence.HibernateConfiguration. - Init HibernateConfiguration for schemas: [CommonSchemaV1(name=net.corda.core.schemas.CommonSchema, version=1), VaultSchemaV1(name=net.corda.node.services.vault.VaultSchema, version=1), NodeInfoSchemaV1(name=net.corda.node.internal.schemas.NodeInfoSchema, version=1), NodeCoreV1(name=net.corda.node.services.schema.NodeSchemaService$NodeCore, version=1)]
[INFO ] 2020-03-01T20:40:25,311Z [main] persistence.HibernateConfiguration. - Creating session factory for schemas: [CommonSchemaV1(name=net.corda.core.schemas.CommonSchema, version=1), VaultSchemaV1(name=net.corda.node.services.vault.VaultSchema, version=1), NodeInfoSchemaV1(name=net.corda.node.internal.schemas.NodeInfoSchema, version=1), NodeCoreV1(name=net.corda.node.services.schema.NodeSchemaService$NodeCore, version=1)]
[INFO ] 2020-03-01T20:40:32,206Z [main] persistence.HibernateConfiguration. - Created session factory for schemas: [CommonSchemaV1(name=net.corda.core.schemas.CommonSchema, version=1), VaultSchemaV1(name=net.corda.node.services.vault.VaultSchema, version=1), NodeInfoSchemaV1(name=net.corda.node.internal.schemas.NodeInfoSchema, version=1), NodeCoreV1(name=net.corda.node.services.schema.NodeSchemaService$NodeCore, version=1)]
[INFO ] 2020-03-01T20:40:33,586Z [main] network.NetworkMapUpdater. - Auto-accept enabled for network parameter changes which modify only: [epoch, modifiedTime, packageOwnership, whitelistedContractImplementations]
[INFO ] 2020-03-01T20:40:33,728Z [main] security.RPCSecurityManagerImpl. - Constructing realm from list of users in config [User(user1, permissions=[ALL])]
[INFO ] 2020-03-01T20:40:33,742Z [RxIoScheduler-2] network.PersistentNetworkMapCache. - Adding node with info: NodeInfo(addresses=[localhost:10005], legalIdentitiesAndCerts=[O=PartyA, L=London, C=GB], platformVersion=5, serial=1582596861592)
[INFO ] 2020-03-01T20:40:33,801Z [RxIoScheduler-2] network.PersistentNetworkMapCache. - Previous node was identical to incoming one - doing nothing
[INFO ] 2020-03-01T20:40:33,813Z [RxIoScheduler-2] network.PersistentNetworkMapCache. - Adding node with info: NodeInfo(addresses=[localhost:10002], legalIdentitiesAndCerts=[O=Notary, L=London, C=GB], platformVersion=5, serial=1582596862351)
[INFO ] 2020-03-01T20:40:33,865Z [RxIoScheduler-2] network.PersistentNetworkMapCache. - Previous node was identical to incoming one - doing nothing
[INFO ] 2020-03-01T20:40:33,897Z [RxIoScheduler-2] network.PersistentNetworkMapCache. - Adding node with info: NodeInfo(addresses=[localhost:10008], legalIdentitiesAndCerts=[O=PartyB, L=New York, C=US], platformVersion=5, serial=1582596855872)
[INFO ] 2020-03-01T20:40:33,922Z [RxIoScheduler-2] network.PersistentNetworkMapCache. - Previous node was identical to incoming one - doing nothing
[INFO ] 2020-03-01T20:40:34,698Z [main] BasicInfo. - Advertised P2P messaging addresses      : localhost:10008
[INFO ] 2020-03-01T20:40:34,715Z [main] BasicInfo. - RPC connection address                  : localhost:10009
[INFO ] 2020-03-01T20:40:34,715Z [main] BasicInfo. - RPC admin connection address            : localhost:10049
[INFO ] 2020-03-01T20:40:36,259Z [main] messaging.ArtemisMessagingServer. - P2P messaging server listening on 0.0.0.0:10008
[INFO ] 2020-03-01T20:40:36,827Z [main] internal.ArtemisMessagingClient. - Connecting to message broker: localhost:10008
[INFO ] 2020-03-01T20:40:38,217Z [main] internal.ArtemisMessagingClient. - Connecting to message broker: localhost:10008
[INFO ] 2020-03-01T20:40:38,807Z [main] messaging.P2PMessagingClient. - Connecting to message broker: localhost:10008
[INFO ] 2020-03-01T20:40:39,368Z [Thread-3 (ActiveMQ-client-global-threads)] bridging.BridgeControlListener. - Received bridge control message NodeToBridgeSnapshot(nodeIdentity=O=PartyB, L=New York, C=US, inboxQueues=[p2p.inbound.DLC9mkSEHYJwoEqfyB49GfZmKkCaPmtZpVmua83Vu8Bx2M], sendQueues=[])
[WARN ] 2020-03-01T20:40:39,405Z [main] utilities.AppendOnlyPersistentMapBase. - Double insert in net.corda.node.utilities.AppendOnlyPersistentMap for entity class class net.corda.node.internal.DBNetworkParametersStorage$PersistentNetworkParameters key 33DCEA5E47A81859A1E567CA8954D8A34A058805CFC91F669DA886D2AF3FD113, not inserting the second time
[INFO ] 2020-03-01T20:40:39,642Z [main] ClassloaderUtils. - Contracts loading for '/tmp/attachment2293242669082859192.jar' took 119 msec
[INFO ] 2020-03-01T20:40:41,059Z [main] statemachine.SingleThreadedStateMachineManager. - Node ready, info: NodeInfo(addresses=[localhost:10008], legalIdentitiesAndCerts=[O=PartyB, L=New York, C=US], platformVersion=5, serial=1582596855872)
[INFO ] 2020-03-01T20:40:41,240Z [main] BasicInfo. - Loaded 2 CorDapp(s)                     : Workflow CorDapp: Template Flows version 1 by vendor Corda Open Source with licence Apache License, Version 2.0, Contract CorDapp: Template CorDapp version 1 by vendor Corda Open Source with licence Apache License, Version 2.0
[INFO ] 2020-03-01T20:40:41,241Z [Node thread-1] internal.Node. - Registering JMX reporter:
[INFO ] 2020-03-01T20:40:41,243Z [Node thread-1] internal.Node. - Registering Jolokia JMX reporter:
[INFO ] 2020-03-01T20:40:41,257Z [main] BasicInfo. - Node for "PartyB" started up and registered in 53.14 sec
[INFO ] 2020-03-01T20:40:41,270Z [main] rpc.RPCServer. - Starting RPC server with configuration RPCServerConfiguration(rpcThreadPoolSize=4, reapInterval=PT1S, deduplicationCacheExpiry=PT24H)
[INFO ] 2020-03-01T20:48:38,474Z [Command line shell terminator] shell.InteractiveShell. - Command shell has exited
[INFO ] 2020-03-01T20:48:38,493Z [Command line shell terminator] BasicInfo. - Shutting down ...
