[INFO ] 2020-03-09T15:34:36,595Z [main] manifests.Manifests. - 122 attributes loaded from 162 stream(s) in 124ms, 122 saved, 2541 ignored: ["ActiveMQ-Version", "Agent-Class", "Ant-Version", "Application-Class", "Application-ID", "Application-Library-Allowable-Codebase", "Application-Name", "Application-Version", "Archiver-Version", "Automatic-Module-Name", "Bnd-LastModified", "Branch", "Build-Date", "Build-Host", "Build-Id", "Build-Java-Version", "Build-Jdk", "Build-Job", "Build-Number", "Build-Time", "Build-Timestamp", "Build-Version", "Built-By", "Built-OS", "Built-Status", "Bundle-Activator", "Bundle-Category", "Bundle-ClassPath", "Bundle-Copyright", "Bundle-Description", "Bundle-DocURL", "Bundle-License", "Bundle-ManifestVersion", "Bundle-Name", "Bundle-NativeCode", "Bundle-RequiredExecutionEnvironment", "Bundle-SymbolicName", "Bundle-Vendor", "Bundle-Version", "Caller-Allowable-Codebase", "Can-Redefine-Classes", "Can-Retransform-Classes", "Can-Set-Native-Method-Prefix", "Caplets", "Change", "Class-Path", "Codebase", "Corda-Platform-Version", "Corda-Release-Version", "Corda-Revision", "Corda-Vendor", "Created-By", "DynamicImport-Package", "Eclipse-BuddyPolicy", "Eclipse-LazyStart", "Export-Package", "Extension-Name", "Fragment-Host", "Git-Revision", "Git-Url", "Gradle-Version", "Hibernate-JpaVersion", "Hibernate-VersionFamily", "Implementation-Build", "Implementation-Build-Date", "Implementation-Build-Id", "Implementation-Title", "Implementation-URL", "Implementation-Url", "Implementation-Vendor", "Implementation-Vendor-Id", "Implementation-Version", "Import-Package", "Include-Resource", "JCabi-Build", "JCabi-Date", "JCabi-Version", "JVM-Args", "Java-Agents", "Java-Vendor", "Java-Version", "Kotlin-Runtime-Component", "Kotlin-Version", "Liquibase-Package", "Log4jReleaseKey", "Log4jReleaseManager", "Log4jReleaseVersion", "Main-Class", "Main-class", "Major-Version", "Manifest-Version", "Min-Java-Version", "Min-Update-Version", "Module-Email", "Module-Origin", "Module-Owner", "Module-Source", "Multi-Release", "Originally-Created-By", "Os-Arch", "Os-Name", "Os-Version", "Permissions", "Premain-Class", "Private-Package", "Provide-Capability", "Require-Capability", "SCM-Revision", "SCM-url", "Scm-Connection", "Scm-Revision", "Scm-Url", "Service-Component", "Specification-Title", "Specification-Vendor", "Specification-Version", "System-Properties", "Tool", "Trusted-Library", "URL", "X-Compile-Source-JDK", "X-Compile-Target-JDK"]
[INFO ] 2020-03-09T15:34:36,765Z [main] BasicInfo. - Logs can be found in                    : /git/HelloWorld/cordapp-template-kotlin/build/nodes/PartyA/logs
[INFO ] 2020-03-09T15:34:38,564Z [main] subcommands.ValidateConfigurationCli. - Actual configuration:
{
    "additionalNodeInfoPollingFrequencyMsec" : 5000,
    "additionalP2PAddresses" : [],
    "attachmentCacheBound" : 1024,
    "baseDirectory" : "/git/HelloWorld/cordapp-template-kotlin/build/nodes/PartyA",
    "blacklistedAttachmentSigningKeys" : [],
    "certificateChainCheckPolicies" : [],
    "cordappSignerKeyFingerprintBlacklist" : [
        "56CA54E803CB87C8472EBD3FBC6A2F1876E814CEEBF74860BD46997F40729367",
        "83088052AF16700457AE2C978A7D8AC38DD6A7C713539D00B897CD03A5E5D31D",
        "6F6696296C3F58B55FB6CA865A025A3A6CC27AD17C4AFABA1E8EF062E0A82739"
    ],
    "crlCheckSoftFail" : true,
    "dataSourceProperties" : "*****",
    "database" : {
        "exportHibernateJMXStatistics" : false,
        "initialiseAppSchema" : "UPDATE",
        "initialiseSchema" : true,
        "mappedSchemaCacheSize" : 100,
        "transactionIsolationLevel" : "REPEATABLE_READ"
    },
    "detectPublicIp" : false,
    "devMode" : true,
    "emailAddress" : "admin@company.com",
    "extraNetworkMapKeys" : [],
    "flowMonitorPeriodMillis" : {
        "nanos" : 0,
        "seconds" : 60
    },
    "flowMonitorSuspensionLoggingThresholdMillis" : {
        "nanos" : 0,
        "seconds" : 60
    },
    "flowTimeout" : {
        "backoffBase" : 1.8,
        "maxRestartCount" : 6,
        "timeout" : {
            "nanos" : 0,
            "seconds" : 30
        }
    },
    "jarDirs" : [],
    "jmxReporterType" : "JOLOKIA",
    "keyStorePassword" : "*****",
    "lazyBridgeStart" : true,
    "myLegalName" : "O=PartyA,L=London,C=GB",
    "networkParameterAcceptanceSettings" : {
        "autoAcceptEnabled" : true,
        "excludedAutoAcceptableParameters" : []
    },
    "noLocalShell" : false,
    "p2pAddress" : "localhost:10005",
    "rpcSettings" : {
        "address" : "localhost:10006",
        "adminAddress" : "localhost:10046",
        "standAloneBroker" : false,
        "useSsl" : false
    },
    "rpcUsers" : [],
    "security" : {
        "authService" : {
            "dataSource" : {
                "passwordEncryption" : "NONE",
                "type" : "INMEMORY",
                "users" : [
                    {
                        "ignoresFallbacks" : false,
                        "resolved" : true,
                        "value" : {
                            "loadFactor" : 0.75,
                            "modCount" : 3,
                            "size" : 3,
                            "table" : {},
                            "threshold" : 3
                        }
                    }
                ]
            }
        }
    },
    "trustStorePassword" : "*****",
    "useTestClock" : false,
    "verifierType" : "InMemory"
}

[INFO ] 2020-03-09T15:34:38,604Z [main] internal.Node. - Vendor: Corda Open Source
[INFO ] 2020-03-09T15:34:38,604Z [main] internal.Node. - Release: 4.3
[INFO ] 2020-03-09T15:34:38,605Z [main] internal.Node. - Platform Version: 5
[INFO ] 2020-03-09T15:34:38,605Z [main] internal.Node. - Revision: d679784a179e95c57696d13c95beeccfe350d7d5
[INFO ] 2020-03-09T15:34:38,608Z [main] internal.Node. - PID: 2233
[INFO ] 2020-03-09T15:34:38,608Z [main] internal.Node. - Main class: /Users/matheusfernandespinheiro/.capsule/apps/net.corda.node.Corda_4.3/corda-node-4.3.jar
[INFO ] 2020-03-09T15:34:38,608Z [main] internal.Node. - CommandLine Args: -Xmx512m -XX:+UseG1GC -XX:+HeapDumpOnOutOfMemoryError -XX:+CrashOnOutOfMemoryError -agentlib:jdwp=transport=dt_socket,server=y,suspend=n,address=5006 -javaagent:drivers/jolokia-jvm-1.6.0-agent.jar=port=7006,logHandlerClass=net.corda.node.JolokiaSlf4jAdapter -javaagent:/Users/matheusfernandespinheiro/.capsule/apps/net.corda.node.Corda_4.3/quasar-core-0.7.10-jdk8.jar=x(antlr**;bftsmart**;co.paralleluniverse**;com.codahale**;com.esotericsoftware**;com.fasterxml**;com.google**;com.ibm**;com.intellij**;com.jcabi**;com.nhaarman**;com.opengamma**;com.typesafe**;com.zaxxer**;de.javakaffee**;groovy**;groovyjarjarantlr**;groovyjarjarasm**;io.atomix**;io.github**;io.netty**;jdk**;junit**;kotlin**;net.bytebuddy**;net.i2p**;org.apache**;org.assertj**;org.bouncycastle**;org.codehaus**;org.crsh**;org.dom4j**;org.fusesource**;org.h2**;org.hamcrest**;org.hibernate**;org.jboss**;org.jcp**;org.joda**;org.junit**;org.mockito**;org.objectweb**;org.objenesis**;org.slf4j**;org.w3c**;org.xml**;org.yaml**;reflectasm**;rx**;org.jolokia**;com.lmax**;picocli**;liquibase**;com.github.benmanes**;org.json**;org.postgresql**;nonapi.io.github.classgraph**) -Dvisualvm.display.name=Corda -Djava.library.path=/Users/matheusfernandespinheiro/Library/Java/Extensions:/Library/Java/Extensions:/Network/Library/Java/Extensions:/System/Library/Java/Extensions:/usr/lib/java:/Users/matheusfernandespinheiro/.capsule/apps/net.corda.node.Corda_4.3 -Dcapsule.app=net.corda.node.Corda_4.3 -Dname=PartyA -Dcapsule.dir=/Users/matheusfernandespinheiro/.capsule/apps/net.corda.node.Corda_4.3 -Dcapsule.jar=/git/HelloWorld/cordapp-template-kotlin/build/nodes/PartyA/corda.jar
[INFO ] 2020-03-09T15:34:38,608Z [main] internal.Node. - bootclasspath: /Library/Java/JavaVirtualMachines/jdk1.8.0_241.jdk/Contents/Home/jre/lib/resources.jar:/Library/Java/JavaVirtualMachines/jdk1.8.0_241.jdk/Contents/Home/jre/lib/rt.jar:/Library/Java/JavaVirtualMachines/jdk1.8.0_241.jdk/Contents/Home/jre/lib/sunrsasign.jar:/Library/Java/JavaVirtualMachines/jdk1.8.0_241.jdk/Contents/Home/jre/lib/jsse.jar:/Library/Java/JavaVirtualMachines/jdk1.8.0_241.jdk/Contents/Home/jre/lib/jce.jar:/Library/Java/JavaVirtualMachines/jdk1.8.0_241.jdk/Contents/Home/jre/lib/charsets.jar:/Library/Java/JavaVirtualMachines/jdk1.8.0_241.jdk/Contents/Home/jre/lib/jfr.jar:/Library/Java/JavaVirtualMachines/jdk1.8.0_241.jdk/Contents/Home/jre/classes
[INFO ] 2020-03-09T15:34:38,608Z [main] internal.Node. - classpath: /git/HelloWorld/cordapp-template-kotlin/build/nodes/PartyA/corda.jar:/Users/matheusfernandespinheiro/.capsule/apps/net.corda.node.Corda_4.3/tools.jar:/Users/matheusfernandespinheiro/.capsule/apps/net.corda.node.Corda_4.3/corda-shell-4.3.jar:/Users/matheusfernandespinheiro/.capsule/apps/net.corda.node.Corda_4.3/corda-rpc-4.3.jar:/Users/matheusfernandespinheiro/.capsule/apps/net.corda.node.Corda_4.3/corda-node-api-4.3.jar:/Users/matheusfernandespinheiro/.capsule/apps/net.corda.node.Corda_4.3/corda-tools-cliutils-4.3.jar:/Users/matheusfernandespinheiro/.capsule/apps/net.corda.node.Corda_4.3/corda-common-configuration-parsing-4.3.jar:/Users/matheusfernandespinheiro/.capsule/apps/net.corda.node.Corda_4.3/corda-common-validation-4.3.jar:/Users/matheusfernandespinheiro/.capsule/apps/net.corda.node.Corda_4.3/corda-common-logging-4.3.jar:/Users/matheusfernandespinheiro/.capsule/apps/net.corda.node.Corda_4.3/corda-confidential-identities-4.3.jar:/Users/matheusfernandespinheiro/.capsule/apps/net.corda.node.Corda_4.3/log4j-slf4j-impl-2.11.2.jar:/Users/matheusfernandespinheiro/.capsule/apps/net.corda.node.Corda_4.3/log4j-web-2.11.2.jar:/Users/matheusfernandespinheiro/.capsule/apps/net.corda.node.Corda_4.3/jul-to-slf4j-1.7.26.jar:/Users/matheusfernandespinheiro/.capsule/apps/net.corda.node.Corda_4.3/corda-jackson-4.3.jar:/Users/matheusfernandespinheiro/.capsule/apps/net.corda.node.Corda_4.3/corda-serialization-4.3.jar:/Users/matheusfernandespinheiro/.capsule/apps/net.corda.node.Corda_4.3/corda-core-4.3.jar:/Users/matheusfernandespinheiro/.capsule/apps/net.corda.node.Corda_4.3/kotlin-stdlib-jdk8-1.2.71.jar:/Users/matheusfernandespinheiro/.capsule/apps/net.corda.node.Corda_4.3/jackson-module-kotlin-2.9.7.jar:/Users/matheusfernandespinheiro/.capsule/apps/net.corda.node.Corda_4.3/kotlin-reflect-1.2.71.jar:/Users/matheusfernandespinheiro/.capsule/apps/net.corda.node.Corda_4.3/quasar-core-0.7.10-jdk8.jar:/Users/matheusfernandespinheiro/.capsule/apps/net.corda.node.Corda_4.3/kryo-serializers-0.43.jar:/Users/matheusfernandespinheiro/.capsule/apps/net.corda.node.Corda_4.3/kryo-4.0.2.jar:/Users/matheusfernandespinheiro/.capsule/apps/net.corda.node.Corda_4.3/jimfs-1.1.jar:/Users/matheusfernandespinheiro/.capsule/apps/net.corda.node.Corda_4.3/metrics-new-relic-1.1.1.jar:/Users/matheusfernandespinheiro/.capsule/apps/net.corda.node.Corda_4.3/guava-28.0-jre.jar:/Users/matheusfernandespinheiro/.capsule/apps/net.corda.node.Corda_4.3/caffeine-2.7.0.jar:/Users/matheusfernandespinheiro/.capsule/apps/net.corda.node.Corda_4.3/disruptor-3.4.2.jar:/Users/matheusfernandespinheiro/.capsule/apps/net.corda.node.Corda_4.3/commons-collections4-4.3.jar:/Users/matheusfernandespinheiro/.capsule/apps/net.corda.node.Corda_4.3/artemis-amqp-protocol-2.6.2.jar:/Users/matheusfernandespinheiro/.capsule/apps/net.corda.node.Corda_4.3/artemis-server-2.6.2.jar:/Users/matheusfernandespinheiro/.capsule/apps/net.corda.node.Corda_4.3/artemis-jdbc-store-2.6.2.jar:/Users/matheusfernandespinheiro/.capsule/apps/net.corda.node.Corda_4.3/artemis-journal-2.6.2.jar:/Users/matheusfernandespinheiro/.capsule/apps/net.corda.node.Corda_4.3/artemis-jms-client-2.6.2.jar:/Users/matheusfernandespinheiro/.capsule/apps/net.corda.node.Corda_4.3/artemis-core-client-2.6.2.jar:/Users/matheusfernandespinheiro/.capsule/apps/net.corda.node.Corda_4.3/artemis-commons-2.6.2.jar:/Users/matheusfernandespinheiro/.capsule/apps/net.corda.node.Corda_4.3/shiro-core-1.4.1.jar:/Users/matheusfernandespinheiro/.capsule/apps/net.corda.node.Corda_4.3/shiro-config-ogdl-1.4.1.jar:/Users/matheusfernandespinheiro/.capsule/apps/net.corda.node.Corda_4.3/commons-beanutils-1.9.3.jar:/Users/matheusfernandespinheiro/.capsule/apps/net.corda.node.Corda_4.3/jcabi-manifests-1.1.jar:/Users/matheusfernandespinheiro/.capsule/apps/net.corda.node.Corda_4.3/forms_rt-7.0.3.jar:/Users/matheusfernandespinheiro/.capsule/apps/net.corda.node.Corda_4.3/metrics-jmx-4.1.0.jar:/Users/matheusfernandespinheiro/.capsule/apps/net.corda.node.Corda_4.3/config-1.3.4.jar:/Users/matheusfernandespinheiro/.capsule/apps/net.corda.node.Corda_4.3/h2-1.4.199.jar:/Users/matheusfernandespinheiro/.capsule/apps/net.corda.node.Corda_4.3/postgresql-42.2.5.jar:/Users/matheusfernandespinheiro/.capsule/apps/net.corda.node.Corda_4.3/HikariCP-3.3.1.jar:/Users/matheusfernandespinheiro/.capsule/apps/net.corda.node.Corda_4.3/hibernate-java8-5.4.3.Final.jar:/Users/matheusfernandespinheiro/.capsule/apps/net.corda.node.Corda_4.3/hibernate-core-5.4.3.Final.jar:/Users/matheusfernandespinheiro/.capsule/apps/net.corda.node.Corda_4.3/okhttp-3.14.2.jar:/Users/matheusfernandespinheiro/.capsule/apps/net.corda.node.Corda_4.3/picocli-3.9.6.jar:/Users/matheusfernandespinheiro/.capsule/apps/net.corda.node.Corda_4.3/library-master-v1.1-beta-g6215ec8-87.jar:/Users/matheusfernandespinheiro/.capsule/apps/net.corda.node.Corda_4.3/commons-codec-1.13.jar:/Users/matheusfernandespinheiro/.capsule/apps/net.corda.node.Corda_4.3/copycat-client-1.2.3.jar:/Users/matheusfernandespinheiro/.capsule/apps/net.corda.node.Corda_4.3/copycat-server-1.2.3.jar:/Users/matheusfernandespinheiro/.capsule/apps/net.corda.node.Corda_4.3/catalyst-netty-1.1.2.jar:/Users/matheusfernandespinheiro/.capsule/apps/net.corda.node.Corda_4.3/jolokia-jvm-1.6.1-agent.jar:/Users/matheusfernandespinheiro/.capsule/apps/net.corda.node.Corda_4.3/kotlin-stdlib-jre8-1.2.71.jar:/Users/matheusfernandespinheiro/.capsule/apps/net.corda.node.Corda_4.3/proton-j-0.33.0.jar:/Users/matheusfernandespinheiro/.capsule/apps/net.corda.node.Corda_4.3/classgraph-4.8.41.jar:/Users/matheusfernandespinheiro/.capsule/apps/net.corda.node.Corda_4.3/liquibase-core-3.6.3.jar:/Users/matheusfernandespinheiro/.capsule/apps/net.corda.node.Corda_4.3/jackson-datatype-jsr310-2.9.7.jar:/Users/matheusfernandespinheiro/.capsule/apps/net.corda.node.Corda_4.3/jackson-databind-2.9.7.jar:/Users/matheusfernandespinheiro/.capsule/apps/net.corda.node.Corda_4.3/liquibase-slf4j-2.0.0.jar:/Users/matheusfernandespinheiro/.capsule/apps/net.corda.node.Corda_4.3/crash.connectors.ssh-810d2b774b85d4938be01b9b65e29e4fddbc450b.jar:/Users/matheusfernandespinheiro/.capsule/apps/net.corda.node.Corda_4.3/crash.shell-810d2b774b85d4938be01b9b65e29e4fddbc450b.jar:/Users/matheusfernandespinheiro/.capsule/apps/net.corda.node.Corda_4.3/jansi-1.18.jar:/Users/matheusfernandespinheiro/.capsule/apps/net.corda.node.Corda_4.3/log4j-core-2.11.2.jar:/Users/matheusfernandespinheiro/.capsule/apps/net.corda.node.Corda_4.3/commons-io-2.6.jar:/Users/matheusfernandespinheiro/.capsule/apps/net.corda.node.Corda_4.3/jcabi-log-0.14.jar:/Users/matheusfernandespinheiro/.capsule/apps/net.corda.node.Corda_4.3/metrics-core-4.1.0.jar:/Users/matheusfernandespinheiro/.capsule/apps/net.corda.node.Corda_4.3/shiro-cache-1.4.1.jar:/Users/matheusfernandespinheiro/.capsule/apps/net.corda.node.Corda_4.3/shiro-crypto-hash-1.4.1.jar:/Users/matheusfernandespinheiro/.capsule/apps/net.corda.node.Corda_4.3/shiro-crypto-cipher-1.4.1.jar:/Users/matheusfernandespinheiro/.capsule/apps/net.corda.node.Corda_4.3/shiro-config-core-1.4.1.jar:/Users/matheusfernandespinheiro/.capsule/apps/net.corda.node.Corda_4.3/shiro-event-1.4.1.jar:/Users/matheusfernandespinheiro/.capsule/apps/net.corda.node.Corda_4.3/shiro-crypto-core-1.4.1.jar:/Users/matheusfernandespinheiro/.capsule/apps/net.corda.node.Corda_4.3/shiro-lang-1.4.1.jar:/Users/matheusfernandespinheiro/.capsule/apps/net.corda.node.Corda_4.3/copycat-protocol-1.2.3.jar:/Users/matheusfernandespinheiro/.capsule/apps/net.corda.node.Corda_4.3/catalyst-transport-1.1.2.jar:/Users/matheusfernandespinheiro/.capsule/apps/net.corda.node.Corda_4.3/jcl-over-slf4j-1.7.26.jar:/Users/matheusfernandespinheiro/.capsule/apps/net.corda.node.Corda_4.3/mina-core-2.0.16.jar:/Users/matheusfernandespinheiro/.capsule/apps/net.corda.node.Corda_4.3/catalyst-concurrent-1.1.2.jar:/Users/matheusfernandespinheiro/.capsule/apps/net.corda.node.Corda_4.3/sshd-pam-0.11.0.jar:/Users/matheusfernandespinheiro/.capsule/apps/net.corda.node.Corda_4.3/sshd-core-1.6.0.jar:/Users/matheusfernandespinheiro/.capsule/apps/net.corda.node.Corda_4.3/catalyst-serializer-1.1.2.jar:/Users/matheusfernandespinheiro/.capsule/apps/net.corda.node.Corda_4.3/catalyst-buffer-1.1.2.jar:/Users/matheusfernandespinheiro/.capsule/apps/net.corda.node.Corda_4.3/catalyst-common-1.1.2.jar:/Users/matheusfernandespinheiro/.capsule/apps/net.corda.node.Corda_4.3/slf4j-api-1.7.26.jar:/Users/matheusfernandespinheiro/.capsule/apps/net.corda.node.Corda_4.3/log4j-api-2.11.2.jar:/Users/matheusfernandespinheiro/.capsule/apps/net.corda.node.Corda_4.3/kotlin-stdlib-jdk7-1.2.71.jar:/Users/matheusfernandespinheiro/.capsule/apps/net.corda.node.Corda_4.3/kotlin-stdlib-jre7-1.2.71.jar:/Users/matheusfernandespinheiro/.capsule/apps/net.corda.node.Corda_4.3/kotlin-stdlib-1.2.71.jar:/Users/matheusfernandespinheiro/.capsule/apps/net.corda.node.Corda_4.3/reflectasm-1.11.3.jar:/Users/matheusfernandespinheiro/.capsule/apps/net.corda.node.Corda_4.3/minlog-1.3.0.jar:/Users/matheusfernandespinheiro/.capsule/apps/net.corda.node.Corda_4.3/objenesis-2.5.1.jar:/Users/matheusfernandespinheiro/.capsule/apps/net.corda.node.Corda_4.3/failureaccess-1.0.1.jar:/Users/matheusfernandespinheiro/.capsule/apps/net.corda.node.Corda_4.3/listenablefuture-9999.0-empty-to-avoid-conflict-with-guava.jar:/Users/matheusfernandespinheiro/.capsule/apps/net.corda.node.Corda_4.3/jsr305-3.0.2.jar:/Users/matheusfernandespinheiro/.capsule/apps/net.corda.node.Corda_4.3/checker-qual-2.8.1.jar:/Users/matheusfernandespinheiro/.capsule/apps/net.corda.node.Corda_4.3/error_prone_annotations-2.3.3.jar:/Users/matheusfernandespinheiro/.capsule/apps/net.corda.node.Corda_4.3/j2objc-annotations-1.3.jar:/Users/matheusfernandespinheiro/.capsule/apps/net.corda.node.Corda_4.3/animal-sniffer-annotations-1.17.jar:/Users/matheusfernandespinheiro/.capsule/apps/net.corda.node.Corda_4.3/commons-collections-3.2.2.jar:/Users/matheusfernandespinheiro/.capsule/apps/net.corda.node.Corda_4.3/artemis-native-2.6.2.jar:/Users/matheusfernandespinheiro/.capsule/apps/net.corda.node.Corda_4.3/hibernate-commons-annotations-5.1.0.Final.jar:/Users/matheusfernandespinheiro/.capsule/apps/net.corda.node.Corda_4.3/jboss-logging-3.3.2.Final.jar:/Users/matheusfernandespinheiro/.capsule/apps/net.corda.node.Corda_4.3/artemis-selector-2.6.2.jar:/Users/matheusfernandespinheiro/.capsule/apps/net.corda.node.Corda_4.3/netty-handler-4.1.22.Final.jar:/Users/matheusfernandespinheiro/.capsule/apps/net.corda.node.Corda_4.3/netty-codec-http-4.1.22.Final.jar:/Users/matheusfernandespinheiro/.capsule/apps/net.corda.node.Corda_4.3/netty-codec-4.1.22.Final.jar:/Users/matheusfernandespinheiro/.capsule/apps/net.corda.node.Corda_4.3/netty-transport-native-kqueue-4.1.22.Final-osx-x86_64.jar:/Users/matheusfernandespinheiro/.capsule/apps/net.corda.node.Corda_4.3/netty-transport-native-epoll-4.1.22.Final-linux-x86_64.jar:/Users/matheusfernandespinheiro/.capsule/apps/net.corda.node.Corda_4.3/netty-transport-native-unix-common-4.1.22.Final.jar:/Users/matheusfernandespinheiro/.capsule/apps/net.corda.node.Corda_4.3/netty-transport-4.1.22.Final.jar:/Users/matheusfernandespinheiro/.capsule/apps/net.corda.node.Corda_4.3/netty-buffer-4.1.22.Final.jar:/Users/matheusfernandespinheiro/.capsule/apps/net.corda.node.Corda_4.3/netty-resolver-4.1.22.Final.jar:/Users/matheusfernandespinheiro/.capsule/apps/net.corda.node.Corda_4.3/netty-common-4.1.22.Final.jar:/Users/matheusfernandespinheiro/.capsule/apps/net.corda.node.Corda_4.3/geronimo-json_1.0_spec-1.0-alpha-1.jar:/Users/matheusfernandespinheiro/.capsule/apps/net.corda.node.Corda_4.3/jgroups-3.6.13.Final.jar:/Users/matheusfernandespinheiro/.capsule/apps/net.corda.node.Corda_4.3/johnzon-core-0.9.5.jar:/Users/matheusfernandespinheiro/.capsule/apps/net.corda.node.Corda_4.3/forms-1.1-preview.jar:/Users/matheusfernandespinheiro/.capsule/apps/net.corda.node.Corda_4.3/jdom-1.0.jar:/Users/matheusfernandespinheiro/.capsule/apps/net.corda.node.Corda_4.3/javax.persistence-api-2.2.jar:/Users/matheusfernandespinheiro/.capsule/apps/net.corda.node.Corda_4.3/javassist-3.24.0-GA.jar:/Users/matheusfernandespinheiro/.capsule/apps/net.corda.node.Corda_4.3/byte-buddy-1.9.10.jar:/Users/matheusfernandespinheiro/.capsule/apps/net.corda.node.Corda_4.3/antlr-2.7.7.jar:/Users/matheusfernandespinheiro/.capsule/apps/net.corda.node.Corda_4.3/jboss-transaction-api_1.2_spec-1.1.1.Final.jar:/Users/matheusfernandespinheiro/.capsule/apps/net.corda.node.Corda_4.3/jandex-2.0.5.Final.jar:/Users/matheusfernandespinheiro/.capsule/apps/net.corda.node.Corda_4.3/classmate-1.3.4.jar:/Users/matheusfernandespinheiro/.capsule/apps/net.corda.node.Corda_4.3/jaxb-runtime-2.3.1.jar:/Users/matheusfernandespinheiro/.capsule/apps/net.corda.node.Corda_4.3/jaxb-api-2.3.1.jar:/Users/matheusfernandespinheiro/.capsule/apps/net.corda.node.Corda_4.3/javax.activation-api-1.2.0.jar:/Users/matheusfernandespinheiro/.capsule/apps/net.corda.node.Corda_4.3/dom4j-2.1.1.jar:/Users/matheusfernandespinheiro/.capsule/apps/net.corda.node.Corda_4.3/okio-1.17.2.jar:/Users/matheusfernandespinheiro/.capsule/apps/net.corda.node.Corda_4.3/jolokia-core-1.6.1.jar:/Users/matheusfernandespinheiro/.capsule/apps/net.corda.node.Corda_4.3/json-simple-1.1.1.jar:/Users/matheusfernandespinheiro/.capsule/apps/net.corda.node.Corda_4.3/newrelic-api-3.10.0.jar:/Users/matheusfernandespinheiro/.capsule/apps/net.corda.node.Corda_4.3/HdrHistogram-2.1.9.jar:/Users/matheusfernandespinheiro/.capsule/apps/net.corda.node.Corda_4.3/LatencyUtils-2.0.3.jar:/Users/matheusfernandespinheiro/.capsule/apps/net.corda.node.Corda_4.3/rxjava-1.3.8.jar:/Users/matheusfernandespinheiro/.capsule/apps/net.corda.node.Corda_4.3/commons-lang3-3.9.jar:/Users/matheusfernandespinheiro/.capsule/apps/net.corda.node.Corda_4.3/eddsa-0.2.0.jar:/Users/matheusfernandespinheiro/.capsule/apps/net.corda.node.Corda_4.3/bcpkix-jdk15on-1.60.jar:/Users/matheusfernandespinheiro/.capsule/apps/net.corda.node.Corda_4.3/bcprov-jdk15on-1.60.jar:/Users/matheusfernandespinheiro/.capsule/apps/net.corda.node.Corda_4.3/asm-7.1.jar:/Users/matheusfernandespinheiro/.capsule/apps/net.corda.node.Corda_4.3/snappy-0.4.jar:/Users/matheusfernandespinheiro/.capsule/apps/net.corda.node.Corda_4.3/jackson-dataformat-yaml-2.9.7.jar:/Users/matheusfernandespinheiro/.capsule/apps/net.corda.node.Corda_4.3/snakeyaml-1.23.jar:/Users/matheusfernandespinheiro/.capsule/apps/net.corda.node.Corda_4.3/jackson-annotations-2.9.0.jar:/Users/matheusfernandespinheiro/.capsule/apps/net.corda.node.Corda_4.3/jackson-core-2.9.7.jar:/Users/matheusfernandespinheiro/.capsule/apps/net.corda.node.Corda_4.3/crash.cli-810d2b774b85d4938be01b9b65e29e4fddbc450b.jar:/Users/matheusfernandespinheiro/.capsule/apps/net.corda.node.Corda_4.3/groovy-all-1.8.9.jar:/Users/matheusfernandespinheiro/.capsule/apps/net.corda.node.Corda_4.3/kotlin-stdlib-common-1.2.71.jar:/Users/matheusfernandespinheiro/.capsule/apps/net.corda.node.Corda_4.3/annotations-13.0.jar:/Users/matheusfernandespinheiro/.capsule/apps/net.corda.node.Corda_4.3/txw2-2.3.1.jar:/Users/matheusfernandespinheiro/.capsule/apps/net.corda.node.Corda_4.3/istack-commons-runtime-3.0.7.jar:/Users/matheusfernandespinheiro/.capsule/apps/net.corda.node.Corda_4.3/stax-ex-1.8.jar:/Users/matheusfernandespinheiro/.capsule/apps/net.corda.node.Corda_4.3/FastInfoset-1.2.15.jar:/Users/matheusfernandespinheiro/.capsule/apps/net.corda.node.Corda_4.3/geronimo-jms_2.0_spec-1.0-alpha-2.jar:/Users/matheusfernandespinheiro/.capsule/apps/net.corda.node.Corda_4.3/jpam-1.1.jar:/Users/matheusfernandespinheiro/.capsule/apps/net.corda.node.Corda_4.3/corda-node-4.3.jar:/git/HelloWorld/cordapp-template-kotlin/build/nodes/PartyA/drivers/jolokia-jvm-1.6.0-agent.jar:drivers/jolokia-jvm-1.6.0-agent.jar:/Users/matheusfernandespinheiro/.capsule/apps/net.corda.node.Corda_4.3/quasar-core-0.7.10-jdk8.jar
[INFO ] 2020-03-09T15:34:38,608Z [main] internal.Node. - VM Java HotSpot(TM) 64-Bit Server VM Oracle Corporation 25.241-b07
[INFO ] 2020-03-09T15:34:38,608Z [main] internal.Node. - Machine: Matheuss-iMac.local
[INFO ] 2020-03-09T15:34:38,608Z [main] internal.Node. - Working Directory: /git/HelloWorld/cordapp-template-kotlin/build/nodes/PartyA
[WARN ] 2020-03-09T15:34:38,683Z [main] internal.Node. - Unable to determine whether agent is running: sun.tools.attach.LinuxVirtualMachine.isLinuxThreads()Z.
You may need to pass in -Djdk.attach.allowAttachSelf=true if running on a Java 9 or later VM
[INFO ] 2020-03-09T15:34:38,683Z [main] internal.Node. - Starting as node on localhost:10005
[INFO ] 2020-03-09T15:34:38,866Z [main] cordapp.JarScanningCordappLoader. - Looking for CorDapps in [/git/HelloWorld/cordapp-template-kotlin/build/nodes/PartyA/cordapps]
[INFO ] 2020-03-09T15:34:38,900Z [main] cordapp.JarScanningCordappLoader. - Loading CorDapps from RestrictedURL(url=file:/git/HelloWorld/cordapp-template-kotlin/build/nodes/PartyA/cordapps/contracts-0.1.jar, rootPackageName=null), RestrictedURL(url=file:/git/HelloWorld/cordapp-template-kotlin/build/nodes/PartyA/cordapps/workflows-0.1.jar, rootPackageName=null)
[INFO ] 2020-03-09T15:34:38,930Z [main] cordapp.JarScanningCordappLoader. - Scanning CorDapp in file:/git/HelloWorld/cordapp-template-kotlin/build/nodes/PartyA/cordapps/contracts-0.1.jar
[INFO ] 2020-03-09T15:34:39,155Z [main] cordapp.JarScanningCordappLoader. - Scanning CorDapp in file:/git/HelloWorld/cordapp-template-kotlin/build/nodes/PartyA/cordapps/workflows-0.1.jar
[WARN ] 2020-03-09T15:34:40,417Z [main] internal.Node. - This node is running in development mode! 👩‍💻   This is not safe for production deployment.
[INFO ] 2020-03-09T15:34:40,594Z [main] internal.Node. - Node starting up ...
[INFO ] 2020-03-09T15:34:40,790Z [main] internal.NodeFlowManager. - Registered com.template.flows.IOUFlow to initiate com.template.flows.IOUFlowResponder (version 1)
[WARN ] 2020-03-09T15:34:41,047Z [main] plugin.PluginContext. - No version found will use unknown value instead
[INFO ] 2020-03-09T15:34:41,083Z [main] plugin.PluginManager. - Loaded plugin Plugin[type=SSHPlugin,interface=SSHPlugin]
[INFO ] 2020-03-09T15:34:41,085Z [main] plugin.PluginManager. - Loaded plugin Plugin[type=SSHInlinePlugin,interface=CommandPlugin]
[INFO ] 2020-03-09T15:34:41,086Z [main] plugin.PluginManager. - Loaded plugin Plugin[type=KeyAuthenticationPlugin,interface=KeyAuthenticationPlugin]
[INFO ] 2020-03-09T15:34:41,092Z [main] plugin.PluginManager. - Loaded plugin Plugin[type=CRaSHShellFactory,interface=ShellFactory]
[INFO ] 2020-03-09T15:34:41,097Z [main] plugin.PluginManager. - Loaded plugin Plugin[type=GroovyLanguageProxy,interface=Language]
[INFO ] 2020-03-09T15:34:41,098Z [main] plugin.PluginManager. - Loaded plugin Plugin[type=JavaLanguage,interface=Language]
[INFO ] 2020-03-09T15:34:41,099Z [main] plugin.PluginManager. - Loaded plugin Plugin[type=ScriptLanguage,interface=Language]
[INFO ] 2020-03-09T15:34:41,100Z [main] plugin.PluginManager. - Loaded plugin Plugin[type=JaasAuthenticationPlugin,interface=AuthenticationPlugin]
[INFO ] 2020-03-09T15:34:41,101Z [main] plugin.PluginManager. - Loaded plugin Plugin[type=SimpleAuthenticationPlugin,interface=AuthenticationPlugin]
[INFO ] 2020-03-09T15:34:41,114Z [main] ssh.SSHPlugin. - Could not boot SSHD due to missing due to missing port configuration
[INFO ] 2020-03-09T15:34:41,114Z [main] plugin.PluginManager. - Initialized plugin Plugin[type=SSHPlugin,interface=SSHPlugin]
[INFO ] 2020-03-09T15:34:41,114Z [main] plugin.PluginManager. - Initialized plugin Plugin[type=SSHInlinePlugin,interface=CommandPlugin]
[INFO ] 2020-03-09T15:34:41,114Z [main] plugin.PluginManager. - Initialized plugin Plugin[type=KeyAuthenticationPlugin,interface=KeyAuthenticationPlugin]
[INFO ] 2020-03-09T15:34:41,138Z [main] plugin.PluginManager. - Initialized plugin Plugin[type=GroovyLanguageProxy,interface=Language]
[INFO ] 2020-03-09T15:34:41,138Z [main] plugin.PluginManager. - Initialized plugin Plugin[type=ScriptLanguage,interface=Language]
[INFO ] 2020-03-09T15:34:41,151Z [main] plugin.PluginManager. - Initialized plugin Plugin[type=CRaSHShellFactory,interface=ShellFactory]
[INFO ] 2020-03-09T15:34:41,151Z [main] plugin.PluginManager. - Initialized plugin Plugin[type=JaasAuthenticationPlugin,interface=AuthenticationPlugin]
[INFO ] 2020-03-09T15:34:41,151Z [main] plugin.PluginManager. - Initialized plugin Plugin[type=SimpleAuthenticationPlugin,interface=AuthenticationPlugin]
[INFO ] 2020-03-09T15:34:41,151Z [main] plugin.PluginManager. - Initialized plugin Plugin[type=CordaAuthenticationPlugin,interface=AuthenticationPlugin]
[INFO ] 2020-03-09T15:34:45,359Z [main] internal.Node. - Loaded network parameters: NetworkParameters {
      minimumPlatformVersion=5
      notaries=[NotaryInfo(identity=O=Notary, L=London, C=GB, validating=false)]
      maxMessageSize=10485760
      maxTransactionSize=524288000
      whitelistedContractImplementations {
        
      }
      eventHorizon=PT720H
      packageOwnership {
        
      }
      modifiedTime=2020-03-05T15:02:15.806Z
      epoch=1
  }
[INFO ] 2020-03-09T15:34:45,397Z [main] hikari.HikariDataSource. - HikariPool-1 - Starting...
[INFO ] 2020-03-09T15:34:45,835Z [main] hikari.HikariDataSource. - HikariPool-1 - Start completed.
[INFO ] 2020-03-09T15:34:49,855Z [main] jvm.JdbcExecutor. - SELECT MD5SUM FROM PUBLIC.DATABASECHANGELOG WHERE MD5SUM IS NOT NULL
[INFO ] 2020-03-09T15:34:49,886Z [main] jvm.JdbcExecutor. - SELECT COUNT(*) FROM PUBLIC.DATABASECHANGELOG
[INFO ] 2020-03-09T15:34:49,889Z [main] changelog.StandardChangeLogHistoryService. - Reading from PUBLIC.DATABASECHANGELOG
[INFO ] 2020-03-09T15:34:49,898Z [main] jvm.JdbcExecutor. - SELECT * FROM PUBLIC.DATABASECHANGELOG ORDER BY DATEEXECUTED ASC, ORDEREXECUTED ASC
[INFO ] 2020-03-09T15:34:49,925Z [main] jvm.JdbcExecutor. - SELECT COUNT(*) FROM PUBLIC.DATABASECHANGELOGLOCK
[INFO ] 2020-03-09T15:34:49,926Z [main] jvm.JdbcExecutor. - SELECT COUNT(*) FROM PUBLIC.DATABASECHANGELOGLOCK
[INFO ] 2020-03-09T15:34:50,080Z [main] jvm.JdbcExecutor. - SELECT LOCKED FROM PUBLIC.DATABASECHANGELOGLOCK WHERE ID=1
[INFO ] 2020-03-09T15:34:50,090Z [main] lockservice.StandardLockService. - Successfully acquired change log lock
[INFO ] 2020-03-09T15:34:50,100Z [main] lockservice.StandardLockService. - Successfully released change log lock
[INFO ] 2020-03-09T15:34:50,133Z [main] internal.Node. - Connected to H2 database.
[INFO ] 2020-03-09T15:34:50,183Z [main] persistence.HibernateConfiguration. - Init HibernateConfiguration for schemas: [CommonSchemaV1(name=net.corda.core.schemas.CommonSchema, version=1), VaultSchemaV1(name=net.corda.node.services.vault.VaultSchema, version=1), NodeInfoSchemaV1(name=net.corda.node.internal.schemas.NodeInfoSchema, version=1), NodeCoreV1(name=net.corda.node.services.schema.NodeSchemaService$NodeCore, version=1)]
[INFO ] 2020-03-09T15:34:50,186Z [main] persistence.HibernateConfiguration. - Creating session factory for schemas: [CommonSchemaV1(name=net.corda.core.schemas.CommonSchema, version=1), VaultSchemaV1(name=net.corda.node.services.vault.VaultSchema, version=1), NodeInfoSchemaV1(name=net.corda.node.internal.schemas.NodeInfoSchema, version=1), NodeCoreV1(name=net.corda.node.services.schema.NodeSchemaService$NodeCore, version=1)]
[INFO ] 2020-03-09T15:34:53,060Z [main] persistence.HibernateConfiguration. - Created session factory for schemas: [CommonSchemaV1(name=net.corda.core.schemas.CommonSchema, version=1), VaultSchemaV1(name=net.corda.node.services.vault.VaultSchema, version=1), NodeInfoSchemaV1(name=net.corda.node.internal.schemas.NodeInfoSchema, version=1), NodeCoreV1(name=net.corda.node.services.schema.NodeSchemaService$NodeCore, version=1)]
[INFO ] 2020-03-09T15:34:53,647Z [main] network.NetworkMapUpdater. - Auto-accept enabled for network parameter changes which modify only: [epoch, modifiedTime, packageOwnership, whitelistedContractImplementations]
[INFO ] 2020-03-09T15:34:53,715Z [RxIoScheduler-2] network.PersistentNetworkMapCache. - Adding node with info: NodeInfo(addresses=[localhost:10002], legalIdentitiesAndCerts=[O=Notary, L=London, C=GB], platformVersion=5, serial=1583420531233)
[INFO ] 2020-03-09T15:34:53,719Z [main] security.RPCSecurityManagerImpl. - Constructing realm from list of users in config [User(user1, permissions=[ALL])]
[INFO ] 2020-03-09T15:34:53,757Z [RxIoScheduler-2] network.PersistentNetworkMapCache. - Previous node was identical to incoming one - doing nothing
[INFO ] 2020-03-09T15:34:53,762Z [RxIoScheduler-2] network.PersistentNetworkMapCache. - Adding node with info: NodeInfo(addresses=[localhost:10008], legalIdentitiesAndCerts=[O=PartyB, L=New York, C=US], platformVersion=5, serial=1583420525118)
[INFO ] 2020-03-09T15:34:53,778Z [RxIoScheduler-2] network.PersistentNetworkMapCache. - Previous node was identical to incoming one - doing nothing
[INFO ] 2020-03-09T15:34:53,780Z [RxIoScheduler-2] network.PersistentNetworkMapCache. - Adding node with info: NodeInfo(addresses=[localhost:10005], legalIdentitiesAndCerts=[O=PartyA, L=London, C=GB], platformVersion=5, serial=1583420530759)
[INFO ] 2020-03-09T15:34:53,790Z [RxIoScheduler-2] network.PersistentNetworkMapCache. - Previous node was identical to incoming one - doing nothing
[INFO ] 2020-03-09T15:34:54,084Z [main] BasicInfo. - Advertised P2P messaging addresses      : localhost:10005
[INFO ] 2020-03-09T15:34:54,091Z [main] BasicInfo. - RPC connection address                  : localhost:10006
[INFO ] 2020-03-09T15:34:54,094Z [main] BasicInfo. - RPC admin connection address            : localhost:10046
[INFO ] 2020-03-09T15:34:55,385Z [main] messaging.ArtemisMessagingServer. - P2P messaging server listening on 0.0.0.0:10005
[INFO ] 2020-03-09T15:34:55,767Z [main] internal.ArtemisMessagingClient. - Connecting to message broker: localhost:10005
[INFO ] 2020-03-09T15:34:56,344Z [main] internal.ArtemisMessagingClient. - Connecting to message broker: localhost:10005
[INFO ] 2020-03-09T15:34:56,491Z [main] messaging.P2PMessagingClient. - Connecting to message broker: localhost:10005
[INFO ] 2020-03-09T15:34:56,695Z [Thread-3 (ActiveMQ-client-global-threads)] bridging.BridgeControlListener. - Received bridge control message NodeToBridgeSnapshot(nodeIdentity=O=PartyA, L=London, C=GB, inboxQueues=[p2p.inbound.DLDacbHgfEsJu4shQmNBuYce4BhEmERFuF4TMXB9ea5KUj], sendQueues=[])
[WARN ] 2020-03-09T15:34:56,713Z [main] utilities.AppendOnlyPersistentMapBase. - Double insert in net.corda.node.utilities.AppendOnlyPersistentMap for entity class class net.corda.node.internal.DBNetworkParametersStorage$PersistentNetworkParameters key 0312F9ED30F62318539D735E82053B448595F73FDB5463B453AC866622D8C7CD, not inserting the second time
[INFO ] 2020-03-09T15:34:56,795Z [main] ClassloaderUtils. - Contracts loading for '/var/folders/df/3lcfhs9j0r7g0_1sz_7f35zm0000gn/T/attachment5225850700397155363.jar' took 10 msec
[INFO ] 2020-03-09T15:34:57,368Z [main] statemachine.SingleThreadedStateMachineManager. - Node ready, info: NodeInfo(addresses=[localhost:10005], legalIdentitiesAndCerts=[O=PartyA, L=London, C=GB], platformVersion=5, serial=1583420530759)
[INFO ] 2020-03-09T15:34:57,421Z [Node thread-1] internal.Node. - Registering JMX reporter:
[INFO ] 2020-03-09T15:34:57,422Z [Node thread-1] internal.Node. - Registering Jolokia JMX reporter:
[INFO ] 2020-03-09T15:34:57,432Z [main] BasicInfo. - Loaded 2 CorDapp(s)                     : Contract CorDapp: Template CorDapp version 1 by vendor Corda Open Source with licence Apache License, Version 2.0, Workflow CorDapp: Template Flows version 1 by vendor Corda Open Source with licence Apache License, Version 2.0
[INFO ] 2020-03-09T15:34:57,524Z [main] BasicInfo. - Node for "PartyA" started up and registered in 22.76 sec
[INFO ] 2020-03-09T15:34:57,887Z [main] rpc.RPCServer. - Starting RPC server with configuration RPCServerConfiguration(rpcThreadPoolSize=4, reapInterval=PT1S, deduplicationCacheExpiry=PT24H)
[WARN ] 2020-03-09T16:11:27,912Z [HikariPool-1 housekeeper] pool.HikariPool. - HikariPool-1 - Thread starvation or clock leap detected (housekeeper delta=25m11s957ms).
[WARN ] 2020-03-09T16:11:32,837Z [Thread-53 (ActiveMQ-server-org.apache.activemq.artemis.core.server.impl.ActiveMQServerImpl$5@7dfdf161)] core.client. - AMQ212037: Connection failure has been detected: AMQ119014: Did not receive data from /127.0.0.1:49255 within the 60,000ms connection TTL. The connection will now be closed. [code=CONNECTION_TIMEDOUT]
[WARN ] 2020-03-09T16:11:32,846Z [Thread-39 (ActiveMQ-server-org.apache.activemq.artemis.core.server.impl.ActiveMQServerImpl$5@102ee705)] core.client. - AMQ212037: Connection failure has been detected: AMQ119014: Did not receive data from /127.0.0.1:49256 within the 60,000ms connection TTL. The connection will now be closed. [code=CONNECTION_TIMEDOUT]
[ERROR] 2020-03-09T16:11:32,981Z [Thread-16] errorAndTerminate. - Connection to the broker was lost. Node is shutting down.
[WARN ] 2020-03-09T16:11:33,643Z [Thread-53 (ActiveMQ-server-org.apache.activemq.artemis.core.server.impl.ActiveMQServerImpl$5@7dfdf161)] core.client. - AMQ212037: Connection failure has been detected: AMQ119014: Did not receive data from /127.0.0.1:49254 within the 60,000ms connection TTL. The connection will now be closed. [code=CONNECTION_TIMEDOUT]
[WARN ] 2020-03-09T16:11:33,937Z [Thread-53 (ActiveMQ-server-org.apache.activemq.artemis.core.server.impl.ActiveMQServerImpl$5@7dfdf161)] core.client. - AMQ212037: Connection failure has been detected: AMQ119014: Did not receive data from /127.0.0.1:49253 within the 60,000ms connection TTL. The connection will now be closed. [code=CONNECTION_TIMEDOUT]
[INFO ] 2020-03-09T18:59:04,566Z [main] cliutils.CordaCliWrapper. - Application Args: 
[INFO ] 2020-03-09T18:59:05,736Z [main] manifests.Manifests. - 122 attributes loaded from 162 stream(s) in 138ms, 122 saved, 2541 ignored: ["ActiveMQ-Version", "Agent-Class", "Ant-Version", "Application-Class", "Application-ID", "Application-Library-Allowable-Codebase", "Application-Name", "Application-Version", "Archiver-Version", "Automatic-Module-Name", "Bnd-LastModified", "Branch", "Build-Date", "Build-Host", "Build-Id", "Build-Java-Version", "Build-Jdk", "Build-Job", "Build-Number", "Build-Time", "Build-Timestamp", "Build-Version", "Built-By", "Built-OS", "Built-Status", "Bundle-Activator", "Bundle-Category", "Bundle-ClassPath", "Bundle-Copyright", "Bundle-Description", "Bundle-DocURL", "Bundle-License", "Bundle-ManifestVersion", "Bundle-Name", "Bundle-NativeCode", "Bundle-RequiredExecutionEnvironment", "Bundle-SymbolicName", "Bundle-Vendor", "Bundle-Version", "Caller-Allowable-Codebase", "Can-Redefine-Classes", "Can-Retransform-Classes", "Can-Set-Native-Method-Prefix", "Caplets", "Change", "Class-Path", "Codebase", "Corda-Platform-Version", "Corda-Release-Version", "Corda-Revision", "Corda-Vendor", "Created-By", "DynamicImport-Package", "Eclipse-BuddyPolicy", "Eclipse-LazyStart", "Export-Package", "Extension-Name", "Fragment-Host", "Git-Revision", "Git-Url", "Gradle-Version", "Hibernate-JpaVersion", "Hibernate-VersionFamily", "Implementation-Build", "Implementation-Build-Date", "Implementation-Build-Id", "Implementation-Title", "Implementation-URL", "Implementation-Url", "Implementation-Vendor", "Implementation-Vendor-Id", "Implementation-Version", "Import-Package", "Include-Resource", "JCabi-Build", "JCabi-Date", "JCabi-Version", "JVM-Args", "Java-Agents", "Java-Vendor", "Java-Version", "Kotlin-Runtime-Component", "Kotlin-Version", "Liquibase-Package", "Log4jReleaseKey", "Log4jReleaseManager", "Log4jReleaseVersion", "Main-Class", "Main-class", "Major-Version", "Manifest-Version", "Min-Java-Version", "Min-Update-Version", "Module-Email", "Module-Origin", "Module-Owner", "Module-Source", "Multi-Release", "Originally-Created-By", "Os-Arch", "Os-Name", "Os-Version", "Permissions", "Premain-Class", "Private-Package", "Provide-Capability", "Require-Capability", "SCM-Revision", "SCM-url", "Scm-Connection", "Scm-Revision", "Scm-Url", "Service-Component", "Specification-Title", "Specification-Vendor", "Specification-Version", "System-Properties", "Tool", "Trusted-Library", "URL", "X-Compile-Source-JDK", "X-Compile-Target-JDK"]
[INFO ] 2020-03-09T18:59:05,812Z [main] BasicInfo. - Logs can be found in                    : /git/HelloWorld/cordapp-template-kotlin/build/nodes/PartyA/logs
[INFO ] 2020-03-09T18:59:06,767Z [main] subcommands.ValidateConfigurationCli. - Actual configuration:
{
    "additionalNodeInfoPollingFrequencyMsec" : 5000,
    "additionalP2PAddresses" : [],
    "attachmentCacheBound" : 1024,
    "baseDirectory" : "/git/HelloWorld/cordapp-template-kotlin/build/nodes/PartyA",
    "blacklistedAttachmentSigningKeys" : [],
    "certificateChainCheckPolicies" : [],
    "cordappSignerKeyFingerprintBlacklist" : [
        "56CA54E803CB87C8472EBD3FBC6A2F1876E814CEEBF74860BD46997F40729367",
        "83088052AF16700457AE2C978A7D8AC38DD6A7C713539D00B897CD03A5E5D31D",
        "6F6696296C3F58B55FB6CA865A025A3A6CC27AD17C4AFABA1E8EF062E0A82739"
    ],
    "crlCheckSoftFail" : true,
    "dataSourceProperties" : "*****",
    "database" : {
        "exportHibernateJMXStatistics" : false,
        "initialiseAppSchema" : "UPDATE",
        "initialiseSchema" : true,
        "mappedSchemaCacheSize" : 100,
        "transactionIsolationLevel" : "REPEATABLE_READ"
    },
    "detectPublicIp" : false,
    "devMode" : true,
    "emailAddress" : "admin@company.com",
    "extraNetworkMapKeys" : [],
    "flowMonitorPeriodMillis" : {
        "nanos" : 0,
        "seconds" : 60
    },
    "flowMonitorSuspensionLoggingThresholdMillis" : {
        "nanos" : 0,
        "seconds" : 60
    },
    "flowTimeout" : {
        "backoffBase" : 1.8,
        "maxRestartCount" : 6,
        "timeout" : {
            "nanos" : 0,
            "seconds" : 30
        }
    },
    "jarDirs" : [],
    "jmxReporterType" : "JOLOKIA",
    "keyStorePassword" : "*****",
    "lazyBridgeStart" : true,
    "myLegalName" : "O=PartyA,L=London,C=GB",
    "networkParameterAcceptanceSettings" : {
        "autoAcceptEnabled" : true,
        "excludedAutoAcceptableParameters" : []
    },
    "noLocalShell" : false,
    "p2pAddress" : "localhost:10005",
    "rpcSettings" : {
        "address" : "localhost:10006",
        "adminAddress" : "localhost:10046",
        "standAloneBroker" : false,
        "useSsl" : false
    },
    "rpcUsers" : [],
    "security" : {
        "authService" : {
            "dataSource" : {
                "passwordEncryption" : "NONE",
                "type" : "INMEMORY",
                "users" : [
                    {
                        "ignoresFallbacks" : false,
                        "resolved" : true,
                        "value" : {
                            "loadFactor" : 0.75,
                            "modCount" : 3,
                            "size" : 3,
                            "table" : {},
                            "threshold" : 3
                        }
                    }
                ]
            }
        }
    },
    "trustStorePassword" : "*****",
    "useTestClock" : false,
    "verifierType" : "InMemory"
}

[INFO ] 2020-03-09T18:59:06,857Z [main] internal.Node. - Vendor: Corda Open Source
[INFO ] 2020-03-09T18:59:06,857Z [main] internal.Node. - Release: 4.3
[INFO ] 2020-03-09T18:59:06,857Z [main] internal.Node. - Platform Version: 5
[INFO ] 2020-03-09T18:59:06,857Z [main] internal.Node. - Revision: d679784a179e95c57696d13c95beeccfe350d7d5
[INFO ] 2020-03-09T18:59:06,858Z [main] internal.Node. - PID: 7314
[INFO ] 2020-03-09T18:59:06,858Z [main] internal.Node. - Main class: /Users/matheusfernandespinheiro/.capsule/apps/net.corda.node.Corda_4.3/corda-node-4.3.jar
[INFO ] 2020-03-09T18:59:06,858Z [main] internal.Node. - CommandLine Args: -Xmx512m -XX:+UseG1GC -XX:+HeapDumpOnOutOfMemoryError -XX:+CrashOnOutOfMemoryError -javaagent:/Users/matheusfernandespinheiro/.capsule/apps/net.corda.node.Corda_4.3/quasar-core-0.7.10-jdk8.jar=x(antlr**;bftsmart**;co.paralleluniverse**;com.codahale**;com.esotericsoftware**;com.fasterxml**;com.google**;com.ibm**;com.intellij**;com.jcabi**;com.nhaarman**;com.opengamma**;com.typesafe**;com.zaxxer**;de.javakaffee**;groovy**;groovyjarjarantlr**;groovyjarjarasm**;io.atomix**;io.github**;io.netty**;jdk**;junit**;kotlin**;net.bytebuddy**;net.i2p**;org.apache**;org.assertj**;org.bouncycastle**;org.codehaus**;org.crsh**;org.dom4j**;org.fusesource**;org.h2**;org.hamcrest**;org.hibernate**;org.jboss**;org.jcp**;org.joda**;org.junit**;org.mockito**;org.objectweb**;org.objenesis**;org.slf4j**;org.w3c**;org.xml**;org.yaml**;reflectasm**;rx**;org.jolokia**;com.lmax**;picocli**;liquibase**;com.github.benmanes**;org.json**;org.postgresql**;nonapi.io.github.classgraph**) -Dvisualvm.display.name=Corda -Djava.library.path=/Users/matheusfernandespinheiro/Library/Java/Extensions:/Library/Java/Extensions:/Network/Library/Java/Extensions:/System/Library/Java/Extensions:/usr/lib/java:/Users/matheusfernandespinheiro/.capsule/apps/net.corda.node.Corda_4.3 -Dcapsule.app=net.corda.node.Corda_4.3 -Dcapsule.dir=/Users/matheusfernandespinheiro/.capsule/apps/net.corda.node.Corda_4.3 -Dcapsule.jar=/git/HelloWorld/cordapp-template-kotlin/build/nodes/PartyA/corda.jar
[INFO ] 2020-03-09T18:59:06,858Z [main] internal.Node. - bootclasspath: /Library/Java/JavaVirtualMachines/jdk1.8.0_241.jdk/Contents/Home/jre/lib/resources.jar:/Library/Java/JavaVirtualMachines/jdk1.8.0_241.jdk/Contents/Home/jre/lib/rt.jar:/Library/Java/JavaVirtualMachines/jdk1.8.0_241.jdk/Contents/Home/jre/lib/sunrsasign.jar:/Library/Java/JavaVirtualMachines/jdk1.8.0_241.jdk/Contents/Home/jre/lib/jsse.jar:/Library/Java/JavaVirtualMachines/jdk1.8.0_241.jdk/Contents/Home/jre/lib/jce.jar:/Library/Java/JavaVirtualMachines/jdk1.8.0_241.jdk/Contents/Home/jre/lib/charsets.jar:/Library/Java/JavaVirtualMachines/jdk1.8.0_241.jdk/Contents/Home/jre/lib/jfr.jar:/Library/Java/JavaVirtualMachines/jdk1.8.0_241.jdk/Contents/Home/jre/classes
[INFO ] 2020-03-09T18:59:06,858Z [main] internal.Node. - classpath: /git/HelloWorld/cordapp-template-kotlin/build/nodes/PartyA/corda.jar:/Users/matheusfernandespinheiro/.capsule/apps/net.corda.node.Corda_4.3/tools.jar:/Users/matheusfernandespinheiro/.capsule/apps/net.corda.node.Corda_4.3/corda-shell-4.3.jar:/Users/matheusfernandespinheiro/.capsule/apps/net.corda.node.Corda_4.3/corda-rpc-4.3.jar:/Users/matheusfernandespinheiro/.capsule/apps/net.corda.node.Corda_4.3/corda-node-api-4.3.jar:/Users/matheusfernandespinheiro/.capsule/apps/net.corda.node.Corda_4.3/corda-tools-cliutils-4.3.jar:/Users/matheusfernandespinheiro/.capsule/apps/net.corda.node.Corda_4.3/corda-common-configuration-parsing-4.3.jar:/Users/matheusfernandespinheiro/.capsule/apps/net.corda.node.Corda_4.3/corda-common-validation-4.3.jar:/Users/matheusfernandespinheiro/.capsule/apps/net.corda.node.Corda_4.3/corda-common-logging-4.3.jar:/Users/matheusfernandespinheiro/.capsule/apps/net.corda.node.Corda_4.3/corda-confidential-identities-4.3.jar:/Users/matheusfernandespinheiro/.capsule/apps/net.corda.node.Corda_4.3/log4j-slf4j-impl-2.11.2.jar:/Users/matheusfernandespinheiro/.capsule/apps/net.corda.node.Corda_4.3/log4j-web-2.11.2.jar:/Users/matheusfernandespinheiro/.capsule/apps/net.corda.node.Corda_4.3/jul-to-slf4j-1.7.26.jar:/Users/matheusfernandespinheiro/.capsule/apps/net.corda.node.Corda_4.3/corda-jackson-4.3.jar:/Users/matheusfernandespinheiro/.capsule/apps/net.corda.node.Corda_4.3/corda-serialization-4.3.jar:/Users/matheusfernandespinheiro/.capsule/apps/net.corda.node.Corda_4.3/corda-core-4.3.jar:/Users/matheusfernandespinheiro/.capsule/apps/net.corda.node.Corda_4.3/kotlin-stdlib-jdk8-1.2.71.jar:/Users/matheusfernandespinheiro/.capsule/apps/net.corda.node.Corda_4.3/jackson-module-kotlin-2.9.7.jar:/Users/matheusfernandespinheiro/.capsule/apps/net.corda.node.Corda_4.3/kotlin-reflect-1.2.71.jar:/Users/matheusfernandespinheiro/.capsule/apps/net.corda.node.Corda_4.3/quasar-core-0.7.10-jdk8.jar:/Users/matheusfernandespinheiro/.capsule/apps/net.corda.node.Corda_4.3/kryo-serializers-0.43.jar:/Users/matheusfernandespinheiro/.capsule/apps/net.corda.node.Corda_4.3/kryo-4.0.2.jar:/Users/matheusfernandespinheiro/.capsule/apps/net.corda.node.Corda_4.3/jimfs-1.1.jar:/Users/matheusfernandespinheiro/.capsule/apps/net.corda.node.Corda_4.3/metrics-new-relic-1.1.1.jar:/Users/matheusfernandespinheiro/.capsule/apps/net.corda.node.Corda_4.3/guava-28.0-jre.jar:/Users/matheusfernandespinheiro/.capsule/apps/net.corda.node.Corda_4.3/caffeine-2.7.0.jar:/Users/matheusfernandespinheiro/.capsule/apps/net.corda.node.Corda_4.3/disruptor-3.4.2.jar:/Users/matheusfernandespinheiro/.capsule/apps/net.corda.node.Corda_4.3/commons-collections4-4.3.jar:/Users/matheusfernandespinheiro/.capsule/apps/net.corda.node.Corda_4.3/artemis-amqp-protocol-2.6.2.jar:/Users/matheusfernandespinheiro/.capsule/apps/net.corda.node.Corda_4.3/artemis-server-2.6.2.jar:/Users/matheusfernandespinheiro/.capsule/apps/net.corda.node.Corda_4.3/artemis-jdbc-store-2.6.2.jar:/Users/matheusfernandespinheiro/.capsule/apps/net.corda.node.Corda_4.3/artemis-journal-2.6.2.jar:/Users/matheusfernandespinheiro/.capsule/apps/net.corda.node.Corda_4.3/artemis-jms-client-2.6.2.jar:/Users/matheusfernandespinheiro/.capsule/apps/net.corda.node.Corda_4.3/artemis-core-client-2.6.2.jar:/Users/matheusfernandespinheiro/.capsule/apps/net.corda.node.Corda_4.3/artemis-commons-2.6.2.jar:/Users/matheusfernandespinheiro/.capsule/apps/net.corda.node.Corda_4.3/shiro-core-1.4.1.jar:/Users/matheusfernandespinheiro/.capsule/apps/net.corda.node.Corda_4.3/shiro-config-ogdl-1.4.1.jar:/Users/matheusfernandespinheiro/.capsule/apps/net.corda.node.Corda_4.3/commons-beanutils-1.9.3.jar:/Users/matheusfernandespinheiro/.capsule/apps/net.corda.node.Corda_4.3/jcabi-manifests-1.1.jar:/Users/matheusfernandespinheiro/.capsule/apps/net.corda.node.Corda_4.3/forms_rt-7.0.3.jar:/Users/matheusfernandespinheiro/.capsule/apps/net.corda.node.Corda_4.3/metrics-jmx-4.1.0.jar:/Users/matheusfernandespinheiro/.capsule/apps/net.corda.node.Corda_4.3/config-1.3.4.jar:/Users/matheusfernandespinheiro/.capsule/apps/net.corda.node.Corda_4.3/h2-1.4.199.jar:/Users/matheusfernandespinheiro/.capsule/apps/net.corda.node.Corda_4.3/postgresql-42.2.5.jar:/Users/matheusfernandespinheiro/.capsule/apps/net.corda.node.Corda_4.3/HikariCP-3.3.1.jar:/Users/matheusfernandespinheiro/.capsule/apps/net.corda.node.Corda_4.3/hibernate-java8-5.4.3.Final.jar:/Users/matheusfernandespinheiro/.capsule/apps/net.corda.node.Corda_4.3/hibernate-core-5.4.3.Final.jar:/Users/matheusfernandespinheiro/.capsule/apps/net.corda.node.Corda_4.3/okhttp-3.14.2.jar:/Users/matheusfernandespinheiro/.capsule/apps/net.corda.node.Corda_4.3/picocli-3.9.6.jar:/Users/matheusfernandespinheiro/.capsule/apps/net.corda.node.Corda_4.3/library-master-v1.1-beta-g6215ec8-87.jar:/Users/matheusfernandespinheiro/.capsule/apps/net.corda.node.Corda_4.3/commons-codec-1.13.jar:/Users/matheusfernandespinheiro/.capsule/apps/net.corda.node.Corda_4.3/copycat-client-1.2.3.jar:/Users/matheusfernandespinheiro/.capsule/apps/net.corda.node.Corda_4.3/copycat-server-1.2.3.jar:/Users/matheusfernandespinheiro/.capsule/apps/net.corda.node.Corda_4.3/catalyst-netty-1.1.2.jar:/Users/matheusfernandespinheiro/.capsule/apps/net.corda.node.Corda_4.3/jolokia-jvm-1.6.1-agent.jar:/Users/matheusfernandespinheiro/.capsule/apps/net.corda.node.Corda_4.3/kotlin-stdlib-jre8-1.2.71.jar:/Users/matheusfernandespinheiro/.capsule/apps/net.corda.node.Corda_4.3/proton-j-0.33.0.jar:/Users/matheusfernandespinheiro/.capsule/apps/net.corda.node.Corda_4.3/classgraph-4.8.41.jar:/Users/matheusfernandespinheiro/.capsule/apps/net.corda.node.Corda_4.3/liquibase-core-3.6.3.jar:/Users/matheusfernandespinheiro/.capsule/apps/net.corda.node.Corda_4.3/jackson-datatype-jsr310-2.9.7.jar:/Users/matheusfernandespinheiro/.capsule/apps/net.corda.node.Corda_4.3/jackson-databind-2.9.7.jar:/Users/matheusfernandespinheiro/.capsule/apps/net.corda.node.Corda_4.3/liquibase-slf4j-2.0.0.jar:/Users/matheusfernandespinheiro/.capsule/apps/net.corda.node.Corda_4.3/crash.connectors.ssh-810d2b774b85d4938be01b9b65e29e4fddbc450b.jar:/Users/matheusfernandespinheiro/.capsule/apps/net.corda.node.Corda_4.3/crash.shell-810d2b774b85d4938be01b9b65e29e4fddbc450b.jar:/Users/matheusfernandespinheiro/.capsule/apps/net.corda.node.Corda_4.3/jansi-1.18.jar:/Users/matheusfernandespinheiro/.capsule/apps/net.corda.node.Corda_4.3/log4j-core-2.11.2.jar:/Users/matheusfernandespinheiro/.capsule/apps/net.corda.node.Corda_4.3/commons-io-2.6.jar:/Users/matheusfernandespinheiro/.capsule/apps/net.corda.node.Corda_4.3/jcabi-log-0.14.jar:/Users/matheusfernandespinheiro/.capsule/apps/net.corda.node.Corda_4.3/metrics-core-4.1.0.jar:/Users/matheusfernandespinheiro/.capsule/apps/net.corda.node.Corda_4.3/shiro-cache-1.4.1.jar:/Users/matheusfernandespinheiro/.capsule/apps/net.corda.node.Corda_4.3/shiro-crypto-hash-1.4.1.jar:/Users/matheusfernandespinheiro/.capsule/apps/net.corda.node.Corda_4.3/shiro-crypto-cipher-1.4.1.jar:/Users/matheusfernandespinheiro/.capsule/apps/net.corda.node.Corda_4.3/shiro-config-core-1.4.1.jar:/Users/matheusfernandespinheiro/.capsule/apps/net.corda.node.Corda_4.3/shiro-event-1.4.1.jar:/Users/matheusfernandespinheiro/.capsule/apps/net.corda.node.Corda_4.3/shiro-crypto-core-1.4.1.jar:/Users/matheusfernandespinheiro/.capsule/apps/net.corda.node.Corda_4.3/shiro-lang-1.4.1.jar:/Users/matheusfernandespinheiro/.capsule/apps/net.corda.node.Corda_4.3/copycat-protocol-1.2.3.jar:/Users/matheusfernandespinheiro/.capsule/apps/net.corda.node.Corda_4.3/catalyst-transport-1.1.2.jar:/Users/matheusfernandespinheiro/.capsule/apps/net.corda.node.Corda_4.3/jcl-over-slf4j-1.7.26.jar:/Users/matheusfernandespinheiro/.capsule/apps/net.corda.node.Corda_4.3/mina-core-2.0.16.jar:/Users/matheusfernandespinheiro/.capsule/apps/net.corda.node.Corda_4.3/catalyst-concurrent-1.1.2.jar:/Users/matheusfernandespinheiro/.capsule/apps/net.corda.node.Corda_4.3/sshd-pam-0.11.0.jar:/Users/matheusfernandespinheiro/.capsule/apps/net.corda.node.Corda_4.3/sshd-core-1.6.0.jar:/Users/matheusfernandespinheiro/.capsule/apps/net.corda.node.Corda_4.3/catalyst-serializer-1.1.2.jar:/Users/matheusfernandespinheiro/.capsule/apps/net.corda.node.Corda_4.3/catalyst-buffer-1.1.2.jar:/Users/matheusfernandespinheiro/.capsule/apps/net.corda.node.Corda_4.3/catalyst-common-1.1.2.jar:/Users/matheusfernandespinheiro/.capsule/apps/net.corda.node.Corda_4.3/slf4j-api-1.7.26.jar:/Users/matheusfernandespinheiro/.capsule/apps/net.corda.node.Corda_4.3/log4j-api-2.11.2.jar:/Users/matheusfernandespinheiro/.capsule/apps/net.corda.node.Corda_4.3/kotlin-stdlib-jdk7-1.2.71.jar:/Users/matheusfernandespinheiro/.capsule/apps/net.corda.node.Corda_4.3/kotlin-stdlib-jre7-1.2.71.jar:/Users/matheusfernandespinheiro/.capsule/apps/net.corda.node.Corda_4.3/kotlin-stdlib-1.2.71.jar:/Users/matheusfernandespinheiro/.capsule/apps/net.corda.node.Corda_4.3/reflectasm-1.11.3.jar:/Users/matheusfernandespinheiro/.capsule/apps/net.corda.node.Corda_4.3/minlog-1.3.0.jar:/Users/matheusfernandespinheiro/.capsule/apps/net.corda.node.Corda_4.3/objenesis-2.5.1.jar:/Users/matheusfernandespinheiro/.capsule/apps/net.corda.node.Corda_4.3/failureaccess-1.0.1.jar:/Users/matheusfernandespinheiro/.capsule/apps/net.corda.node.Corda_4.3/listenablefuture-9999.0-empty-to-avoid-conflict-with-guava.jar:/Users/matheusfernandespinheiro/.capsule/apps/net.corda.node.Corda_4.3/jsr305-3.0.2.jar:/Users/matheusfernandespinheiro/.capsule/apps/net.corda.node.Corda_4.3/checker-qual-2.8.1.jar:/Users/matheusfernandespinheiro/.capsule/apps/net.corda.node.Corda_4.3/error_prone_annotations-2.3.3.jar:/Users/matheusfernandespinheiro/.capsule/apps/net.corda.node.Corda_4.3/j2objc-annotations-1.3.jar:/Users/matheusfernandespinheiro/.capsule/apps/net.corda.node.Corda_4.3/animal-sniffer-annotations-1.17.jar:/Users/matheusfernandespinheiro/.capsule/apps/net.corda.node.Corda_4.3/commons-collections-3.2.2.jar:/Users/matheusfernandespinheiro/.capsule/apps/net.corda.node.Corda_4.3/artemis-native-2.6.2.jar:/Users/matheusfernandespinheiro/.capsule/apps/net.corda.node.Corda_4.3/hibernate-commons-annotations-5.1.0.Final.jar:/Users/matheusfernandespinheiro/.capsule/apps/net.corda.node.Corda_4.3/jboss-logging-3.3.2.Final.jar:/Users/matheusfernandespinheiro/.capsule/apps/net.corda.node.Corda_4.3/artemis-selector-2.6.2.jar:/Users/matheusfernandespinheiro/.capsule/apps/net.corda.node.Corda_4.3/netty-handler-4.1.22.Final.jar:/Users/matheusfernandespinheiro/.capsule/apps/net.corda.node.Corda_4.3/netty-codec-http-4.1.22.Final.jar:/Users/matheusfernandespinheiro/.capsule/apps/net.corda.node.Corda_4.3/netty-codec-4.1.22.Final.jar:/Users/matheusfernandespinheiro/.capsule/apps/net.corda.node.Corda_4.3/netty-transport-native-kqueue-4.1.22.Final-osx-x86_64.jar:/Users/matheusfernandespinheiro/.capsule/apps/net.corda.node.Corda_4.3/netty-transport-native-epoll-4.1.22.Final-linux-x86_64.jar:/Users/matheusfernandespinheiro/.capsule/apps/net.corda.node.Corda_4.3/netty-transport-native-unix-common-4.1.22.Final.jar:/Users/matheusfernandespinheiro/.capsule/apps/net.corda.node.Corda_4.3/netty-transport-4.1.22.Final.jar:/Users/matheusfernandespinheiro/.capsule/apps/net.corda.node.Corda_4.3/netty-buffer-4.1.22.Final.jar:/Users/matheusfernandespinheiro/.capsule/apps/net.corda.node.Corda_4.3/netty-resolver-4.1.22.Final.jar:/Users/matheusfernandespinheiro/.capsule/apps/net.corda.node.Corda_4.3/netty-common-4.1.22.Final.jar:/Users/matheusfernandespinheiro/.capsule/apps/net.corda.node.Corda_4.3/geronimo-json_1.0_spec-1.0-alpha-1.jar:/Users/matheusfernandespinheiro/.capsule/apps/net.corda.node.Corda_4.3/jgroups-3.6.13.Final.jar:/Users/matheusfernandespinheiro/.capsule/apps/net.corda.node.Corda_4.3/johnzon-core-0.9.5.jar:/Users/matheusfernandespinheiro/.capsule/apps/net.corda.node.Corda_4.3/forms-1.1-preview.jar:/Users/matheusfernandespinheiro/.capsule/apps/net.corda.node.Corda_4.3/jdom-1.0.jar:/Users/matheusfernandespinheiro/.capsule/apps/net.corda.node.Corda_4.3/javax.persistence-api-2.2.jar:/Users/matheusfernandespinheiro/.capsule/apps/net.corda.node.Corda_4.3/javassist-3.24.0-GA.jar:/Users/matheusfernandespinheiro/.capsule/apps/net.corda.node.Corda_4.3/byte-buddy-1.9.10.jar:/Users/matheusfernandespinheiro/.capsule/apps/net.corda.node.Corda_4.3/antlr-2.7.7.jar:/Users/matheusfernandespinheiro/.capsule/apps/net.corda.node.Corda_4.3/jboss-transaction-api_1.2_spec-1.1.1.Final.jar:/Users/matheusfernandespinheiro/.capsule/apps/net.corda.node.Corda_4.3/jandex-2.0.5.Final.jar:/Users/matheusfernandespinheiro/.capsule/apps/net.corda.node.Corda_4.3/classmate-1.3.4.jar:/Users/matheusfernandespinheiro/.capsule/apps/net.corda.node.Corda_4.3/jaxb-runtime-2.3.1.jar:/Users/matheusfernandespinheiro/.capsule/apps/net.corda.node.Corda_4.3/jaxb-api-2.3.1.jar:/Users/matheusfernandespinheiro/.capsule/apps/net.corda.node.Corda_4.3/javax.activation-api-1.2.0.jar:/Users/matheusfernandespinheiro/.capsule/apps/net.corda.node.Corda_4.3/dom4j-2.1.1.jar:/Users/matheusfernandespinheiro/.capsule/apps/net.corda.node.Corda_4.3/okio-1.17.2.jar:/Users/matheusfernandespinheiro/.capsule/apps/net.corda.node.Corda_4.3/jolokia-core-1.6.1.jar:/Users/matheusfernandespinheiro/.capsule/apps/net.corda.node.Corda_4.3/json-simple-1.1.1.jar:/Users/matheusfernandespinheiro/.capsule/apps/net.corda.node.Corda_4.3/newrelic-api-3.10.0.jar:/Users/matheusfernandespinheiro/.capsule/apps/net.corda.node.Corda_4.3/HdrHistogram-2.1.9.jar:/Users/matheusfernandespinheiro/.capsule/apps/net.corda.node.Corda_4.3/LatencyUtils-2.0.3.jar:/Users/matheusfernandespinheiro/.capsule/apps/net.corda.node.Corda_4.3/rxjava-1.3.8.jar:/Users/matheusfernandespinheiro/.capsule/apps/net.corda.node.Corda_4.3/commons-lang3-3.9.jar:/Users/matheusfernandespinheiro/.capsule/apps/net.corda.node.Corda_4.3/eddsa-0.2.0.jar:/Users/matheusfernandespinheiro/.capsule/apps/net.corda.node.Corda_4.3/bcpkix-jdk15on-1.60.jar:/Users/matheusfernandespinheiro/.capsule/apps/net.corda.node.Corda_4.3/bcprov-jdk15on-1.60.jar:/Users/matheusfernandespinheiro/.capsule/apps/net.corda.node.Corda_4.3/asm-7.1.jar:/Users/matheusfernandespinheiro/.capsule/apps/net.corda.node.Corda_4.3/snappy-0.4.jar:/Users/matheusfernandespinheiro/.capsule/apps/net.corda.node.Corda_4.3/jackson-dataformat-yaml-2.9.7.jar:/Users/matheusfernandespinheiro/.capsule/apps/net.corda.node.Corda_4.3/snakeyaml-1.23.jar:/Users/matheusfernandespinheiro/.capsule/apps/net.corda.node.Corda_4.3/jackson-annotations-2.9.0.jar:/Users/matheusfernandespinheiro/.capsule/apps/net.corda.node.Corda_4.3/jackson-core-2.9.7.jar:/Users/matheusfernandespinheiro/.capsule/apps/net.corda.node.Corda_4.3/crash.cli-810d2b774b85d4938be01b9b65e29e4fddbc450b.jar:/Users/matheusfernandespinheiro/.capsule/apps/net.corda.node.Corda_4.3/groovy-all-1.8.9.jar:/Users/matheusfernandespinheiro/.capsule/apps/net.corda.node.Corda_4.3/kotlin-stdlib-common-1.2.71.jar:/Users/matheusfernandespinheiro/.capsule/apps/net.corda.node.Corda_4.3/annotations-13.0.jar:/Users/matheusfernandespinheiro/.capsule/apps/net.corda.node.Corda_4.3/txw2-2.3.1.jar:/Users/matheusfernandespinheiro/.capsule/apps/net.corda.node.Corda_4.3/istack-commons-runtime-3.0.7.jar:/Users/matheusfernandespinheiro/.capsule/apps/net.corda.node.Corda_4.3/stax-ex-1.8.jar:/Users/matheusfernandespinheiro/.capsule/apps/net.corda.node.Corda_4.3/FastInfoset-1.2.15.jar:/Users/matheusfernandespinheiro/.capsule/apps/net.corda.node.Corda_4.3/geronimo-jms_2.0_spec-1.0-alpha-2.jar:/Users/matheusfernandespinheiro/.capsule/apps/net.corda.node.Corda_4.3/jpam-1.1.jar:/Users/matheusfernandespinheiro/.capsule/apps/net.corda.node.Corda_4.3/corda-node-4.3.jar:/git/HelloWorld/cordapp-template-kotlin/build/nodes/PartyA/drivers/jolokia-jvm-1.6.0-agent.jar:/Users/matheusfernandespinheiro/.capsule/apps/net.corda.node.Corda_4.3/quasar-core-0.7.10-jdk8.jar
[INFO ] 2020-03-09T18:59:06,858Z [main] internal.Node. - VM Java HotSpot(TM) 64-Bit Server VM Oracle Corporation 25.241-b07
[INFO ] 2020-03-09T18:59:06,858Z [main] internal.Node. - Machine: Matheuss-iMac.local
[INFO ] 2020-03-09T18:59:06,858Z [main] internal.Node. - Working Directory: /git/HelloWorld/cordapp-template-kotlin/build/nodes/PartyA
[WARN ] 2020-03-09T18:59:06,904Z [main] internal.Node. - Unable to determine whether agent is running: sun.tools.attach.LinuxVirtualMachine.isLinuxThreads()Z.
You may need to pass in -Djdk.attach.allowAttachSelf=true if running on a Java 9 or later VM
[INFO ] 2020-03-09T18:59:06,904Z [main] internal.Node. - Starting as node on localhost:10005
[INFO ] 2020-03-09T18:59:07,027Z [main] cordapp.JarScanningCordappLoader. - Looking for CorDapps in [/git/HelloWorld/cordapp-template-kotlin/build/nodes/PartyA/cordapps]
[INFO ] 2020-03-09T18:59:07,054Z [main] cordapp.JarScanningCordappLoader. - Loading CorDapps from RestrictedURL(url=file:/git/HelloWorld/cordapp-template-kotlin/build/nodes/PartyA/cordapps/contracts-0.1.jar, rootPackageName=null), RestrictedURL(url=file:/git/HelloWorld/cordapp-template-kotlin/build/nodes/PartyA/cordapps/workflows-0.1.jar, rootPackageName=null)
[INFO ] 2020-03-09T18:59:07,076Z [main] cordapp.JarScanningCordappLoader. - Scanning CorDapp in file:/git/HelloWorld/cordapp-template-kotlin/build/nodes/PartyA/cordapps/contracts-0.1.jar
[INFO ] 2020-03-09T18:59:07,320Z [main] cordapp.JarScanningCordappLoader. - Scanning CorDapp in file:/git/HelloWorld/cordapp-template-kotlin/build/nodes/PartyA/cordapps/workflows-0.1.jar
[WARN ] 2020-03-09T18:59:08,502Z [main] internal.Node. - This node is running in development mode!  This is not safe for production deployment.
[INFO ] 2020-03-09T18:59:08,621Z [main] internal.Node. - Node starting up ...
[INFO ] 2020-03-09T18:59:08,780Z [main] internal.NodeFlowManager. - Registered com.template.flows.IOUFlow to initiate com.template.flows.IOUFlowResponder (version 1)
[WARN ] 2020-03-09T18:59:09,131Z [main] plugin.PluginContext. - No version found will use unknown value instead
[INFO ] 2020-03-09T18:59:09,160Z [main] plugin.PluginManager. - Loaded plugin Plugin[type=SSHPlugin,interface=SSHPlugin]
[INFO ] 2020-03-09T18:59:09,165Z [main] plugin.PluginManager. - Loaded plugin Plugin[type=SSHInlinePlugin,interface=CommandPlugin]
[INFO ] 2020-03-09T18:59:09,167Z [main] plugin.PluginManager. - Loaded plugin Plugin[type=KeyAuthenticationPlugin,interface=KeyAuthenticationPlugin]
[INFO ] 2020-03-09T18:59:09,174Z [main] plugin.PluginManager. - Loaded plugin Plugin[type=CRaSHShellFactory,interface=ShellFactory]
[INFO ] 2020-03-09T18:59:09,176Z [main] plugin.PluginManager. - Loaded plugin Plugin[type=GroovyLanguageProxy,interface=Language]
[INFO ] 2020-03-09T18:59:09,178Z [main] plugin.PluginManager. - Loaded plugin Plugin[type=JavaLanguage,interface=Language]
[INFO ] 2020-03-09T18:59:09,178Z [main] plugin.PluginManager. - Loaded plugin Plugin[type=ScriptLanguage,interface=Language]
[INFO ] 2020-03-09T18:59:09,182Z [main] plugin.PluginManager. - Loaded plugin Plugin[type=JaasAuthenticationPlugin,interface=AuthenticationPlugin]
[INFO ] 2020-03-09T18:59:09,184Z [main] plugin.PluginManager. - Loaded plugin Plugin[type=SimpleAuthenticationPlugin,interface=AuthenticationPlugin]
[INFO ] 2020-03-09T18:59:09,191Z [main] ssh.SSHPlugin. - Could not boot SSHD due to missing due to missing port configuration
[INFO ] 2020-03-09T18:59:09,191Z [main] plugin.PluginManager. - Initialized plugin Plugin[type=SSHPlugin,interface=SSHPlugin]
[INFO ] 2020-03-09T18:59:09,192Z [main] plugin.PluginManager. - Initialized plugin Plugin[type=SSHInlinePlugin,interface=CommandPlugin]
[INFO ] 2020-03-09T18:59:09,192Z [main] plugin.PluginManager. - Initialized plugin Plugin[type=KeyAuthenticationPlugin,interface=KeyAuthenticationPlugin]
[INFO ] 2020-03-09T18:59:09,212Z [main] plugin.PluginManager. - Initialized plugin Plugin[type=GroovyLanguageProxy,interface=Language]
[INFO ] 2020-03-09T18:59:09,212Z [main] plugin.PluginManager. - Initialized plugin Plugin[type=ScriptLanguage,interface=Language]
[INFO ] 2020-03-09T18:59:09,222Z [main] plugin.PluginManager. - Initialized plugin Plugin[type=CRaSHShellFactory,interface=ShellFactory]
[INFO ] 2020-03-09T18:59:09,222Z [main] plugin.PluginManager. - Initialized plugin Plugin[type=JaasAuthenticationPlugin,interface=AuthenticationPlugin]
[INFO ] 2020-03-09T18:59:09,222Z [main] plugin.PluginManager. - Initialized plugin Plugin[type=SimpleAuthenticationPlugin,interface=AuthenticationPlugin]
[INFO ] 2020-03-09T18:59:09,222Z [main] plugin.PluginManager. - Initialized plugin Plugin[type=CordaAuthenticationPlugin,interface=AuthenticationPlugin]
[INFO ] 2020-03-09T18:59:11,448Z [main] internal.Node. - Loaded network parameters: NetworkParameters {
      minimumPlatformVersion=5
      notaries=[NotaryInfo(identity=O=Notary, L=London, C=GB, validating=false)]
      maxMessageSize=10485760
      maxTransactionSize=524288000
      whitelistedContractImplementations {
        
      }
      eventHorizon=PT720H
      packageOwnership {
        
      }
      modifiedTime=2020-03-05T15:02:15.806Z
      epoch=1
  }
[INFO ] 2020-03-09T18:59:11,474Z [main] hikari.HikariDataSource. - HikariPool-1 - Starting...
[INFO ] 2020-03-09T18:59:11,885Z [main] hikari.HikariDataSource. - HikariPool-1 - Start completed.
[INFO ] 2020-03-09T18:59:15,174Z [main] jvm.JdbcExecutor. - SELECT MD5SUM FROM PUBLIC.DATABASECHANGELOG WHERE MD5SUM IS NOT NULL
[INFO ] 2020-03-09T18:59:15,188Z [main] jvm.JdbcExecutor. - SELECT COUNT(*) FROM PUBLIC.DATABASECHANGELOG
[INFO ] 2020-03-09T18:59:15,190Z [main] changelog.StandardChangeLogHistoryService. - Reading from PUBLIC.DATABASECHANGELOG
[INFO ] 2020-03-09T18:59:15,190Z [main] jvm.JdbcExecutor. - SELECT * FROM PUBLIC.DATABASECHANGELOG ORDER BY DATEEXECUTED ASC, ORDEREXECUTED ASC
[INFO ] 2020-03-09T18:59:15,207Z [main] jvm.JdbcExecutor. - SELECT COUNT(*) FROM PUBLIC.DATABASECHANGELOGLOCK
[INFO ] 2020-03-09T18:59:15,208Z [main] jvm.JdbcExecutor. - SELECT COUNT(*) FROM PUBLIC.DATABASECHANGELOGLOCK
[INFO ] 2020-03-09T18:59:15,306Z [main] jvm.JdbcExecutor. - SELECT LOCKED FROM PUBLIC.DATABASECHANGELOGLOCK WHERE ID=1
[INFO ] 2020-03-09T18:59:15,315Z [main] lockservice.StandardLockService. - Successfully acquired change log lock
[INFO ] 2020-03-09T18:59:15,324Z [main] lockservice.StandardLockService. - Successfully released change log lock
[INFO ] 2020-03-09T18:59:15,348Z [main] internal.Node. - Connected to H2 database.
[INFO ] 2020-03-09T18:59:15,401Z [main] persistence.HibernateConfiguration. - Init HibernateConfiguration for schemas: [CommonSchemaV1(name=net.corda.core.schemas.CommonSchema, version=1), VaultSchemaV1(name=net.corda.node.services.vault.VaultSchema, version=1), NodeInfoSchemaV1(name=net.corda.node.internal.schemas.NodeInfoSchema, version=1), NodeCoreV1(name=net.corda.node.services.schema.NodeSchemaService$NodeCore, version=1)]
[INFO ] 2020-03-09T18:59:15,403Z [main] persistence.HibernateConfiguration. - Creating session factory for schemas: [CommonSchemaV1(name=net.corda.core.schemas.CommonSchema, version=1), VaultSchemaV1(name=net.corda.node.services.vault.VaultSchema, version=1), NodeInfoSchemaV1(name=net.corda.node.internal.schemas.NodeInfoSchema, version=1), NodeCoreV1(name=net.corda.node.services.schema.NodeSchemaService$NodeCore, version=1)]
[INFO ] 2020-03-09T18:59:17,537Z [main] persistence.HibernateConfiguration. - Created session factory for schemas: [CommonSchemaV1(name=net.corda.core.schemas.CommonSchema, version=1), VaultSchemaV1(name=net.corda.node.services.vault.VaultSchema, version=1), NodeInfoSchemaV1(name=net.corda.node.internal.schemas.NodeInfoSchema, version=1), NodeCoreV1(name=net.corda.node.services.schema.NodeSchemaService$NodeCore, version=1)]
[INFO ] 2020-03-09T18:59:18,012Z [main] network.NetworkMapUpdater. - Auto-accept enabled for network parameter changes which modify only: [epoch, modifiedTime, packageOwnership, whitelistedContractImplementations]
[INFO ] 2020-03-09T18:59:18,046Z [main] security.RPCSecurityManagerImpl. - Constructing realm from list of users in config [User(user1, permissions=[ALL])]
[INFO ] 2020-03-09T18:59:18,052Z [RxIoScheduler-2] network.PersistentNetworkMapCache. - Adding node with info: NodeInfo(addresses=[localhost:10002], legalIdentitiesAndCerts=[O=Notary, L=London, C=GB], platformVersion=5, serial=1583420531233)
[INFO ] 2020-03-09T18:59:18,087Z [RxIoScheduler-2] network.PersistentNetworkMapCache. - Previous node was identical to incoming one - doing nothing
[INFO ] 2020-03-09T18:59:18,092Z [RxIoScheduler-2] network.PersistentNetworkMapCache. - Adding node with info: NodeInfo(addresses=[localhost:10008], legalIdentitiesAndCerts=[O=PartyB, L=New York, C=US], platformVersion=5, serial=1583420525118)
[INFO ] 2020-03-09T18:59:18,121Z [RxIoScheduler-2] network.PersistentNetworkMapCache. - Previous node was identical to incoming one - doing nothing
[INFO ] 2020-03-09T18:59:18,123Z [RxIoScheduler-2] network.PersistentNetworkMapCache. - Adding node with info: NodeInfo(addresses=[localhost:10005], legalIdentitiesAndCerts=[O=PartyA, L=London, C=GB], platformVersion=5, serial=1583420530759)
[INFO ] 2020-03-09T18:59:18,132Z [RxIoScheduler-2] network.PersistentNetworkMapCache. - Previous node was identical to incoming one - doing nothing
[INFO ] 2020-03-09T18:59:18,434Z [main] BasicInfo. - Advertised P2P messaging addresses      : localhost:10005
[INFO ] 2020-03-09T18:59:18,443Z [main] BasicInfo. - RPC connection address                  : localhost:10006
[INFO ] 2020-03-09T18:59:18,447Z [main] BasicInfo. - RPC admin connection address            : localhost:10046
[INFO ] 2020-03-09T18:59:19,862Z [main] messaging.ArtemisMessagingServer. - P2P messaging server listening on 0.0.0.0:10005
[INFO ] 2020-03-09T18:59:20,282Z [main] internal.ArtemisMessagingClient. - Connecting to message broker: localhost:10005
[INFO ] 2020-03-09T18:59:20,788Z [main] internal.ArtemisMessagingClient. - Connecting to message broker: localhost:10005
[INFO ] 2020-03-09T18:59:20,936Z [main] messaging.P2PMessagingClient. - Connecting to message broker: localhost:10005
[INFO ] 2020-03-09T18:59:21,100Z [Thread-3 (ActiveMQ-client-global-threads)] bridging.BridgeControlListener. - Received bridge control message NodeToBridgeSnapshot(nodeIdentity=O=PartyA, L=London, C=GB, inboxQueues=[p2p.inbound.DLDacbHgfEsJu4shQmNBuYce4BhEmERFuF4TMXB9ea5KUj], sendQueues=[])
[WARN ] 2020-03-09T18:59:21,130Z [main] utilities.AppendOnlyPersistentMapBase. - Double insert in net.corda.node.utilities.AppendOnlyPersistentMap for entity class class net.corda.node.internal.DBNetworkParametersStorage$PersistentNetworkParameters key 0312F9ED30F62318539D735E82053B448595F73FDB5463B453AC866622D8C7CD, not inserting the second time
[INFO ] 2020-03-09T18:59:21,205Z [main] ClassloaderUtils. - Contracts loading for '/var/folders/df/3lcfhs9j0r7g0_1sz_7f35zm0000gn/T/attachment5334153147471804243.jar' took 22 msec
[INFO ] 2020-03-09T18:59:21,663Z [main] statemachine.SingleThreadedStateMachineManager. - Node ready, info: NodeInfo(addresses=[localhost:10005], legalIdentitiesAndCerts=[O=PartyA, L=London, C=GB], platformVersion=5, serial=1583420530759)
[INFO ] 2020-03-09T18:59:21,701Z [Node thread-1] internal.Node. - Registering JMX reporter:
[INFO ] 2020-03-09T18:59:21,701Z [Node thread-1] internal.Node. - Registering Jolokia JMX reporter:
[INFO ] 2020-03-09T18:59:21,721Z [main] BasicInfo. - Loaded 2 CorDapp(s)                     : Contract CorDapp: Template CorDapp version 1 by vendor Corda Open Source with licence Apache License, Version 2.0, Workflow CorDapp: Template Flows version 1 by vendor Corda Open Source with licence Apache License, Version 2.0
[INFO ] 2020-03-09T18:59:21,726Z [main] BasicInfo. - Node for "PartyA" started up and registered in 17.12 sec
[INFO ] 2020-03-09T18:59:21,900Z [main] rpc.RPCServer. - Starting RPC server with configuration RPCServerConfiguration(rpcThreadPoolSize=4, reapInterval=PT1S, deduplicationCacheExpiry=PT24H)
[INFO ] 2020-03-09T19:00:50,022Z [pool-8-thread-1] shell.StartShellCommand. - Executing command "start IOUFlow iouValue: 99, otherParty: "O=PartyB,L=New York,C=US"",
[INFO ] 2020-03-09T19:00:50,270Z [pool-8-thread-1] internal.RPCClient. - Startup took 206 msec
[INFO ] 2020-03-09T19:00:54,216Z [Node thread-1] messaging.P2PMessagingClient. - Start bridge for previously empty queue internal.peers.DL4anE3LxeFxmyC3wenDB6fcUAuRGcM8Yo72Vif9YMfzFk {actor_id=internalShell, actor_owning_identity=O=PartyA, L=London, C=GB, actor_store_id=NODE_CONFIG, fiber-id=10000001, flow-id=421d672d-46ba-42f9-b072-db2578d105f6, invocation_id=871becb7-b3f8-43b1-b5ca-cf89037e58a7, invocation_timestamp=2020-03-09T19:00:50.544Z, origin=internalShell, session_id=bc8d0b0c-8128-4c89-b528-dbbc74a649e9, session_timestamp=2020-03-09T19:00:50.090Z, thread-id=122}
[INFO ] 2020-03-09T19:00:54,237Z [Thread-22 (ActiveMQ-client-global-threads)] bridging.BridgeControlListener. - Received bridge control message Create(nodeIdentity=O=PartyA, L=London, C=GB, bridgeInfo=BridgeEntry(queueName=internal.peers.DL4anE3LxeFxmyC3wenDB6fcUAuRGcM8Yo72Vif9YMfzFk, targets=[localhost:10008], legalNames=[O=PartyB, L=New York, C=US]))
[INFO ] 2020-03-09T19:00:54,261Z [Thread-22 (ActiveMQ-client-global-threads)] bridging.AMQPBridgeManager$AMQPBridge. - Create new AMQP bridge {legalNames=O=PartyB, L=New York, C=US, maxMessageSize=10485760, queueName=internal.peers.DL4anE3LxeFxmyC3wenDB6fcUAuRGcM8Yo72Vif9YMfzFk, targets=localhost:10008}
[INFO ] 2020-03-09T19:00:54,262Z [Thread-22 (ActiveMQ-client-global-threads)] netty.AMQPClient. - connect to: localhost:10008
[INFO ] 2020-03-09T19:00:54,362Z [nioEventLoopGroup-2-1] netty.AMQPClient. - Connected to localhost:10008
[INFO ] 2020-03-09T19:00:54,367Z [nioEventLoopGroup-2-1] netty.AMQPChannelHandler. - New client connection e8dd9926 from localhost/127.0.0.1:10008 to /127.0.0.1:56949 {allowedRemoteLegalNames=O=PartyB, L=New York, C=US, localCert=null, remoteAddress=localhost/127.0.0.1:10008, remoteCert=null, serverMode=false}
[INFO ] 2020-03-09T19:00:54,434Z [nioEventLoopGroup-2-1] netty.LoggingTrustManagerWrapper. - Check Server Certpath:
  C=US,L=New York,O=PartyB[1708E7D9CC91226993C5550DE046AD88BD48B7CB] issued by C=US,L=New York,O=PartyB[77F7426B554346E032C71755A3EF14D1E8D2A848]
  C=US,L=New York,O=PartyB[77F7426B554346E032C71755A3EF14D1E8D2A848] issued by C=US,L=New York,OU=Corda,O=R3 HoldCo LLC,CN=Corda Doorman CA[EBEE2E30152940AE19981ED86FE37D7F07A2C213]
  C=US,L=New York,OU=Corda,O=R3 HoldCo LLC,CN=Corda Doorman CA[EBEE2E30152940AE19981ED86FE37D7F07A2C213] issued by CN=Corda Node Root CA,O=R3,OU=corda,L=London,C=UK[7CAEA9DFB948012B13890B9AE645851C39170773]
  CN=Corda Node Root CA,O=R3,OU=corda,L=London,C=UK[7CAEA9DFB948012B13890B9AE645851C39170773] issued by CN=Corda Node Root CA,O=R3,OU=corda,L=London,C=UK[null]
[INFO ] 2020-03-09T19:00:54,487Z [nioEventLoopGroup-2-1] netty.AMQPChannelHandler. - Handshake completed with subject: O=PartyB, L=New York, C=US {allowedRemoteLegalNames=O=PartyB, L=New York, C=US, localCert=O=PartyA, L=London, C=GB, remoteAddress=localhost/127.0.0.1:10008, remoteCert=O=PartyB, L=New York, C=US, serverMode=false}
[INFO ] 2020-03-09T19:00:54,554Z [nioEventLoopGroup-2-1] bridging.AMQPBridgeManager$AMQPBridge. - Bridge Connected {legalNames=O=PartyB, L=New York, C=US, maxMessageSize=10485760, queueName=internal.peers.DL4anE3LxeFxmyC3wenDB6fcUAuRGcM8Yo72Vif9YMfzFk, targets=localhost:10008}
[INFO ] 2020-03-09T19:00:54,570Z [nioEventLoopGroup-2-1] engine.ConnectionStateMachine. - Connection local open org.apache.qpid.proton.engine.impl.ConnectionImpl@72810f95 {localLegalName=O=PartyA, L=London, C=GB, remoteLegalName=O=PartyB, L=New York, C=US, serverMode=false}
[INFO ] 2020-03-09T19:00:59,227Z [Node thread-1] corda.flow. - No need to notarise this transaction. {actor_id=internalShell, actor_owning_identity=O=PartyA, L=London, C=GB, actor_store_id=NODE_CONFIG, fiber-id=10000001, flow-id=421d672d-46ba-42f9-b072-db2578d105f6, invocation_id=871becb7-b3f8-43b1-b5ca-cf89037e58a7, invocation_timestamp=2020-03-09T19:00:50.544Z, origin=internalShell, session_id=bc8d0b0c-8128-4c89-b528-dbbc74a649e9, session_timestamp=2020-03-09T19:00:50.090Z, thread-id=122, tx_id=09B552E3B953E96E8CF6F4CD9031E321851CC5DD4495930BA2ACDD73C4FC24A9}
[INFO ] 2020-03-09T19:00:59,227Z [Node thread-1] corda.flow. - Recording transaction locally. {actor_id=internalShell, actor_owning_identity=O=PartyA, L=London, C=GB, actor_store_id=NODE_CONFIG, fiber-id=10000001, flow-id=421d672d-46ba-42f9-b072-db2578d105f6, invocation_id=871becb7-b3f8-43b1-b5ca-cf89037e58a7, invocation_timestamp=2020-03-09T19:00:50.544Z, origin=internalShell, session_id=bc8d0b0c-8128-4c89-b528-dbbc74a649e9, session_timestamp=2020-03-09T19:00:50.090Z, thread-id=122, tx_id=09B552E3B953E96E8CF6F4CD9031E321851CC5DD4495930BA2ACDD73C4FC24A9}
[INFO ] 2020-03-09T19:00:59,404Z [Node thread-1] corda.flow. - Recorded transaction locally successfully. {actor_id=internalShell, actor_owning_identity=O=PartyA, L=London, C=GB, actor_store_id=NODE_CONFIG, fiber-id=10000001, flow-id=421d672d-46ba-42f9-b072-db2578d105f6, invocation_id=871becb7-b3f8-43b1-b5ca-cf89037e58a7, invocation_timestamp=2020-03-09T19:00:50.544Z, origin=internalShell, session_id=bc8d0b0c-8128-4c89-b528-dbbc74a649e9, session_timestamp=2020-03-09T19:00:50.090Z, thread-id=122, tx_id=09B552E3B953E96E8CF6F4CD9031E321851CC5DD4495930BA2ACDD73C4FC24A9}
[INFO ] 2020-03-09T19:00:59,710Z [Node thread-1] corda.flow. - Party O=PartyB, L=New York, C=US received the transaction. {actor_id=internalShell, actor_owning_identity=O=PartyA, L=London, C=GB, actor_store_id=NODE_CONFIG, fiber-id=10000001, flow-id=421d672d-46ba-42f9-b072-db2578d105f6, invocation_id=871becb7-b3f8-43b1-b5ca-cf89037e58a7, invocation_timestamp=2020-03-09T19:00:50.544Z, origin=internalShell, session_id=bc8d0b0c-8128-4c89-b528-dbbc74a649e9, session_timestamp=2020-03-09T19:00:50.090Z, thread-id=122, tx_id=09B552E3B953E96E8CF6F4CD9031E321851CC5DD4495930BA2ACDD73C4FC24A9}
[INFO ] 2020-03-09T19:00:59,711Z [Node thread-1] corda.flow. - All parties received the transaction successfully. {actor_id=internalShell, actor_owning_identity=O=PartyA, L=London, C=GB, actor_store_id=NODE_CONFIG, fiber-id=10000001, flow-id=421d672d-46ba-42f9-b072-db2578d105f6, invocation_id=871becb7-b3f8-43b1-b5ca-cf89037e58a7, invocation_timestamp=2020-03-09T19:00:50.544Z, origin=internalShell, session_id=bc8d0b0c-8128-4c89-b528-dbbc74a649e9, session_timestamp=2020-03-09T19:00:50.090Z, thread-id=122, tx_id=09B552E3B953E96E8CF6F4CD9031E321851CC5DD4495930BA2ACDD73C4FC24A9}
[INFO ] 2020-03-09T19:08:42,259Z [pool-8-thread-2] shell.StartShellCommand. - Executing command "start IOUFlow iouValue: 10, otherParty: "O=PartyB,L=New York,C=US"",
[INFO ] 2020-03-09T19:08:43,006Z [Node thread-1] corda.flow. - No need to notarise this transaction. {actor_id=internalShell, actor_owning_identity=O=PartyA, L=London, C=GB, actor_store_id=NODE_CONFIG, fiber-id=10000002, flow-id=c89028ea-18d6-4d13-ae98-26daa5800971, invocation_id=a2cdee5e-265d-4865-a140-cd4f313031fb, invocation_timestamp=2020-03-09T19:08:42.430Z, origin=internalShell, session_id=bc8d0b0c-8128-4c89-b528-dbbc74a649e9, session_timestamp=2020-03-09T19:00:50.090Z, thread-id=122, tx_id=F4E0816F9431C445574F33E4F0E06F574B7F5C795036981CC0515C4601F33E8E}
[INFO ] 2020-03-09T19:08:43,006Z [Node thread-1] corda.flow. - Recording transaction locally. {actor_id=internalShell, actor_owning_identity=O=PartyA, L=London, C=GB, actor_store_id=NODE_CONFIG, fiber-id=10000002, flow-id=c89028ea-18d6-4d13-ae98-26daa5800971, invocation_id=a2cdee5e-265d-4865-a140-cd4f313031fb, invocation_timestamp=2020-03-09T19:08:42.430Z, origin=internalShell, session_id=bc8d0b0c-8128-4c89-b528-dbbc74a649e9, session_timestamp=2020-03-09T19:00:50.090Z, thread-id=122, tx_id=F4E0816F9431C445574F33E4F0E06F574B7F5C795036981CC0515C4601F33E8E}
[INFO ] 2020-03-09T19:08:43,028Z [Node thread-1] corda.flow. - Recorded transaction locally successfully. {actor_id=internalShell, actor_owning_identity=O=PartyA, L=London, C=GB, actor_store_id=NODE_CONFIG, fiber-id=10000002, flow-id=c89028ea-18d6-4d13-ae98-26daa5800971, invocation_id=a2cdee5e-265d-4865-a140-cd4f313031fb, invocation_timestamp=2020-03-09T19:08:42.430Z, origin=internalShell, session_id=bc8d0b0c-8128-4c89-b528-dbbc74a649e9, session_timestamp=2020-03-09T19:00:50.090Z, thread-id=122, tx_id=F4E0816F9431C445574F33E4F0E06F574B7F5C795036981CC0515C4601F33E8E}
[INFO ] 2020-03-09T19:08:43,155Z [Node thread-1] corda.flow. - Party O=PartyB, L=New York, C=US received the transaction. {actor_id=internalShell, actor_owning_identity=O=PartyA, L=London, C=GB, actor_store_id=NODE_CONFIG, fiber-id=10000002, flow-id=c89028ea-18d6-4d13-ae98-26daa5800971, invocation_id=a2cdee5e-265d-4865-a140-cd4f313031fb, invocation_timestamp=2020-03-09T19:08:42.430Z, origin=internalShell, session_id=bc8d0b0c-8128-4c89-b528-dbbc74a649e9, session_timestamp=2020-03-09T19:00:50.090Z, thread-id=122, tx_id=F4E0816F9431C445574F33E4F0E06F574B7F5C795036981CC0515C4601F33E8E}
[INFO ] 2020-03-09T19:08:43,155Z [Node thread-1] corda.flow. - All parties received the transaction successfully. {actor_id=internalShell, actor_owning_identity=O=PartyA, L=London, C=GB, actor_store_id=NODE_CONFIG, fiber-id=10000002, flow-id=c89028ea-18d6-4d13-ae98-26daa5800971, invocation_id=a2cdee5e-265d-4865-a140-cd4f313031fb, invocation_timestamp=2020-03-09T19:08:42.430Z, origin=internalShell, session_id=bc8d0b0c-8128-4c89-b528-dbbc74a649e9, session_timestamp=2020-03-09T19:00:50.090Z, thread-id=122, tx_id=F4E0816F9431C445574F33E4F0E06F574B7F5C795036981CC0515C4601F33E8E}
[WARN ] 2020-03-09T20:25:26,325Z [Thread-106 (ActiveMQ-server-org.apache.activemq.artemis.core.server.impl.ActiveMQServerImpl$5@1c7aa676)] core.client. - AMQ212037: Connection failure has been detected: AMQ119014: Did not receive data from /127.0.0.1:56933 within the 60,000ms connection TTL. The connection will now be closed. [code=CONNECTION_TIMEDOUT]
[WARN ] 2020-03-09T20:25:26,325Z [Thread-201 (ActiveMQ-server-org.apache.activemq.artemis.core.server.impl.ActiveMQServerImpl$5@33e69162)] core.client. - AMQ212037: Connection failure has been detected: AMQ119014: Did not receive data from /127.0.0.1:56930 within the 60,000ms connection TTL. The connection will now be closed. [code=CONNECTION_TIMEDOUT]
[INFO ] 2020-03-09T20:25:35,737Z [nioEventLoopGroup-2-1] netty.AMQPClient. - Disconnected from localhost:10008
[INFO ] 2020-03-09T20:25:35,741Z [nioEventLoopGroup-2-1] netty.AMQPChannelHandler. - Closed client connection e8dd9926 from localhost/127.0.0.1:10008 to /127.0.0.1:56949 {allowedRemoteLegalNames=O=PartyB, L=New York, C=US, localCert=O=PartyA, L=London, C=GB, remoteAddress=localhost/127.0.0.1:10008, remoteCert=O=PartyB, L=New York, C=US, serverMode=false}
[INFO ] 2020-03-09T20:25:35,742Z [nioEventLoopGroup-2-1] bridging.AMQPBridgeManager$AMQPBridge. - Bridge Disconnected {legalNames=O=PartyB, L=New York, C=US, maxMessageSize=10485760, queueName=internal.peers.DL4anE3LxeFxmyC3wenDB6fcUAuRGcM8Yo72Vif9YMfzFk, targets=localhost:10008}
[INFO ] 2020-03-09T20:25:36,031Z [nioEventLoopGroup-2-1] engine.ConnectionStateMachine. - Connection local close org.apache.qpid.proton.engine.impl.ConnectionImpl@72810f95 {localLegalName=O=PartyA, L=London, C=GB, remoteLegalName=O=PartyB, L=New York, C=US, serverMode=false}
[INFO ] 2020-03-09T20:25:36,381Z [nioEventLoopGroup-2-1] engine.ConnectionStateMachine. - Transport Error TransportImpl [_connectionEndpoint=org.apache.qpid.proton.engine.impl.ConnectionImpl@72810f95, org.apache.qpid.proton.engine.impl.TransportImpl@1137e6e2] {localLegalName=O=PartyA, L=London, C=GB, remoteLegalName=O=PartyB, L=New York, C=US, serverMode=false}
[INFO ] 2020-03-09T20:25:36,381Z [nioEventLoopGroup-2-1] engine.ConnectionStateMachine. - Error: connection aborted {localLegalName=O=PartyA, L=London, C=GB, remoteLegalName=O=PartyB, L=New York, C=US, serverMode=false}
[ERROR] 2020-03-09T20:25:36,381Z [Thread-14] errorAndTerminate. - ArtemisMessagingClient failed. Shutting down.
[INFO ] 2020-03-09T20:25:36,742Z [nioEventLoopGroup-2-2] netty.AMQPClient. - Retry connect to localhost:10008
[INFO ] 2020-03-09T20:25:37,237Z [nioEventLoopGroup-2-3] netty.AMQPClient. - Connected to localhost:10008
[INFO ] 2020-03-09T20:25:37,240Z [nioEventLoopGroup-2-3] netty.AMQPChannelHandler. - New client connection f3a6efbf from localhost/127.0.0.1:10008 to /127.0.0.1:60521 {allowedRemoteLegalNames=O=PartyB, L=New York, C=US, localCert=null, remoteAddress=localhost/127.0.0.1:10008, remoteCert=null, serverMode=false}
[WARN ] 2020-03-09T20:25:37,419Z [Thread-201 (ActiveMQ-server-org.apache.activemq.artemis.core.server.impl.ActiveMQServerImpl$5@33e69162)] core.client. - AMQ212037: Connection failure has been detected: AMQ119014: Did not receive data from /127.0.0.1:56931 within the 60,000ms connection TTL. The connection will now be closed. [code=CONNECTION_TIMEDOUT]
[INFO ] 2020-03-09T20:25:38,585Z [nioEventLoopGroup-2-3] netty.LoggingTrustManagerWrapper. - Check Server Certpath:
  C=US,L=New York,O=PartyB[1708E7D9CC91226993C5550DE046AD88BD48B7CB] issued by C=US,L=New York,O=PartyB[77F7426B554346E032C71755A3EF14D1E8D2A848]
  C=US,L=New York,O=PartyB[77F7426B554346E032C71755A3EF14D1E8D2A848] issued by C=US,L=New York,OU=Corda,O=R3 HoldCo LLC,CN=Corda Doorman CA[EBEE2E30152940AE19981ED86FE37D7F07A2C213]
  C=US,L=New York,OU=Corda,O=R3 HoldCo LLC,CN=Corda Doorman CA[EBEE2E30152940AE19981ED86FE37D7F07A2C213] issued by CN=Corda Node Root CA,O=R3,OU=corda,L=London,C=UK[7CAEA9DFB948012B13890B9AE645851C39170773]
  CN=Corda Node Root CA,O=R3,OU=corda,L=London,C=UK[7CAEA9DFB948012B13890B9AE645851C39170773] issued by CN=Corda Node Root CA,O=R3,OU=corda,L=London,C=UK[null]
[INFO ] 2020-03-09T20:25:39,895Z [nioEventLoopGroup-2-3] netty.AMQPChannelHandler. - Handshake completed with subject: O=PartyB, L=New York, C=US {allowedRemoteLegalNames=O=PartyB, L=New York, C=US, localCert=O=PartyA, L=London, C=GB, remoteAddress=localhost/127.0.0.1:10008, remoteCert=O=PartyB, L=New York, C=US, serverMode=false}
[INFO ] 2020-03-09T20:25:39,902Z [nioEventLoopGroup-2-3] bridging.AMQPBridgeManager$AMQPBridge. - Bridge Connected {legalNames=O=PartyB, L=New York, C=US, maxMessageSize=10485760, queueName=internal.peers.DL4anE3LxeFxmyC3wenDB6fcUAuRGcM8Yo72Vif9YMfzFk, targets=localhost:10008}
[INFO ] 2020-03-09T20:25:39,923Z [nioEventLoopGroup-2-3] engine.ConnectionStateMachine. - Connection local open org.apache.qpid.proton.engine.impl.ConnectionImpl@3dc9d9f1 {localLegalName=O=PartyA, L=London, C=GB, remoteLegalName=O=PartyB, L=New York, C=US, serverMode=false}
[WARN ] 2020-03-09T20:25:40,784Z [HikariPool-1 housekeeper] pool.HikariPool. - HikariPool-1 - Thread starvation or clock leap detected (housekeeper delta=16m58s503ms).
[WARN ] 2020-03-09T20:25:44,920Z [nioEventLoopGroup-2-3] netty.AMQPChannelHandler. - Closing channel due to nonrecoverable exception Connection reset by peer {allowedRemoteLegalNames=O=PartyB, L=New York, C=US, localCert=O=PartyA, L=London, C=GB, remoteAddress=localhost/127.0.0.1:10008, remoteCert=O=PartyB, L=New York, C=US, serverMode=false}
[INFO ] 2020-03-09T20:25:44,922Z [nioEventLoopGroup-2-3] netty.AMQPClient. - Disconnected from localhost:10008
[INFO ] 2020-03-09T20:25:44,924Z [nioEventLoopGroup-2-3] netty.AMQPChannelHandler. - Closed client connection f3a6efbf from localhost/127.0.0.1:10008 to /127.0.0.1:60521 {allowedRemoteLegalNames=O=PartyB, L=New York, C=US, localCert=O=PartyA, L=London, C=GB, remoteAddress=localhost/127.0.0.1:10008, remoteCert=O=PartyB, L=New York, C=US, serverMode=false}
[INFO ] 2020-03-09T20:25:44,924Z [nioEventLoopGroup-2-3] bridging.AMQPBridgeManager$AMQPBridge. - Bridge Disconnected {legalNames=O=PartyB, L=New York, C=US, maxMessageSize=10485760, queueName=internal.peers.DL4anE3LxeFxmyC3wenDB6fcUAuRGcM8Yo72Vif9YMfzFk, targets=localhost:10008}
[INFO ] 2020-03-09T20:25:44,929Z [nioEventLoopGroup-2-3] engine.ConnectionStateMachine. - Connection local close org.apache.qpid.proton.engine.impl.ConnectionImpl@3dc9d9f1 {localLegalName=O=PartyA, L=London, C=GB, remoteLegalName=O=PartyB, L=New York, C=US, serverMode=false}
[INFO ] 2020-03-09T20:25:45,921Z [nioEventLoopGroup-2-4] netty.AMQPClient. - Retry connect to localhost:10008
[INFO ] 2020-03-09T20:25:46,055Z [nioEventLoopGroup-2-5] netty.AMQPClient. - Failed to connect to localhost:10008
